    {
        "_index": "winlogbeat",
        "_score": 1.0,
        "_source": {
            "meta": {},
            "winlog": {
                "@xmlns": "http://schemas.microsoft.com/win/2004/08/events/event",
                "System": {
                    "Channel": "Microsoft-Windows-Sysmon/Operational",
                    "Computer": "pc-niubbo.noobville.net",
                    "Correlation": {
                        "@ActivityID": "",
                        "@RelatedActivityID": ""
                    },
                    "EventID": {
                        "#text": "1",
                        "@Qualifiers": ""
                    },
                    "EventRecordID": "331135",
                    "Execution": {
                        "@ProcessID": "3268",
                        "@ThreadID": "4464"
                    },
                    "Keywords": "0x8000000000000000",
                    "Level": "4",
                    "Opcode": "0",
                    "Provider": {
                        "@Guid": "{5770385f-c22a-43e0-bf4c-06f5698ffbd9}",
                        "@Name": "Microsoft-Windows-Sysmon"
                    },
                    "Security": {
                        "@UserID": "S-1-5-18"
                    },
                    "Task": "1",
                    "Version": "5"
                },
                "event_data": {
                    "CommandLine": "C:\\WINDOWS\\system32\\net1  user",
                    "Company": "Microsoft Corporation",
                    "CurrentDirectory": "C:\\Users\\Niubbo\\Desktop\\",
                    "Description": "Net Command",
                    "FileVersion": "10.0.18362.1 (WinBuild.160101.0800)",
                    "Hashes": "MD5=0F641F87A791AE07C00A725BBBD77724,SHA256=286E7F127B06386BD1CC9664851848F483A867F0F604AA352893151068715FAA",
                    "Image": "C:\\Windows\\System32\\net1.exe",
                    "IntegrityLevel": "Medium",
                    "LogonGuid": "{b9db5ea0-7df1-5ecb-0000-002061ac0d00}",
                    "LogonId": "0x00000000000dac61",
                    "OriginalFileName": "net1.exe",
                    "ParentCommandLine": "net  user",
                    "ParentImage": "C:\\Windows\\System32\\net.exe",
                    "ParentProcessGuid": "{b9db5ea0-3a12-5ed1-0000-0010f3749c0c}",
                    "ParentProcessId": "4228",
                    "ProcessGuid": "{b9db5ea0-3a12-5ed1-0000-0010e9759c0c}",
                    "ProcessId": "800",
                    "Product": "Microsoft\u00ae Windows\u00ae Operating System",
                    "RuleName": "None",
                    "TerminalSessionId": "2",
                    "User": "PC-NIUBBO\\Niubbo",
                    "UtcTime": "2020-05-29 16:36:34.144"
                },
                "time_created": "2020-05-29T16:36:34.147888"
            }
        },
        "_type": "_doc"
    },
    {
        "_index": "winlogbeat",
        "_score": 1.0,
        "_source": {
            "meta": {},
            "winlog": {
                "@xmlns": "http://schemas.microsoft.com/win/2004/08/events/event",
                "System": {
                    "Channel": "Microsoft-Windows-Sysmon/Operational",
                    "Computer": "pc-niubbo.noobville.net",
                    "Correlation": {
                        "@ActivityID": "",
                        "@RelatedActivityID": ""
                    },
                    "EventID": {
                        "#text": "10",
                        "@Qualifiers": ""
                    },
                    "EventRecordID": "331136",
                    "Execution": {
                        "@ProcessID": "3268",
                        "@ThreadID": "4464"
                    },
                    "Keywords": "0x8000000000000000",
                    "Level": "4",
                    "Opcode": "0",
                    "Provider": {
                        "@Guid": "{5770385f-c22a-43e0-bf4c-06f5698ffbd9}",
                        "@Name": "Microsoft-Windows-Sysmon"
                    },
                    "Security": {
                        "@UserID": "S-1-5-18"
                    },
                    "Task": "10",
                    "Version": "3"
                },
                "event_data": {
                    "CallTrace": "C:\\WINDOWS\\SYSTEM32\\ntdll.dll+9c534|C:\\WINDOWS\\System32\\KERNELBASE.dll+2726e|C:\\WINDOWS\\system32\\wbem\\cimwin32.dll+f46e|C:\\WINDOWS\\system32\\wbem\\cimwin32.dll+faf5|C:\\WINDOWS\\SYSTEM32\\framedynos.dll+55a2|C:\\WINDOWS\\SYSTEM32\\framedynos.dll+6d2d|C:\\WINDOWS\\system32\\wbem\\wmiprvse.exe+8ad1|C:\\WINDOWS\\system32\\wbem\\wmiprvse.exe+8753|C:\\WINDOWS\\System32\\RPCRT4.dll+76953|C:\\WINDOWS\\System32\\RPCRT4.dll+1364b|C:\\WINDOWS\\System32\\combase.dll+a2c02|C:\\WINDOWS\\System32\\RPCRT4.dll+59a7b|C:\\WINDOWS\\System32\\combase.dll+2f163|C:\\WINDOWS\\System32\\combase.dll+2ef53|C:\\WINDOWS\\System32\\combase.dll+a5796|C:\\WINDOWS\\System32\\combase.dll+4884a|C:\\WINDOWS\\System32\\combase.dll+a16bd|C:\\WINDOWS\\System32\\combase.dll+5719c|C:\\WINDOWS\\System32\\combase.dll+57a01|C:\\WINDOWS\\System32\\combase.dll+591a8|C:\\WINDOWS\\System32\\RPCRT4.dll+548c8|C:\\WINDOWS\\System32\\RPCRT4.dll+2c921|C:\\WINDOWS\\System32\\RPCRT4.dll+2c470|C:\\WINDOWS\\System32\\RPCRT4.dll+1a6bf",
                    "GrantedAccess": "0x00001410",
                    "RuleName": "None",
                    "SourceImage": "C:\\WINDOWS\\system32\\wbem\\wmiprvse.exe",
                    "SourceProcessGUID": "{b9db5ea0-7d25-5ecb-0000-001069410400}",
                    "SourceProcessId": "1152",
                    "SourceThreadId": "11192",
                    "TargetImage": "C:\\WINDOWS\\system32\\lsass.exe",
                    "TargetProcessGUID": "{b9db5ea0-7caf-5ecb-0000-0010ae9f0000}",
                    "TargetProcessId": "692",
                    "UtcTime": "2020-05-29 16:36:34.833"
                },
                "time_created": "2020-05-29T16:36:34.848726"
            }
        },
        "_type": "_doc"
    },
    {
        "_index": "winlogbeat",
        "_score": 1.0,
        "_source": {
            "meta": {},
            "winlog": {
                "@xmlns": "http://schemas.microsoft.com/win/2004/08/events/event",
                "System": {
                    "Channel": "Microsoft-Windows-Sysmon/Operational",
                    "Computer": "pc-niubbo.noobville.net",
                    "Correlation": {
                        "@ActivityID": "",
                        "@RelatedActivityID": ""
                    },
                    "EventID": {
                        "#text": "10",
                        "@Qualifiers": ""
                    },
                    "EventRecordID": "331137",
                    "Execution": {
                        "@ProcessID": "3268",
                        "@ThreadID": "4464"
                    },
                    "Keywords": "0x8000000000000000",
                    "Level": "4",
                    "Opcode": "0",
                    "Provider": {
                        "@Guid": "{5770385f-c22a-43e0-bf4c-06f5698ffbd9}",
                        "@Name": "Microsoft-Windows-Sysmon"
                    },
                    "Security": {
                        "@UserID": "S-1-5-18"
                    },
                    "Task": "10",
                    "Version": "3"
                },
                "event_data": {
                    "CallTrace": "C:\\WINDOWS\\SYSTEM32\\ntdll.dll+9c534|C:\\WINDOWS\\System32\\KERNELBASE.dll+2726e|C:\\WINDOWS\\system32\\wbem\\cimwin32.dll+f46e|C:\\WINDOWS\\system32\\wbem\\cimwin32.dll+faf5|C:\\WINDOWS\\SYSTEM32\\framedynos.dll+55a2|C:\\WINDOWS\\SYSTEM32\\framedynos.dll+6d2d|C:\\WINDOWS\\system32\\wbem\\wmiprvse.exe+8ad1|C:\\WINDOWS\\system32\\wbem\\wmiprvse.exe+8753|C:\\WINDOWS\\System32\\RPCRT4.dll+76953|C:\\WINDOWS\\System32\\RPCRT4.dll+1364b|C:\\WINDOWS\\System32\\combase.dll+a2c02|C:\\WINDOWS\\System32\\RPCRT4.dll+59a7b|C:\\WINDOWS\\System32\\combase.dll+2f163|C:\\WINDOWS\\System32\\combase.dll+2ef53|C:\\WINDOWS\\System32\\combase.dll+a5796|C:\\WINDOWS\\System32\\combase.dll+4884a|C:\\WINDOWS\\System32\\combase.dll+a16bd|C:\\WINDOWS\\System32\\combase.dll+5719c|C:\\WINDOWS\\System32\\combase.dll+57a01|C:\\WINDOWS\\System32\\combase.dll+591a8|C:\\WINDOWS\\System32\\RPCRT4.dll+548c8|C:\\WINDOWS\\System32\\RPCRT4.dll+2c921|C:\\WINDOWS\\System32\\RPCRT4.dll+2c470|C:\\WINDOWS\\System32\\RPCRT4.dll+1a6bf",
                    "GrantedAccess": "0x00001410",
                    "RuleName": "None",
                    "SourceImage": "C:\\WINDOWS\\system32\\wbem\\wmiprvse.exe",
                    "SourceProcessGUID": "{b9db5ea0-7d25-5ecb-0000-001069410400}",
                    "SourceProcessId": "1152",
                    "SourceThreadId": "11192",
                    "TargetImage": "C:\\WINDOWS\\system32\\lsass.exe",
                    "TargetProcessGUID": "{b9db5ea0-7caf-5ecb-0000-0010ae9f0000}",
                    "TargetProcessId": "692",
                    "UtcTime": "2020-05-29 16:36:34.895"
                },
                "time_created": "2020-05-29T16:36:34.900015"
            }
        },
        "_type": "_doc"
    },
    {
        "_index": "winlogbeat",
        "_score": 1.0,
        "_source": {
            "meta": {},
            "winlog": {
                "@xmlns": "http://schemas.microsoft.com/win/2004/08/events/event",
                "System": {
                    "Channel": "Microsoft-Windows-Sysmon/Operational",
                    "Computer": "pc-niubbo.noobville.net",
                    "Correlation": {
                        "@ActivityID": "",
                        "@RelatedActivityID": ""
                    },
                    "EventID": {
                        "#text": "10",
                        "@Qualifiers": ""
                    },
                    "EventRecordID": "331138",
                    "Execution": {
                        "@ProcessID": "3268",
                        "@ThreadID": "4464"
                    },
                    "Keywords": "0x8000000000000000",
                    "Level": "4",
                    "Opcode": "0",
                    "Provider": {
                        "@Guid": "{5770385f-c22a-43e0-bf4c-06f5698ffbd9}",
                        "@Name": "Microsoft-Windows-Sysmon"
                    },
                    "Security": {
                        "@UserID": "S-1-5-18"
                    },
                    "Task": "10",
                    "Version": "3"
                },
                "event_data": {
                    "CallTrace": "C:\\WINDOWS\\SYSTEM32\\ntdll.dll+9c534|C:\\WINDOWS\\System32\\KERNELBASE.dll+2726e|C:\\WINDOWS\\system32\\wbem\\cimwin32.dll+f46e|C:\\WINDOWS\\system32\\wbem\\cimwin32.dll+faf5|C:\\WINDOWS\\SYSTEM32\\framedynos.dll+55a2|C:\\WINDOWS\\SYSTEM32\\framedynos.dll+6d2d|C:\\WINDOWS\\system32\\wbem\\wmiprvse.exe+8ad1|C:\\WINDOWS\\system32\\wbem\\wmiprvse.exe+8753|C:\\WINDOWS\\System32\\RPCRT4.dll+76953|C:\\WINDOWS\\System32\\RPCRT4.dll+1364b|C:\\WINDOWS\\System32\\combase.dll+a2c02|C:\\WINDOWS\\System32\\RPCRT4.dll+59a7b|C:\\WINDOWS\\System32\\combase.dll+2f163|C:\\WINDOWS\\System32\\combase.dll+2ef53|C:\\WINDOWS\\System32\\combase.dll+a5796|C:\\WINDOWS\\System32\\combase.dll+4884a|C:\\WINDOWS\\System32\\combase.dll+a16bd|C:\\WINDOWS\\System32\\combase.dll+5719c|C:\\WINDOWS\\System32\\combase.dll+57a01|C:\\WINDOWS\\System32\\combase.dll+591a8|C:\\WINDOWS\\System32\\RPCRT4.dll+548c8|C:\\WINDOWS\\System32\\RPCRT4.dll+2c921|C:\\WINDOWS\\System32\\RPCRT4.dll+2c470|C:\\WINDOWS\\System32\\RPCRT4.dll+1a6bf",
                    "GrantedAccess": "0x00001410",
                    "RuleName": "None",
                    "SourceImage": "C:\\WINDOWS\\system32\\wbem\\wmiprvse.exe",
                    "SourceProcessGUID": "{b9db5ea0-7d25-5ecb-0000-001069410400}",
                    "SourceProcessId": "1152",
                    "SourceThreadId": "11192",
                    "TargetImage": "C:\\WINDOWS\\system32\\lsass.exe",
                    "TargetProcessGUID": "{b9db5ea0-7caf-5ecb-0000-0010ae9f0000}",
                    "TargetProcessId": "692",
                    "UtcTime": "2020-05-29 16:36:37.926"
                },
                "time_created": "2020-05-29T16:36:37.941212"
            }
        },
        "_type": "_doc"
    },
    {
        "_index": "winlogbeat",
        "_score": 1.0,
        "_source": {
            "meta": {},
            "winlog": {
                "@xmlns": "http://schemas.microsoft.com/win/2004/08/events/event",
                "System": {
                    "Channel": "Microsoft-Windows-Sysmon/Operational",
                    "Computer": "pc-niubbo.noobville.net",
                    "Correlation": {
                        "@ActivityID": "",
                        "@RelatedActivityID": ""
                    },
                    "EventID": {
                        "#text": "10",
                        "@Qualifiers": ""
                    },
                    "EventRecordID": "331139",
                    "Execution": {
                        "@ProcessID": "3268",
                        "@ThreadID": "4464"
                    },
                    "Keywords": "0x8000000000000000",
                    "Level": "4",
                    "Opcode": "0",
                    "Provider": {
                        "@Guid": "{5770385f-c22a-43e0-bf4c-06f5698ffbd9}",
                        "@Name": "Microsoft-Windows-Sysmon"
                    },
                    "Security": {
                        "@UserID": "S-1-5-18"
                    },
                    "Task": "10",
                    "Version": "3"
                },
                "event_data": {
                    "CallTrace": "C:\\WINDOWS\\SYSTEM32\\ntdll.dll+9c534|C:\\WINDOWS\\System32\\KERNELBASE.dll+2726e|C:\\WINDOWS\\system32\\wbem\\cimwin32.dll+f46e|C:\\WINDOWS\\system32\\wbem\\cimwin32.dll+faf5|C:\\WINDOWS\\SYSTEM32\\framedynos.dll+55a2|C:\\WINDOWS\\SYSTEM32\\framedynos.dll+6d2d|C:\\WINDOWS\\system32\\wbem\\wmiprvse.exe+8ad1|C:\\WINDOWS\\system32\\wbem\\wmiprvse.exe+8753|C:\\WINDOWS\\System32\\RPCRT4.dll+76953|C:\\WINDOWS\\System32\\RPCRT4.dll+1364b|C:\\WINDOWS\\System32\\combase.dll+a2c02|C:\\WINDOWS\\System32\\RPCRT4.dll+59a7b|C:\\WINDOWS\\System32\\combase.dll+2f163|C:\\WINDOWS\\System32\\combase.dll+2ef53|C:\\WINDOWS\\System32\\combase.dll+a5796|C:\\WINDOWS\\System32\\combase.dll+4884a|C:\\WINDOWS\\System32\\combase.dll+a16bd|C:\\WINDOWS\\System32\\combase.dll+5719c|C:\\WINDOWS\\System32\\combase.dll+57a01|C:\\WINDOWS\\System32\\combase.dll+591a8|C:\\WINDOWS\\System32\\RPCRT4.dll+548c8|C:\\WINDOWS\\System32\\RPCRT4.dll+2c921|C:\\WINDOWS\\System32\\RPCRT4.dll+2c470|C:\\WINDOWS\\System32\\RPCRT4.dll+1a6bf",
                    "GrantedAccess": "0x00001410",
                    "RuleName": "None",
                    "SourceImage": "C:\\WINDOWS\\system32\\wbem\\wmiprvse.exe",
                    "SourceProcessGUID": "{b9db5ea0-7d25-5ecb-0000-001069410400}",
                    "SourceProcessId": "1152",
                    "SourceThreadId": "11192",
                    "TargetImage": "C:\\WINDOWS\\system32\\lsass.exe",
                    "TargetProcessGUID": "{b9db5ea0-7caf-5ecb-0000-0010ae9f0000}",
                    "TargetProcessId": "692",
                    "UtcTime": "2020-05-29 16:36:37.988"
                },
                "time_created": "2020-05-29T16:36:37.990818"
            }
        },
        "_type": "_doc"
    },
    {
        "_index": "winlogbeat",
        "_score": 1.0,
        "_source": {
            "meta": {},
            "winlog": {
                "@xmlns": "http://schemas.microsoft.com/win/2004/08/events/event",
                "System": {
                    "Channel": "Microsoft-Windows-Sysmon/Operational",
                    "Computer": "pc-niubbo.noobville.net",
                    "Correlation": {
                        "@ActivityID": "",
                        "@RelatedActivityID": ""
                    },
                    "EventID": {
                        "#text": "1",
                        "@Qualifiers": ""
                    },
                    "EventRecordID": "331140",
                    "Execution": {
                        "@ProcessID": "3268",
                        "@ThreadID": "4464"
                    },
                    "Keywords": "0x8000000000000000",
                    "Level": "4",
                    "Opcode": "0",
                    "Provider": {
                        "@Guid": "{5770385f-c22a-43e0-bf4c-06f5698ffbd9}",
                        "@Name": "Microsoft-Windows-Sysmon"
                    },
                    "Security": {
                        "@UserID": "S-1-5-18"
                    },
                    "Task": "1",
                    "Version": "5"
                },
                "event_data": {
                    "CommandLine": "whoami  /all",
                    "Company": "Microsoft Corporation",
                    "CurrentDirectory": "C:\\Users\\Niubbo\\Desktop\\",
                    "Description": "whoami - displays logged on user information",
                    "FileVersion": "10.0.18362.1 (WinBuild.160101.0800)",
                    "Hashes": "MD5=2EEEEC89E705F73FFBCAE014E1828788,SHA256=A8A4C4719113B071BB50D67F6E12C188B92C70EEAFDFCD6F5DA69B6AAA99A7FD",
                    "Image": "C:\\Windows\\System32\\whoami.exe",
                    "IntegrityLevel": "Medium",
                    "LogonGuid": "{b9db5ea0-7df1-5ecb-0000-002061ac0d00}",
                    "LogonId": "0x00000000000dac61",
                    "OriginalFileName": "whoami.exe",
                    "ParentCommandLine": "\"cmd.exe\"",
                    "ParentImage": "C:\\Windows\\System32\\cmd.exe",
                    "ParentProcessGuid": "{b9db5ea0-3a06-5ed1-0000-00100e539c0c}",
                    "ParentProcessId": "10388",
                    "ProcessGuid": "{b9db5ea0-3a17-5ed1-0000-001013849c0c}",
                    "ProcessId": "10728",
                    "Product": "Microsoft\u00ae Windows\u00ae Operating System",
                    "RuleName": "None",
                    "TerminalSessionId": "2",
                    "User": "PC-NIUBBO\\Niubbo",
                    "UtcTime": "2020-05-29 16:36:39.427"
                },
                "time_created": "2020-05-29T16:36:39.435410"
            }
        },
        "_type": "_doc"
    },
    {
        "_index": "winlogbeat",
        "_score": 1.0,
        "_source": {
            "meta": {},
            "winlog": {
                "@xmlns": "http://schemas.microsoft.com/win/2004/08/events/event",
                "System": {
                    "Channel": "Microsoft-Windows-Sysmon/Operational",
                    "Computer": "pc-niubbo.noobville.net",
                    "Correlation": {
                        "@ActivityID": "",
                        "@RelatedActivityID": ""
                    },
                    "EventID": {
                        "#text": "10",
                        "@Qualifiers": ""
                    },
                    "EventRecordID": "342252",
                    "Execution": {
                        "@ProcessID": "2472",
                        "@ThreadID": "812"
                    },
                    "Keywords": "0x8000000000000000",
                    "Level": "4",
                    "Opcode": "0",
                    "Provider": {
                        "@Guid": "{5770385f-c22a-43e0-bf4c-06f5698ffbd9}",
                        "@Name": "Microsoft-Windows-Sysmon"
                    },
                    "Security": {
                        "@UserID": "S-1-5-18"
                    },
                    "Task": "10",
                    "Version": "3"
                },
                "event_data": {
                    "CallTrace": "C:\\WINDOWS\\SYSTEM32\\ntdll.dll+9c534|C:\\WINDOWS\\System32\\KERNELBASE.dll+2726e|C:\\WINDOWS\\system32\\wbem\\cimwin32.dll+f46e|C:\\WINDOWS\\system32\\wbem\\cimwin32.dll+faf5|C:\\WINDOWS\\SYSTEM32\\framedynos.dll+55a2|C:\\WINDOWS\\SYSTEM32\\framedynos.dll+6d2d|C:\\WINDOWS\\system32\\wbem\\wmiprvse.exe+8ad1|C:\\WINDOWS\\system32\\wbem\\wmiprvse.exe+8753|C:\\WINDOWS\\System32\\RPCRT4.dll+76953|C:\\WINDOWS\\System32\\RPCRT4.dll+1364b|C:\\WINDOWS\\System32\\combase.dll+a2c02|C:\\WINDOWS\\System32\\RPCRT4.dll+59a7b|C:\\WINDOWS\\System32\\combase.dll+2f163|C:\\WINDOWS\\System32\\combase.dll+2ef53|C:\\WINDOWS\\System32\\combase.dll+a5796|C:\\WINDOWS\\System32\\combase.dll+4884a|C:\\WINDOWS\\System32\\combase.dll+a16bd|C:\\WINDOWS\\System32\\combase.dll+5719c|C:\\WINDOWS\\System32\\combase.dll+57a01|C:\\WINDOWS\\System32\\combase.dll+591a8|C:\\WINDOWS\\System32\\RPCRT4.dll+548c8|C:\\WINDOWS\\System32\\RPCRT4.dll+2c921|C:\\WINDOWS\\System32\\RPCRT4.dll+2c470|C:\\WINDOWS\\System32\\RPCRT4.dll+1a6bf",
                    "GrantedAccess": "0x00001410",
                    "RuleName": "None",
                    "SourceImage": "C:\\WINDOWS\\system32\\wbem\\wmiprvse.exe",
                    "SourceProcessGUID": "{b9db5ea0-5148-5ed1-0000-00100e320400}",
                    "SourceProcessId": "1404",
                    "SourceThreadId": "5272",
                    "TargetImage": "C:\\WINDOWS\\system32\\lsass.exe",
                    "TargetProcessGUID": "{b9db5ea0-50e4-5ed1-0000-00103f9d0000}",
                    "TargetProcessId": "680",
                    "UtcTime": "2020-05-29 19:52:20.182"
                },
                "time_created": "2020-05-29T19:52:20.196579"
            }
        },
        "_type": "_doc"
    },
    {
        "_index": "winlogbeat",
        "_score": 1.0,
        "_source": {
            "meta": {},
            "winlog": {
                "@xmlns": "http://schemas.microsoft.com/win/2004/08/events/event",
                "System": {
                    "Channel": "Microsoft-Windows-Sysmon/Operational",
                    "Computer": "pc-niubbo.noobville.net",
                    "Correlation": {
                        "@ActivityID": "",
                        "@RelatedActivityID": ""
                    },
                    "EventID": {
                        "#text": "10",
                        "@Qualifiers": ""
                    },
                    "EventRecordID": "342253",
                    "Execution": {
                        "@ProcessID": "2472",
                        "@ThreadID": "812"
                    },
                    "Keywords": "0x8000000000000000",
                    "Level": "4",
                    "Opcode": "0",
                    "Provider": {
                        "@Guid": "{5770385f-c22a-43e0-bf4c-06f5698ffbd9}",
                        "@Name": "Microsoft-Windows-Sysmon"
                    },
                    "Security": {
                        "@UserID": "S-1-5-18"
                    },
                    "Task": "10",
                    "Version": "3"
                },
                "event_data": {
                    "CallTrace": "C:\\WINDOWS\\SYSTEM32\\ntdll.dll+9c534|C:\\WINDOWS\\System32\\KERNELBASE.dll+2726e|C:\\WINDOWS\\system32\\wbem\\cimwin32.dll+f46e|C:\\WINDOWS\\system32\\wbem\\cimwin32.dll+faf5|C:\\WINDOWS\\SYSTEM32\\framedynos.dll+55a2|C:\\WINDOWS\\SYSTEM32\\framedynos.dll+6d2d|C:\\WINDOWS\\system32\\wbem\\wmiprvse.exe+8ad1|C:\\WINDOWS\\system32\\wbem\\wmiprvse.exe+8753|C:\\WINDOWS\\System32\\RPCRT4.dll+76953|C:\\WINDOWS\\System32\\RPCRT4.dll+1364b|C:\\WINDOWS\\System32\\combase.dll+a2c02|C:\\WINDOWS\\System32\\RPCRT4.dll+59a7b|C:\\WINDOWS\\System32\\combase.dll+2f163|C:\\WINDOWS\\System32\\combase.dll+2ef53|C:\\WINDOWS\\System32\\combase.dll+a5796|C:\\WINDOWS\\System32\\combase.dll+4884a|C:\\WINDOWS\\System32\\combase.dll+a16bd|C:\\WINDOWS\\System32\\combase.dll+5719c|C:\\WINDOWS\\System32\\combase.dll+57a01|C:\\WINDOWS\\System32\\combase.dll+591a8|C:\\WINDOWS\\System32\\RPCRT4.dll+548c8|C:\\WINDOWS\\System32\\RPCRT4.dll+2c921|C:\\WINDOWS\\System32\\RPCRT4.dll+2c470|C:\\WINDOWS\\System32\\RPCRT4.dll+1a6bf",
                    "GrantedAccess": "0x00001410",
                    "RuleName": "None",
                    "SourceImage": "C:\\WINDOWS\\system32\\wbem\\wmiprvse.exe",
                    "SourceProcessGUID": "{b9db5ea0-5148-5ed1-0000-00100e320400}",
                    "SourceProcessId": "1404",
                    "SourceThreadId": "5272",
                    "TargetImage": "C:\\WINDOWS\\system32\\lsass.exe",
                    "TargetProcessGUID": "{b9db5ea0-50e4-5ed1-0000-00103f9d0000}",
                    "TargetProcessId": "680",
                    "UtcTime": "2020-05-29 19:52:20.244"
                },
                "time_created": "2020-05-29T19:52:20.248034"
            }
        },
        "_type": "_doc"
    },
    {
        "_index": "winlogbeat",
        "_score": 1.0,
        "_source": {
            "meta": {},
            "winlog": {
                "@xmlns": "http://schemas.microsoft.com/win/2004/08/events/event",
                "System": {
                    "Channel": "Microsoft-Windows-Sysmon/Operational",
                    "Computer": "pc-niubbo.noobville.net",
                    "Correlation": {
                        "@ActivityID": "",
                        "@RelatedActivityID": ""
                    },
                    "EventID": {
                        "#text": "10",
                        "@Qualifiers": ""
                    },
                    "EventRecordID": "342254",
                    "Execution": {
                        "@ProcessID": "2472",
                        "@ThreadID": "812"
                    },
                    "Keywords": "0x8000000000000000",
                    "Level": "4",
                    "Opcode": "0",
                    "Provider": {
                        "@Guid": "{5770385f-c22a-43e0-bf4c-06f5698ffbd9}",
                        "@Name": "Microsoft-Windows-Sysmon"
                    },
                    "Security": {
                        "@UserID": "S-1-5-18"
                    },
                    "Task": "10",
                    "Version": "3"
                },
                "event_data": {
                    "CallTrace": "C:\\WINDOWS\\SYSTEM32\\ntdll.dll+9c534|C:\\WINDOWS\\System32\\KERNELBASE.dll+2726e|C:\\WINDOWS\\system32\\wbem\\cimwin32.dll+f46e|C:\\WINDOWS\\system32\\wbem\\cimwin32.dll+faf5|C:\\WINDOWS\\SYSTEM32\\framedynos.dll+55a2|C:\\WINDOWS\\SYSTEM32\\framedynos.dll+6d2d|C:\\WINDOWS\\system32\\wbem\\wmiprvse.exe+8ad1|C:\\WINDOWS\\system32\\wbem\\wmiprvse.exe+8753|C:\\WINDOWS\\System32\\RPCRT4.dll+76953|C:\\WINDOWS\\System32\\RPCRT4.dll+1364b|C:\\WINDOWS\\System32\\combase.dll+a2c02|C:\\WINDOWS\\System32\\RPCRT4.dll+59a7b|C:\\WINDOWS\\System32\\combase.dll+2f163|C:\\WINDOWS\\System32\\combase.dll+2ef53|C:\\WINDOWS\\System32\\combase.dll+a5796|C:\\WINDOWS\\System32\\combase.dll+4884a|C:\\WINDOWS\\System32\\combase.dll+a16bd|C:\\WINDOWS\\System32\\combase.dll+5719c|C:\\WINDOWS\\System32\\combase.dll+57a01|C:\\WINDOWS\\System32\\combase.dll+591a8|C:\\WINDOWS\\System32\\RPCRT4.dll+548c8|C:\\WINDOWS\\System32\\RPCRT4.dll+2c921|C:\\WINDOWS\\System32\\RPCRT4.dll+2c470|C:\\WINDOWS\\System32\\RPCRT4.dll+1a6bf",
                    "GrantedAccess": "0x00001410",
                    "RuleName": "None",
                    "SourceImage": "C:\\WINDOWS\\system32\\wbem\\wmiprvse.exe",
                    "SourceProcessGUID": "{b9db5ea0-5148-5ed1-0000-00100e320400}",
                    "SourceProcessId": "1404",
                    "SourceThreadId": "5272",
                    "TargetImage": "C:\\WINDOWS\\system32\\lsass.exe",
                    "TargetProcessGUID": "{b9db5ea0-50e4-5ed1-0000-00103f9d0000}",
                    "TargetProcessId": "680",
                    "UtcTime": "2020-05-29 19:52:23.275"
                },
                "time_created": "2020-05-29T19:52:23.285587"
            }
        },
        "_type": "_doc"
    },
    {
        "_index": "winlogbeat",
        "_score": 1.0,
        "_source": {
            "meta": {},
            "winlog": {
                "@xmlns": "http://schemas.microsoft.com/win/2004/08/events/event",
                "System": {
                    "Channel": "Microsoft-Windows-Sysmon/Operational",
                    "Computer": "pc-niubbo.noobville.net",
                    "Correlation": {
                        "@ActivityID": "",
                        "@RelatedActivityID": ""
                    },
                    "EventID": {
                        "#text": "10",
                        "@Qualifiers": ""
                    },
                    "EventRecordID": "342255",
                    "Execution": {
                        "@ProcessID": "2472",
                        "@ThreadID": "812"
                    },
                    "Keywords": "0x8000000000000000",
                    "Level": "4",
                    "Opcode": "0",
                    "Provider": {
                        "@Guid": "{5770385f-c22a-43e0-bf4c-06f5698ffbd9}",
                        "@Name": "Microsoft-Windows-Sysmon"
                    },
                    "Security": {
                        "@UserID": "S-1-5-18"
                    },
                    "Task": "10",
                    "Version": "3"
                },
                "event_data": {
                    "CallTrace": "C:\\WINDOWS\\SYSTEM32\\ntdll.dll+9c534|C:\\WINDOWS\\System32\\KERNELBASE.dll+2726e|C:\\WINDOWS\\system32\\wbem\\cimwin32.dll+f46e|C:\\WINDOWS\\system32\\wbem\\cimwin32.dll+faf5|C:\\WINDOWS\\SYSTEM32\\framedynos.dll+55a2|C:\\WINDOWS\\SYSTEM32\\framedynos.dll+6d2d|C:\\WINDOWS\\system32\\wbem\\wmiprvse.exe+8ad1|C:\\WINDOWS\\system32\\wbem\\wmiprvse.exe+8753|C:\\WINDOWS\\System32\\RPCRT4.dll+76953|C:\\WINDOWS\\System32\\RPCRT4.dll+1364b|C:\\WINDOWS\\System32\\combase.dll+a2c02|C:\\WINDOWS\\System32\\RPCRT4.dll+59a7b|C:\\WINDOWS\\System32\\combase.dll+2f163|C:\\WINDOWS\\System32\\combase.dll+2ef53|C:\\WINDOWS\\System32\\combase.dll+a5796|C:\\WINDOWS\\System32\\combase.dll+4884a|C:\\WINDOWS\\System32\\combase.dll+a16bd|C:\\WINDOWS\\System32\\combase.dll+5719c|C:\\WINDOWS\\System32\\combase.dll+57a01|C:\\WINDOWS\\System32\\combase.dll+591a8|C:\\WINDOWS\\System32\\RPCRT4.dll+548c8|C:\\WINDOWS\\System32\\RPCRT4.dll+2c921|C:\\WINDOWS\\System32\\RPCRT4.dll+2c470|C:\\WINDOWS\\System32\\RPCRT4.dll+1a6bf",
                    "GrantedAccess": "0x00001410",
                    "RuleName": "None",
                    "SourceImage": "C:\\WINDOWS\\system32\\wbem\\wmiprvse.exe",
                    "SourceProcessGUID": "{b9db5ea0-5148-5ed1-0000-00100e320400}",
                    "SourceProcessId": "1404",
                    "SourceThreadId": "5272",
                    "TargetImage": "C:\\WINDOWS\\system32\\lsass.exe",
                    "TargetProcessGUID": "{b9db5ea0-50e4-5ed1-0000-00103f9d0000}",
                    "TargetProcessId": "680",
                    "UtcTime": "2020-05-29 19:52:23.322"
                },
                "time_created": "2020-05-29T19:52:23.324020"
            }
        },
        "_type": "_doc"
    },
    {
        "_index": "winlogbeat",
        "_score": 1.0,
        "_source": {
            "meta": {},
            "winlog": {
                "@xmlns": "http://schemas.microsoft.com/win/2004/08/events/event",
                "System": {
                    "Channel": "Microsoft-Windows-Sysmon/Operational",
                    "Computer": "pc-niubbo.noobville.net",
                    "Correlation": {
                        "@ActivityID": "",
                        "@RelatedActivityID": ""
                    },
                    "EventID": {
                        "#text": "10",
                        "@Qualifiers": ""
                    },
                    "EventRecordID": "342256",
                    "Execution": {
                        "@ProcessID": "2472",
                        "@ThreadID": "812"
                    },
                    "Keywords": "0x8000000000000000",
                    "Level": "4",
                    "Opcode": "0",
                    "Provider": {
                        "@Guid": "{5770385f-c22a-43e0-bf4c-06f5698ffbd9}",
                        "@Name": "Microsoft-Windows-Sysmon"
                    },
                    "Security": {
                        "@UserID": "S-1-5-18"
                    },
                    "Task": "10",
                    "Version": "3"
                },
                "event_data": {
                    "CallTrace": "C:\\WINDOWS\\SYSTEM32\\ntdll.dll+9c534|C:\\WINDOWS\\System32\\KERNELBASE.dll+2726e|C:\\WINDOWS\\system32\\wbem\\cimwin32.dll+f46e|C:\\WINDOWS\\system32\\wbem\\cimwin32.dll+faf5|C:\\WINDOWS\\SYSTEM32\\framedynos.dll+55a2|C:\\WINDOWS\\SYSTEM32\\framedynos.dll+6d2d|C:\\WINDOWS\\system32\\wbem\\wmiprvse.exe+8ad1|C:\\WINDOWS\\system32\\wbem\\wmiprvse.exe+8753|C:\\WINDOWS\\System32\\RPCRT4.dll+76953|C:\\WINDOWS\\System32\\RPCRT4.dll+1364b|C:\\WINDOWS\\System32\\combase.dll+a2c02|C:\\WINDOWS\\System32\\RPCRT4.dll+59a7b|C:\\WINDOWS\\System32\\combase.dll+2f163|C:\\WINDOWS\\System32\\combase.dll+2ef53|C:\\WINDOWS\\System32\\combase.dll+a5796|C:\\WINDOWS\\System32\\combase.dll+4884a|C:\\WINDOWS\\System32\\combase.dll+a16bd|C:\\WINDOWS\\System32\\combase.dll+5719c|C:\\WINDOWS\\System32\\combase.dll+57a01|C:\\WINDOWS\\System32\\combase.dll+591a8|C:\\WINDOWS\\System32\\RPCRT4.dll+548c8|C:\\WINDOWS\\System32\\RPCRT4.dll+2c921|C:\\WINDOWS\\System32\\RPCRT4.dll+2c470|C:\\WINDOWS\\System32\\RPCRT4.dll+1a6bf",
                    "GrantedAccess": "0x00001410",
                    "RuleName": "None",
                    "SourceImage": "C:\\WINDOWS\\system32\\wbem\\wmiprvse.exe",
                    "SourceProcessGUID": "{b9db5ea0-5148-5ed1-0000-00100e320400}",
                    "SourceProcessId": "1404",
                    "SourceThreadId": "5272",
                    "TargetImage": "C:\\WINDOWS\\system32\\lsass.exe",
                    "TargetProcessGUID": "{b9db5ea0-50e4-5ed1-0000-00103f9d0000}",
                    "TargetProcessId": "680",
                    "UtcTime": "2020-05-29 19:52:26.352"
                },
                "time_created": "2020-05-29T19:52:26.362579"
            }
        },
        "_type": "_doc"
    },
    {
        "_index": "winlogbeat",
        "_score": 1.0,
        "_source": {
            "meta": {},
            "winlog": {
                "@xmlns": "http://schemas.microsoft.com/win/2004/08/events/event",
                "System": {
                    "Channel": "Microsoft-Windows-Sysmon/Operational",
                    "Computer": "pc-niubbo.noobville.net",
                    "Correlation": {
                        "@ActivityID": "",
                        "@RelatedActivityID": ""
                    },
                    "EventID": {
                        "#text": "10",
                        "@Qualifiers": ""
                    },
                    "EventRecordID": "342257",
                    "Execution": {
                        "@ProcessID": "2472",
                        "@ThreadID": "812"
                    },
                    "Keywords": "0x8000000000000000",
                    "Level": "4",
                    "Opcode": "0",
                    "Provider": {
                        "@Guid": "{5770385f-c22a-43e0-bf4c-06f5698ffbd9}",
                        "@Name": "Microsoft-Windows-Sysmon"
                    },
                    "Security": {
                        "@UserID": "S-1-5-18"
                    },
                    "Task": "10",
                    "Version": "3"
                },
                "event_data": {
                    "CallTrace": "C:\\WINDOWS\\SYSTEM32\\ntdll.dll+9c534|C:\\WINDOWS\\System32\\KERNELBASE.dll+2726e|C:\\WINDOWS\\system32\\wbem\\cimwin32.dll+f46e|C:\\WINDOWS\\system32\\wbem\\cimwin32.dll+faf5|C:\\WINDOWS\\SYSTEM32\\framedynos.dll+55a2|C:\\WINDOWS\\SYSTEM32\\framedynos.dll+6d2d|C:\\WINDOWS\\system32\\wbem\\wmiprvse.exe+8ad1|C:\\WINDOWS\\system32\\wbem\\wmiprvse.exe+8753|C:\\WINDOWS\\System32\\RPCRT4.dll+76953|C:\\WINDOWS\\System32\\RPCRT4.dll+1364b|C:\\WINDOWS\\System32\\combase.dll+a2c02|C:\\WINDOWS\\System32\\RPCRT4.dll+59a7b|C:\\WINDOWS\\System32\\combase.dll+2f163|C:\\WINDOWS\\System32\\combase.dll+2ef53|C:\\WINDOWS\\System32\\combase.dll+a5796|C:\\WINDOWS\\System32\\combase.dll+4884a|C:\\WINDOWS\\System32\\combase.dll+a16bd|C:\\WINDOWS\\System32\\combase.dll+5719c|C:\\WINDOWS\\System32\\combase.dll+57a01|C:\\WINDOWS\\System32\\combase.dll+591a8|C:\\WINDOWS\\System32\\RPCRT4.dll+548c8|C:\\WINDOWS\\System32\\RPCRT4.dll+2c921|C:\\WINDOWS\\System32\\RPCRT4.dll+2c470|C:\\WINDOWS\\System32\\RPCRT4.dll+1a6bf",
                    "GrantedAccess": "0x00001410",
                    "RuleName": "None",
                    "SourceImage": "C:\\WINDOWS\\system32\\wbem\\wmiprvse.exe",
                    "SourceProcessGUID": "{b9db5ea0-5148-5ed1-0000-00100e320400}",
                    "SourceProcessId": "1404",
                    "SourceThreadId": "5272",
                    "TargetImage": "C:\\WINDOWS\\system32\\lsass.exe",
                    "TargetProcessGUID": "{b9db5ea0-50e4-5ed1-0000-00103f9d0000}",
                    "TargetProcessId": "680",
                    "UtcTime": "2020-05-29 19:52:26.399"
                },
                "time_created": "2020-05-29T19:52:26.400171"
            }
        },
        "_type": "_doc"
    },
    {
        "_index": "winlogbeat",
        "_score": 1.0,
        "_source": {
            "meta": {},
            "winlog": {
                "@xmlns": "http://schemas.microsoft.com/win/2004/08/events/event",
                "System": {
                    "Channel": "Microsoft-Windows-Sysmon/Operational",
                    "Computer": "pc-niubbo.noobville.net",
                    "Correlation": {
                        "@ActivityID": "",
                        "@RelatedActivityID": ""
                    },
                    "EventID": {
                        "#text": "10",
                        "@Qualifiers": ""
                    },
                    "EventRecordID": "342258",
                    "Execution": {
                        "@ProcessID": "2472",
                        "@ThreadID": "812"
                    },
                    "Keywords": "0x8000000000000000",
                    "Level": "4",
                    "Opcode": "0",
                    "Provider": {
                        "@Guid": "{5770385f-c22a-43e0-bf4c-06f5698ffbd9}",
                        "@Name": "Microsoft-Windows-Sysmon"
                    },
                    "Security": {
                        "@UserID": "S-1-5-18"
                    },
                    "Task": "10",
                    "Version": "3"
                },
                "event_data": {
                    "CallTrace": "C:\\WINDOWS\\SYSTEM32\\ntdll.dll+9c534|C:\\WINDOWS\\System32\\KERNELBASE.dll+2726e|C:\\WINDOWS\\system32\\wbem\\cimwin32.dll+f46e|C:\\WINDOWS\\system32\\wbem\\cimwin32.dll+faf5|C:\\WINDOWS\\SYSTEM32\\framedynos.dll+55a2|C:\\WINDOWS\\SYSTEM32\\framedynos.dll+6d2d|C:\\WINDOWS\\system32\\wbem\\wmiprvse.exe+8ad1|C:\\WINDOWS\\system32\\wbem\\wmiprvse.exe+8753|C:\\WINDOWS\\System32\\RPCRT4.dll+76953|C:\\WINDOWS\\System32\\RPCRT4.dll+1364b|C:\\WINDOWS\\System32\\combase.dll+a2c02|C:\\WINDOWS\\System32\\RPCRT4.dll+59a7b|C:\\WINDOWS\\System32\\combase.dll+2f163|C:\\WINDOWS\\System32\\combase.dll+2ef53|C:\\WINDOWS\\System32\\combase.dll+a5796|C:\\WINDOWS\\System32\\combase.dll+4884a|C:\\WINDOWS\\System32\\combase.dll+a16bd|C:\\WINDOWS\\System32\\combase.dll+5719c|C:\\WINDOWS\\System32\\combase.dll+57a01|C:\\WINDOWS\\System32\\combase.dll+591a8|C:\\WINDOWS\\System32\\RPCRT4.dll+548c8|C:\\WINDOWS\\System32\\RPCRT4.dll+2c921|C:\\WINDOWS\\System32\\RPCRT4.dll+2c470|C:\\WINDOWS\\System32\\RPCRT4.dll+1a6bf",
                    "GrantedAccess": "0x00001410",
                    "RuleName": "None",
                    "SourceImage": "C:\\WINDOWS\\system32\\wbem\\wmiprvse.exe",
                    "SourceProcessGUID": "{b9db5ea0-5148-5ed1-0000-00100e320400}",
                    "SourceProcessId": "1404",
                    "SourceThreadId": "5272",
                    "TargetImage": "C:\\WINDOWS\\system32\\lsass.exe",
                    "TargetProcessGUID": "{b9db5ea0-50e4-5ed1-0000-00103f9d0000}",
                    "TargetProcessId": "680",
                    "UtcTime": "2020-05-29 19:52:29.414"
                },
                "time_created": "2020-05-29T19:52:29.429062"
            }
        },
        "_type": "_doc"
    },
    {
        "_index": "winlogbeat",
        "_score": 1.0,
        "_source": {
            "meta": {},
            "winlog": {
                "@xmlns": "http://schemas.microsoft.com/win/2004/08/events/event",
                "System": {
                    "Channel": "Microsoft-Windows-Sysmon/Operational",
                    "Computer": "pc-niubbo.noobville.net",
                    "Correlation": {
                        "@ActivityID": "",
                        "@RelatedActivityID": ""
                    },
                    "EventID": {
                        "#text": "10",
                        "@Qualifiers": ""
                    },
                    "EventRecordID": "342259",
                    "Execution": {
                        "@ProcessID": "2472",
                        "@ThreadID": "812"
                    },
                    "Keywords": "0x8000000000000000",
                    "Level": "4",
                    "Opcode": "0",
                    "Provider": {
                        "@Guid": "{5770385f-c22a-43e0-bf4c-06f5698ffbd9}",
                        "@Name": "Microsoft-Windows-Sysmon"
                    },
                    "Security": {
                        "@UserID": "S-1-5-18"
                    },
                    "Task": "10",
                    "Version": "3"
                },
                "event_data": {
                    "CallTrace": "C:\\WINDOWS\\SYSTEM32\\ntdll.dll+9c534|C:\\WINDOWS\\System32\\KERNELBASE.dll+2726e|C:\\WINDOWS\\system32\\wbem\\cimwin32.dll+f46e|C:\\WINDOWS\\system32\\wbem\\cimwin32.dll+faf5|C:\\WINDOWS\\SYSTEM32\\framedynos.dll+55a2|C:\\WINDOWS\\SYSTEM32\\framedynos.dll+6d2d|C:\\WINDOWS\\system32\\wbem\\wmiprvse.exe+8ad1|C:\\WINDOWS\\system32\\wbem\\wmiprvse.exe+8753|C:\\WINDOWS\\System32\\RPCRT4.dll+76953|C:\\WINDOWS\\System32\\RPCRT4.dll+1364b|C:\\WINDOWS\\System32\\combase.dll+a2c02|C:\\WINDOWS\\System32\\RPCRT4.dll+59a7b|C:\\WINDOWS\\System32\\combase.dll+2f163|C:\\WINDOWS\\System32\\combase.dll+2ef53|C:\\WINDOWS\\System32\\combase.dll+a5796|C:\\WINDOWS\\System32\\combase.dll+4884a|C:\\WINDOWS\\System32\\combase.dll+a16bd|C:\\WINDOWS\\System32\\combase.dll+5719c|C:\\WINDOWS\\System32\\combase.dll+57a01|C:\\WINDOWS\\System32\\combase.dll+591a8|C:\\WINDOWS\\System32\\RPCRT4.dll+548c8|C:\\WINDOWS\\System32\\RPCRT4.dll+2c921|C:\\WINDOWS\\System32\\RPCRT4.dll+2c470|C:\\WINDOWS\\System32\\RPCRT4.dll+1a6bf",
                    "GrantedAccess": "0x00001410",
                    "RuleName": "None",
                    "SourceImage": "C:\\WINDOWS\\system32\\wbem\\wmiprvse.exe",
                    "SourceProcessGUID": "{b9db5ea0-5148-5ed1-0000-00100e320400}",
                    "SourceProcessId": "1404",
                    "SourceThreadId": "5272",
                    "TargetImage": "C:\\WINDOWS\\system32\\lsass.exe",
                    "TargetProcessGUID": "{b9db5ea0-50e4-5ed1-0000-00103f9d0000}",
                    "TargetProcessId": "680",
                    "UtcTime": "2020-05-29 19:52:29.461"
                },
                "time_created": "2020-05-29T19:52:29.477140"
            }
        },
        "_type": "_doc"
    },
    {
        "_index": "winlogbeat",
        "_score": 1.0,
        "_source": {
            "meta": {},
            "winlog": {
                "@xmlns": "http://schemas.microsoft.com/win/2004/08/events/event",
                "System": {
                    "Channel": "Microsoft-Windows-Sysmon/Operational",
                    "Computer": "pc-niubbo.noobville.net",
                    "Correlation": {
                        "@ActivityID": "",
                        "@RelatedActivityID": ""
                    },
                    "EventID": {
                        "#text": "10",
                        "@Qualifiers": ""
                    },
                    "EventRecordID": "342260",
                    "Execution": {
                        "@ProcessID": "2472",
                        "@ThreadID": "812"
                    },
                    "Keywords": "0x8000000000000000",
                    "Level": "4",
                    "Opcode": "0",
                    "Provider": {
                        "@Guid": "{5770385f-c22a-43e0-bf4c-06f5698ffbd9}",
                        "@Name": "Microsoft-Windows-Sysmon"
                    },
                    "Security": {
                        "@UserID": "S-1-5-18"
                    },
                    "Task": "10",
                    "Version": "3"
                },
                "event_data": {
                    "CallTrace": "C:\\WINDOWS\\SYSTEM32\\ntdll.dll+9c534|C:\\WINDOWS\\System32\\KERNELBASE.dll+2726e|C:\\WINDOWS\\system32\\wbem\\cimwin32.dll+f46e|C:\\WINDOWS\\system32\\wbem\\cimwin32.dll+faf5|C:\\WINDOWS\\SYSTEM32\\framedynos.dll+55a2|C:\\WINDOWS\\SYSTEM32\\framedynos.dll+6d2d|C:\\WINDOWS\\system32\\wbem\\wmiprvse.exe+8ad1|C:\\WINDOWS\\system32\\wbem\\wmiprvse.exe+8753|C:\\WINDOWS\\System32\\RPCRT4.dll+76953|C:\\WINDOWS\\System32\\RPCRT4.dll+1364b|C:\\WINDOWS\\System32\\combase.dll+a2c02|C:\\WINDOWS\\System32\\RPCRT4.dll+59a7b|C:\\WINDOWS\\System32\\combase.dll+2f163|C:\\WINDOWS\\System32\\combase.dll+2ef53|C:\\WINDOWS\\System32\\combase.dll+a5796|C:\\WINDOWS\\System32\\combase.dll+4884a|C:\\WINDOWS\\System32\\combase.dll+a16bd|C:\\WINDOWS\\System32\\combase.dll+5719c|C:\\WINDOWS\\System32\\combase.dll+57a01|C:\\WINDOWS\\System32\\combase.dll+591a8|C:\\WINDOWS\\System32\\RPCRT4.dll+548c8|C:\\WINDOWS\\System32\\RPCRT4.dll+2c921|C:\\WINDOWS\\System32\\RPCRT4.dll+2c470|C:\\WINDOWS\\System32\\RPCRT4.dll+1a6bf",
                    "GrantedAccess": "0x00001410",
                    "RuleName": "None",
                    "SourceImage": "C:\\WINDOWS\\system32\\wbem\\wmiprvse.exe",
                    "SourceProcessGUID": "{b9db5ea0-5148-5ed1-0000-00100e320400}",
                    "SourceProcessId": "1404",
                    "SourceThreadId": "5272",
                    "TargetImage": "C:\\WINDOWS\\system32\\lsass.exe",
                    "TargetProcessGUID": "{b9db5ea0-50e4-5ed1-0000-00103f9d0000}",
                    "TargetProcessId": "680",
                    "UtcTime": "2020-05-29 19:52:32.523"
                },
                "time_created": "2020-05-29T19:52:32.524059"
            }
        },
        "_type": "_doc"
    },
