    {
        "_index": "winlogbeat",
        "_score": 1.0,
        "_source": {
            "meta": {},
            "winlog": {
                "@xmlns": "http://schemas.microsoft.com/win/2004/08/events/event",
                "System": {
                    "Channel": "Microsoft-Windows-PowerShell/Operational",
                    "Computer": "pc-niubbo.noobville.net",
                    "Correlation": {
                        "@ActivityID": "{4811673b-35f3-0000-1cd2-1148f335d601}",
                        "@RelatedActivityID": ""
                    },
                    "EventID": {
                        "#text": "4103",
                        "@Qualifiers": ""
                    },
                    "EventRecordID": "3724280",
                    "Execution": {
                        "@ProcessID": "6076",
                        "@ThreadID": "10736"
                    },
                    "Keywords": "0x0000000000000000",
                    "Level": "4",
                    "Opcode": "20",
                    "Provider": {
                        "@Guid": "{a0c1853b-5c40-4b15-8766-3cf1c58f985a}",
                        "@Name": "Microsoft-Windows-PowerShell"
                    },
                    "Security": {
                        "@UserID": "S-1-5-21-4233494930-2381004282-3948590939-1001"
                    },
                    "Task": "106",
                    "Version": "1"
                },
                "event_data": {
                    "ContextInfo": "Severity = Informational\n        Host Name = ConsoleHost\n        Host Version = 5.1.18362.752\n        Host ID = ec1f9bd3-9cb9-407b-b281-94864946226a\n        Host Application = powershell\n        Engine Version = 5.1.18362.752\n        Runspace ID = db7beb30-ad42-4fe8-ad7a-b2a5524f5bb4\n        Pipeline ID = 1401\n        Command Name = Set-StrictMode\n        Command Type = Cmdlet\n        Script Name = C:\\Program Files\\WindowsPowerShell\\Modules\\PSReadline\\2.0.0\\PSReadLine.psm1\n        Command Path = \n        Sequence Number = 64\n        User = PC-NIUBBO\\Niubbo\n        Connected User = \n        Shell ID = Microsoft.PowerShell",
                    "Payload": "CommandInvocation(Set-StrictMode): \"Set-StrictMode\"\nParameterBinding(Set-StrictMode): name=\"Off\"; value=\"True\"",
                    "UserData": "None"
                },
                "time_created": "2020-05-29T20:25:04.054762"
            }
        },
        "_type": "_doc"
    },
    {
        "_index": "winlogbeat",
        "_score": 1.0,
        "_source": {
            "meta": {},
            "winlog": {
                "@xmlns": "http://schemas.microsoft.com/win/2004/08/events/event",
                "System": {
                    "Channel": "Microsoft-Windows-PowerShell/Operational",
                    "Computer": "pc-niubbo.noobville.net",
                    "Correlation": {
                        "@ActivityID": "{4811673b-35f3-0001-81cf-1148f335d601}",
                        "@RelatedActivityID": ""
                    },
                    "EventID": {
                        "#text": "4103",
                        "@Qualifiers": ""
                    },
                    "EventRecordID": "3724281",
                    "Execution": {
                        "@ProcessID": "6076",
                        "@ThreadID": "10736"
                    },
                    "Keywords": "0x0000000000000000",
                    "Level": "4",
                    "Opcode": "20",
                    "Provider": {
                        "@Guid": "{a0c1853b-5c40-4b15-8766-3cf1c58f985a}",
                        "@Name": "Microsoft-Windows-PowerShell"
                    },
                    "Security": {
                        "@UserID": "S-1-5-21-4233494930-2381004282-3948590939-1001"
                    },
                    "Task": "106",
                    "Version": "1"
                },
                "event_data": {
                    "ContextInfo": "Severity = Informational\n        Host Name = ConsoleHost\n        Host Version = 5.1.18362.752\n        Host ID = ec1f9bd3-9cb9-407b-b281-94864946226a\n        Host Application = powershell\n        Engine Version = 5.1.18362.752\n        Runspace ID = db7beb30-ad42-4fe8-ad7a-b2a5524f5bb4\n        Pipeline ID = 1402\n        Command Name = \n        Command Type = Script\n        Script Name = \n        Command Path = \n        Sequence Number = 66\n        User = PC-NIUBBO\\Niubbo\n        Connected User = \n        Shell ID = Microsoft.PowerShell",
                    "Payload": "CommandInvocation(Out-Default): \"Out-Default\"",
                    "UserData": "None"
                },
                "time_created": "2020-05-29T20:25:07.839334"
            }
        },
        "_type": "_doc"
    },
    {
        "_index": "winlogbeat",
        "_score": 1.0,
        "_source": {
            "meta": {},
            "winlog": {
                "@xmlns": "http://schemas.microsoft.com/win/2004/08/events/event",
                "System": {
                    "Channel": "Microsoft-Windows-PowerShell/Operational",
                    "Computer": "pc-niubbo.noobville.net",
                    "Correlation": {
                        "@ActivityID": "{4811673b-35f3-0001-85cf-1148f335d601}",
                        "@RelatedActivityID": ""
                    },
                    "EventID": {
                        "#text": "4103",
                        "@Qualifiers": ""
                    },
                    "EventRecordID": "3724282",
                    "Execution": {
                        "@ProcessID": "6076",
                        "@ThreadID": "10736"
                    },
                    "Keywords": "0x0000000000000000",
                    "Level": "4",
                    "Opcode": "20",
                    "Provider": {
                        "@Guid": "{a0c1853b-5c40-4b15-8766-3cf1c58f985a}",
                        "@Name": "Microsoft-Windows-PowerShell"
                    },
                    "Security": {
                        "@UserID": "S-1-5-21-4233494930-2381004282-3948590939-1001"
                    },
                    "Task": "106",
                    "Version": "1"
                },
                "event_data": {
                    "ContextInfo": "Severity = Informational\n        Host Name = ConsoleHost\n        Host Version = 5.1.18362.752\n        Host ID = ec1f9bd3-9cb9-407b-b281-94864946226a\n        Host Application = powershell\n        Engine Version = 5.1.18362.752\n        Runspace ID = db7beb30-ad42-4fe8-ad7a-b2a5524f5bb4\n        Pipeline ID = 1404\n        Command Name = Set-StrictMode\n        Command Type = Cmdlet\n        Script Name = C:\\Program Files\\WindowsPowerShell\\Modules\\PSReadline\\2.0.0\\PSReadLine.psm1\n        Command Path = \n        Sequence Number = 68\n        User = PC-NIUBBO\\Niubbo\n        Connected User = \n        Shell ID = Microsoft.PowerShell",
                    "Payload": "CommandInvocation(Set-StrictMode): \"Set-StrictMode\"\nParameterBinding(Set-StrictMode): name=\"Off\"; value=\"True\"",
                    "UserData": "None"
                },
                "time_created": "2020-05-29T20:25:07.843184"
            }
        },
        "_type": "_doc"
    },
    {
        "_index": "winlogbeat",
        "_score": 1.0,
        "_source": {
            "meta": {},
            "winlog": {
                "@xmlns": "http://schemas.microsoft.com/win/2004/08/events/event",
                "System": {
                    "Channel": "Microsoft-Windows-PowerShell/Operational",
                    "Computer": "pc-niubbo.noobville.net",
                    "Correlation": {
                        "@ActivityID": "{4811673b-35f3-0001-94cf-1148f335d601}",
                        "@RelatedActivityID": ""
                    },
                    "EventID": {
                        "#text": "4103",
                        "@Qualifiers": ""
                    },
                    "EventRecordID": "3724283",
                    "Execution": {
                        "@ProcessID": "6076",
                        "@ThreadID": "10736"
                    },
                    "Keywords": "0x0000000000000000",
                    "Level": "4",
                    "Opcode": "20",
                    "Provider": {
                        "@Guid": "{a0c1853b-5c40-4b15-8766-3cf1c58f985a}",
                        "@Name": "Microsoft-Windows-PowerShell"
                    },
                    "Security": {
                        "@UserID": "S-1-5-21-4233494930-2381004282-3948590939-1001"
                    },
                    "Task": "106",
                    "Version": "1"
                },
                "event_data": {
                    "ContextInfo": "Severity = Informational\n        Host Name = ConsoleHost\n        Host Version = 5.1.18362.752\n        Host ID = ec1f9bd3-9cb9-407b-b281-94864946226a\n        Host Application = powershell\n        Engine Version = 5.1.18362.752\n        Runspace ID = db7beb30-ad42-4fe8-ad7a-b2a5524f5bb4\n        Pipeline ID = 1405\n        Command Name = \n        Command Type = Script\n        Script Name = \n        Command Path = \n        Sequence Number = 70\n        User = PC-NIUBBO\\Niubbo\n        Connected User = \n        Shell ID = Microsoft.PowerShell",
                    "Payload": "CommandInvocation(Out-Default): \"Out-Default\"",
                    "UserData": "None"
                },
                "time_created": "2020-05-29T20:25:12.385914"
            }
        },
        "_type": "_doc"
    },
    {
        "_index": "winlogbeat",
        "_score": 1.0,
        "_source": {
            "meta": {},
            "winlog": {
                "@xmlns": "http://schemas.microsoft.com/win/2004/08/events/event",
                "System": {
                    "Channel": "Microsoft-Windows-PowerShell/Operational",
                    "Computer": "pc-niubbo.noobville.net",
                    "Correlation": {
                        "@ActivityID": "{4811673b-35f3-0001-98cf-1148f335d601}",
                        "@RelatedActivityID": ""
                    },
                    "EventID": {
                        "#text": "4103",
                        "@Qualifiers": ""
                    },
                    "EventRecordID": "3724284",
                    "Execution": {
                        "@ProcessID": "6076",
                        "@ThreadID": "10736"
                    },
                    "Keywords": "0x0000000000000000",
                    "Level": "4",
                    "Opcode": "20",
                    "Provider": {
                        "@Guid": "{a0c1853b-5c40-4b15-8766-3cf1c58f985a}",
                        "@Name": "Microsoft-Windows-PowerShell"
                    },
                    "Security": {
                        "@UserID": "S-1-5-21-4233494930-2381004282-3948590939-1001"
                    },
                    "Task": "106",
                    "Version": "1"
                },
                "event_data": {
                    "ContextInfo": "Severity = Informational\n        Host Name = ConsoleHost\n        Host Version = 5.1.18362.752\n        Host ID = ec1f9bd3-9cb9-407b-b281-94864946226a\n        Host Application = powershell\n        Engine Version = 5.1.18362.752\n        Runspace ID = db7beb30-ad42-4fe8-ad7a-b2a5524f5bb4\n        Pipeline ID = 1407\n        Command Name = Set-StrictMode\n        Command Type = Cmdlet\n        Script Name = C:\\Program Files\\WindowsPowerShell\\Modules\\PSReadline\\2.0.0\\PSReadLine.psm1\n        Command Path = \n        Sequence Number = 72\n        User = PC-NIUBBO\\Niubbo\n        Connected User = \n        Shell ID = Microsoft.PowerShell",
                    "Payload": "CommandInvocation(Set-StrictMode): \"Set-StrictMode\"\nParameterBinding(Set-StrictMode): name=\"Off\"; value=\"True\"",
                    "UserData": "None"
                },
                "time_created": "2020-05-29T20:25:12.389641"
            }
        },
        "_type": "_doc"
    },
    {
        "_index": "winlogbeat",
        "_score": 1.0,
        "_source": {
            "meta": {},
            "winlog": {
                "@xmlns": "http://schemas.microsoft.com/win/2004/08/events/event",
                "System": {
                    "Channel": "Microsoft-Windows-PowerShell/Operational",
                    "Computer": "pc-niubbo.noobville.net",
                    "Correlation": {
                        "@ActivityID": "{4811673b-35f3-0001-b4cf-1148f335d601}",
                        "@RelatedActivityID": ""
                    },
                    "EventID": {
                        "#text": "4103",
                        "@Qualifiers": ""
                    },
                    "EventRecordID": "3724285",
                    "Execution": {
                        "@ProcessID": "6076",
                        "@ThreadID": "10736"
                    },
                    "Keywords": "0x0000000000000000",
                    "Level": "4",
                    "Opcode": "20",
                    "Provider": {
                        "@Guid": "{a0c1853b-5c40-4b15-8766-3cf1c58f985a}",
                        "@Name": "Microsoft-Windows-PowerShell"
                    },
                    "Security": {
                        "@UserID": "S-1-5-21-4233494930-2381004282-3948590939-1001"
                    },
                    "Task": "106",
                    "Version": "1"
                },
                "event_data": {
                    "ContextInfo": "Severity = Informational\n        Host Name = ConsoleHost\n        Host Version = 5.1.18362.752\n        Host ID = ec1f9bd3-9cb9-407b-b281-94864946226a\n        Host Application = powershell\n        Engine Version = 5.1.18362.752\n        Runspace ID = db7beb30-ad42-4fe8-ad7a-b2a5524f5bb4\n        Pipeline ID = 1408\n        Command Name = \n        Command Type = Script\n        Script Name = \n        Command Path = \n        Sequence Number = 74\n        User = PC-NIUBBO\\Niubbo\n        Connected User = \n        Shell ID = Microsoft.PowerShell",
                    "Payload": "CommandInvocation(Out-Default): \"Out-Default\"\nParameterBinding(Out-Default): name=\"InputObject\"; value=\"System.Collections.Hashtable\"",
                    "UserData": "None"
                },
                "time_created": "2020-05-29T20:25:26.118748"
            }
        },
        "_type": "_doc"
    },
    {
        "_index": "winlogbeat",
        "_score": 1.0,
        "_source": {
            "@xmlns": "http://schemas.microsoft.com/win/2004/08/events/event",
            "System": {
                "Channel": "Security",
                "Computer": "MrNoob-DC.noobville.net",
                "Correlation": {
                    "@ActivityID": "",
                    "@RelatedActivityID": ""
                },
                "EventID": {
                    "#text": "1102",
                    "@Qualifiers": ""
                },
                "EventRecordID": "65236889",
                "Execution": {
                    "@ProcessID": "412",
                    "@ThreadID": "4452"
                },
                "Keywords": "0x4020000000000000",
                "Level": "4",
                "Opcode": "0",
                "Provider": {
                    "@Guid": "{fc65ddd8-d6ef-4962-83d5-6e5cfe9ce148}",
                    "@Name": "Microsoft-Windows-Eventlog"
                },
                "Security": {
                    "@UserID": ""
                },
                "Task": "104",
                "Version": "0"
            },
            "UserData": {
                "LogFileCleared": {
                    "@xmlns": "http://manifests.microsoft.com/win/2004/08/windows/eventlog",
                    "SubjectDomainName": "NOOBVILLE",
                    "SubjectLogonId": "0x0000000000059c54",
                    "SubjectUserName": "Administrator",
                    "SubjectUserSid": "S-1-5-21-663041065-3294033705-382893240-500"
                }
            },
            "meta": {},
            "time_created": "2020-05-29T15:32:31.237753"
        },
        "_type": "_doc"
    },
    {
        "_index": "winlogbeat",
        "_score": 1.0,
        "_source": {
            "@xmlns": "http://schemas.microsoft.com/win/2004/08/events/event",
            "System": {
                "Channel": "System",
                "Computer": "MrNoob-DC.noobville.net",
                "Correlation": {
                    "@ActivityID": "",
                    "@RelatedActivityID": ""
                },
                "EventID": {
                    "#text": "104",
                    "@Qualifiers": ""
                },
                "EventRecordID": "102423",
                "Execution": {
                    "@ProcessID": "412",
                    "@ThreadID": "4044"
                },
                "Keywords": "0x8000000000000000",
                "Level": "4",
                "Opcode": "0",
                "Provider": {
                    "@Guid": "{fc65ddd8-d6ef-4962-83d5-6e5cfe9ce148}",
                    "@Name": "Microsoft-Windows-Eventlog"
                },
                "Security": {
                    "@UserID": "S-1-5-21-663041065-3294033705-382893240-500"
                },
                "Task": "104",
                "Version": "0"
            },
            "UserData": {
                "LogFileCleared": {
                    "@xmlns": "http://manifests.microsoft.com/win/2004/08/windows/eventlog",
                    "BackupPath": null,
                    "Channel": "System",
                    "SubjectDomainName": "NOOBVILLE",
                    "SubjectUserName": "Administrator"
                }
            },
            "meta": {},
            "time_created": "2020-05-29T15:32:43.722151"
        },
        "_type": "_doc"
    }
]