[
    {
        "_index": "winlogbeat",
        "_score": 1.0,
        "_source": {
            "meta": {},
            "winlog": {
                "@xmlns": "http://schemas.microsoft.com/win/2004/08/events/event",
                "System": {
                    "Channel": "System",
                    "Computer": "MrNoob-DC.noobville.net",
                    "Correlation": {
                        "@ActivityID": "",
                        "@RelatedActivityID": ""
                    },
                    "EventID": {
                        "#text": "7045",
                        "@Qualifiers": "16384"
                    },
                    "EventRecordID": "102424",
                    "Execution": {
                        "@ProcessID": "624",
                        "@ThreadID": "4612"
                    },
                    "Keywords": "0x8080000000000000",
                    "Level": "4",
                    "Opcode": "0",
                    "Provider": {
                        "@EventSourceName": "Service Control Manager",
                        "@Guid": "{555908d1-a6d7-4695-8e1e-26931d2012f4}",
                        "@Name": "Service Control Manager"
                    },
                    "Security": {
                        "@UserID": "S-1-5-21-663041065-3294033705-382893240-500"
                    },
                    "Task": "0",
                    "Version": "0"
                },
                "event_data": {
                    "AccountName": "LocalSystem",
                    "ImagePath": "C:\\Windows\\temp\\gift.exe",
                    "ServiceName": "remoteservice",
                    "ServiceType": "servizio in modalit\u00e0 utente",
                    "StartType": "Avvio su richiesta"
                },
                "time_created": "2020-05-29T15:34:10.972338"
            }
        },
        "_type": "_doc"
    },
    {
        "_index": "winlogbeat",
        "_score": 1.0,
        "_source": {
            "meta": {},
            "winlog": {
                "@xmlns": "http://schemas.microsoft.com/win/2004/08/events/event",
                "System": {
                    "Channel": "Microsoft-Windows-Sysmon/Operational",
                    "Computer": "MrNoob-DC.noobville.net",
                    "Correlation": {
                        "@ActivityID": "",
                        "@RelatedActivityID": ""
                    },
                    "EventID": {
                        "#text": "1",
                        "@Qualifiers": ""
                    },
                    "EventRecordID": "10599638",
                    "Execution": {
                        "@ProcessID": "4760",
                        "@ThreadID": "1352"
                    },
                    "Keywords": "0x8000000000000000",
                    "Level": "4",
                    "Opcode": "0",
                    "Provider": {
                        "@Guid": "{5770385f-c22a-43e0-bf4c-06f5698ffbd9}",
                        "@Name": "Microsoft-Windows-Sysmon"
                    },
                    "Security": {
                        "@UserID": "S-1-5-18"
                    },
                    "Task": "1",
                    "Version": "5"
                },
                "event_data": {
                    "CommandLine": "C:\\Windows\\temp\\gift.exe",
                    "Company": "Microsoft Corporation",
                    "CurrentDirectory": "C:\\Windows\\system32\\",
                    "Description": "Windows Calculator",
                    "FileVersion": "10.0.18362.1 (WinBuild.160101.0800)",
                    "Hashes": "SHA1=C882F09EAFDDB75843BDDBACB796B90195445183",
                    "Image": "C:\\Windows\\Temp\\gift.exe",
                    "IntegrityLevel": "System",
                    "LogonGuid": "{4aadf4ab-a1eb-5ec6-0000-0020e7030000}",
                    "LogonId": "0x00000000000003e7",
                    "OriginalFileName": "CALC.EXE",
                    "ParentCommandLine": "C:\\Windows\\system32\\services.exe",
                    "ParentImage": "C:\\Windows\\System32\\services.exe",
                    "ParentProcessGuid": "{4aadf4ab-a1e1-5ec6-0000-0010a6990000}",
                    "ParentProcessId": "624",
                    "ProcessGuid": "{4aadf4ab-2b8c-5ed1-0000-0010bab91e22}",
                    "ProcessId": "4084",
                    "Product": "Microsoft\u00ae Windows\u00ae Operating System",
                    "RuleName": "None",
                    "TerminalSessionId": "0",
                    "User": "NT AUTHORITY\\SYSTEM",
                    "UtcTime": "2020-05-29 15:34:36.337"
                },
                "time_created": "2020-05-29T15:34:36.340748"
            }
        },
        "_type": "_doc"
    },
    {
        "_index": "winlogbeat",
        "_score": 1.0,
        "_source": {
            "meta": {},
            "winlog": {
                "@xmlns": "http://schemas.microsoft.com/win/2004/08/events/event",
                "System": {
                    "Channel": "Microsoft-Windows-Sysmon/Operational",
                    "Computer": "MrNoob-DC.noobville.net",
                    "Correlation": {
                        "@ActivityID": "",
                        "@RelatedActivityID": ""
                    },
                    "EventID": {
                        "#text": "1",
                        "@Qualifiers": ""
                    },
                    "EventRecordID": "10599639",
                    "Execution": {
                        "@ProcessID": "4760",
                        "@ThreadID": "1352"
                    },
                    "Keywords": "0x8000000000000000",
                    "Level": "4",
                    "Opcode": "0",
                    "Provider": {
                        "@Guid": "{5770385f-c22a-43e0-bf4c-06f5698ffbd9}",
                        "@Name": "Microsoft-Windows-Sysmon"
                    },
                    "Security": {
                        "@UserID": "S-1-5-18"
                    },
                    "Task": "1",
                    "Version": "5"
                },
                "event_data": {
                    "CommandLine": "C:\\Windows\\system32\\OpenWith.exe -Embedding",
                    "Company": "Microsoft Corporation",
                    "CurrentDirectory": "C:\\Windows\\system32\\",
                    "Description": "Pick an app",
                    "FileVersion": "10.0.14393.0 (rs1_release.160715-1616)",
                    "Hashes": "SHA1=6E075F557DD34F8A7BBA911FFA972279414EAF66",
                    "Image": "C:\\Windows\\System32\\OpenWith.exe",
                    "IntegrityLevel": "System",
                    "LogonGuid": "{4aadf4ab-a1eb-5ec6-0000-0020e7030000}",
                    "LogonId": "0x00000000000003e7",
                    "OriginalFileName": "OpenWith.exe",
                    "ParentCommandLine": "C:\\Windows\\system32\\svchost.exe -k DcomLaunch",
                    "ParentImage": "C:\\Windows\\System32\\svchost.exe",
                    "ParentProcessGuid": "{4aadf4ab-a216-5ec6-0000-0010bcb40000}",
                    "ParentProcessId": "808",
                    "ProcessGuid": "{4aadf4ab-2b8c-5ed1-0000-00106abd1e22}",
                    "ProcessId": "2536",
                    "Product": "Microsoft\u00ae Windows\u00ae Operating System",
                    "RuleName": "None",
                    "TerminalSessionId": "0",
                    "User": "NT AUTHORITY\\SYSTEM",
                    "UtcTime": "2020-05-29 15:34:36.403"
                },
                "time_created": "2020-05-29T15:34:36.405573"
            }
        },
        "_type": "_doc"
    },
    {
        "_index": "winlogbeat",
        "_score": 1.0,
        "_source": {
            "meta": {},
            "winlog": {
                "@xmlns": "http://schemas.microsoft.com/win/2004/08/events/event",
                "System": {
                    "Channel": "Microsoft-Windows-Sysmon/Operational",
                    "Computer": "MrNoob-DC.noobville.net",
                    "Correlation": {
                        "@ActivityID": "",
                        "@RelatedActivityID": ""
                    },
                    "EventID": {
                        "#text": "5",
                        "@Qualifiers": ""
                    },
                    "EventRecordID": "10599640",
                    "Execution": {
                        "@ProcessID": "4760",
                        "@ThreadID": "1352"
                    },
                    "Keywords": "0x8000000000000000",
                    "Level": "4",
                    "Opcode": "0",
                    "Provider": {
                        "@Guid": "{5770385f-c22a-43e0-bf4c-06f5698ffbd9}",
                        "@Name": "Microsoft-Windows-Sysmon"
                    },
                    "Security": {
                        "@UserID": "S-1-5-18"
                    },
                    "Task": "5",
                    "Version": "3"
                },
                "event_data": {
                    "Image": "C:\\Windows\\Temp\\gift.exe",
                    "ProcessGuid": "{4aadf4ab-2b8c-5ed1-0000-0010bab91e22}",
                    "ProcessId": "4084",
                    "RuleName": "None",
                    "UtcTime": "2020-05-29 15:34:36.456"
                },
                "time_created": "2020-05-29T15:34:36.470922"
            }
        },
        "_type": "_doc"
    },
    {
        "_index": "winlogbeat",
        "_score": 1.0,
        "_source": {
            "meta": {},
            "winlog": {
                "@xmlns": "http://schemas.microsoft.com/win/2004/08/events/event",
                "System": {
                    "Channel": "System",
                    "Computer": "MrNoob-DC.noobville.net",
                    "Correlation": {
                        "@ActivityID": "",
                        "@RelatedActivityID": ""
                    },
                    "EventID": {
                        "#text": "7009",
                        "@Qualifiers": "49152"
                    },
                    "EventRecordID": "102425",
                    "Execution": {
                        "@ProcessID": "624",
                        "@ThreadID": "1768"
                    },
                    "Keywords": "0x8080000000000000",
                    "Level": "2",
                    "Opcode": "0",
                    "Provider": {
                        "@EventSourceName": "Service Control Manager",
                        "@Guid": "{555908d1-a6d7-4695-8e1e-26931d2012f4}",
                        "@Name": "Service Control Manager"
                    },
                    "Security": {
                        "@UserID": ""
                    },
                    "Task": "0",
                    "Version": "0"
                },
                "event_data": {
                    "param1": "30000",
                    "param2": "remoteservice"
                },
                "time_created": "2020-05-29T15:34:36.472374"
            }
        },
        "_type": "_doc"
    },
    {
        "_index": "winlogbeat",
        "_score": 1.0,
        "_source": {
            "meta": {},
            "winlog": {
                "@xmlns": "http://schemas.microsoft.com/win/2004/08/events/event",
                "System": {
                    "Channel": "System",
                    "Computer": "MrNoob-DC.noobville.net",
                    "Correlation": {
                        "@ActivityID": "",
                        "@RelatedActivityID": ""
                    },
                    "EventID": {
                        "#text": "7000",
                        "@Qualifiers": "49152"
                    },
                    "EventRecordID": "102426",
                    "Execution": {
                        "@ProcessID": "624",
                        "@ThreadID": "1768"
                    },
                    "Keywords": "0x8080000000000000",
                    "Level": "2",
                    "Opcode": "0",
                    "Provider": {
                        "@EventSourceName": "Service Control Manager",
                        "@Guid": "{555908d1-a6d7-4695-8e1e-26931d2012f4}",
                        "@Name": "Service Control Manager"
                    },
                    "Security": {
                        "@UserID": ""
                    },
                    "Task": "0",
                    "Version": "0"
                },
                "event_data": {
                    "param1": "remoteservice",
                    "param2": "%%1053"
                },
                "time_created": "2020-05-29T15:34:36.472374"
            }
        },
        "_type": "_doc"
    },
    {
        "_index": "winlogbeat",
        "_score": 1.0,
        "_source": {
            "meta": {},
            "winlog": {
                "@xmlns": "http://schemas.microsoft.com/win/2004/08/events/event",
                "System": {
                    "Channel": "Microsoft-Windows-Sysmon/Operational",
                    "Computer": "MrNoob-DC.noobville.net",
                    "Correlation": {
                        "@ActivityID": "",
                        "@RelatedActivityID": ""
                    },
                    "EventID": {
                        "#text": "5",
                        "@Qualifiers": ""
                    },
                    "EventRecordID": "10599641",
                    "Execution": {
                        "@ProcessID": "4760",
                        "@ThreadID": "1352"
                    },
                    "Keywords": "0x8000000000000000",
                    "Level": "4",
                    "Opcode": "0",
                    "Provider": {
                        "@Guid": "{5770385f-c22a-43e0-bf4c-06f5698ffbd9}",
                        "@Name": "Microsoft-Windows-Sysmon"
                    },
                    "Security": {
                        "@UserID": "S-1-5-18"
                    },
                    "Task": "5",
                    "Version": "3"
                },
                "event_data": {
                    "Image": "C:\\Windows\\System32\\dllhost.exe",
                    "ProcessGuid": "{4aadf4ab-2aae-5ed1-0000-00100ec71b22}",
                    "ProcessId": "3368",
                    "RuleName": "None",
                    "UtcTime": "2020-05-29 15:39:01.004"
                },
                "time_created": "2020-05-29T15:39:01.008074"
            }
        },
        "_type": "_doc"
    },
    {
        "_index": "winlogbeat",
        "_score": 1.0,
        "_source": {
            "meta": {},
            "winlog": {
                "@xmlns": "http://schemas.microsoft.com/win/2004/08/events/event",
                "System": {
                    "Channel": "Microsoft-Windows-Sysmon/Operational",
                    "Computer": "MrNoob-DC.noobville.net",
                    "Correlation": {
                        "@ActivityID": "",
                        "@RelatedActivityID": ""
                    },
                    "EventID": {
                        "#text": "1",
                        "@Qualifiers": ""
                    },
                    "EventRecordID": "10599642",
                    "Execution": {
                        "@ProcessID": "4760",
                        "@ThreadID": "1352"
                    },
                    "Keywords": "0x8000000000000000",
                    "Level": "4",
                    "Opcode": "0",
                    "Provider": {
                        "@Guid": "{5770385f-c22a-43e0-bf4c-06f5698ffbd9}",
                        "@Name": "Microsoft-Windows-Sysmon"
                    },
                    "Security": {
                        "@UserID": "S-1-5-18"
                    },
                    "Task": "1",
                    "Version": "5"
                },
                "event_data": {
                    "CommandLine": "xcopy  C:\\windows\\system32\\winevt\\logs\\security.evtx .",
                    "Company": "Microsoft Corporation",
                    "CurrentDirectory": "C:\\Users\\Administrator\\foo\\",
                    "Description": "Extended Copy Utility",
                    "FileVersion": "10.0.14393.0 (rs1_release.160715-1616)",
                    "Hashes": "SHA1=F14464679AD317538619331B1EDB67316E9DF140",
                    "Image": "C:\\Windows\\System32\\xcopy.exe",
                    "IntegrityLevel": "High",
                    "LogonGuid": "{4aadf4ab-a36f-5ec6-0000-0020549c0500}",
                    "LogonId": "0x0000000000059c54",
                    "OriginalFileName": "XCOPY.EXE",
                    "ParentCommandLine": "\"C:\\Windows\\system32\\cmd.exe\"",
                    "ParentImage": "C:\\Windows\\System32\\cmd.exe",
                    "ParentProcessGuid": "{4aadf4ab-2ab0-5ed1-0000-00101ae21b22}",
                    "ParentProcessId": "4552",
                    "ProcessGuid": "{4aadf4ab-2c9f-5ed1-0000-0010982e2222}",
                    "ProcessId": "4128",
                    "Product": "Microsoft\u00ae Windows\u00ae Operating System",
                    "RuleName": "None",
                    "TerminalSessionId": "2",
                    "User": "NOOBVILLE\\Administrator",
                    "UtcTime": "2020-05-29 15:39:11.940"
                },
                "time_created": "2020-05-29T15:39:11.946466"
            }
        },
        "_type": "_doc"
    },
    {
        "_index": "winlogbeat",
        "_score": 1.0,
        "_source": {
            "meta": {},
            "winlog": {
                "@xmlns": "http://schemas.microsoft.com/win/2004/08/events/event",
                "System": {
                    "Channel": "Microsoft-Windows-Sysmon/Operational",
                    "Computer": "MrNoob-DC.noobville.net",
                    "Correlation": {
                        "@ActivityID": "",
                        "@RelatedActivityID": ""
                    },
                    "EventID": {
                        "#text": "5",
                        "@Qualifiers": ""
                    },
                    "EventRecordID": "10599643",
                    "Execution": {
                        "@ProcessID": "4760",
                        "@ThreadID": "1352"
                    },
                    "Keywords": "0x8000000000000000",
                    "Level": "4",
                    "Opcode": "0",
                    "Provider": {
                        "@Guid": "{5770385f-c22a-43e0-bf4c-06f5698ffbd9}",
                        "@Name": "Microsoft-Windows-Sysmon"
                    },
                    "Security": {
                        "@UserID": "S-1-5-18"
                    },
                    "Task": "5",
                    "Version": "3"
                },
                "event_data": {
                    "Image": "C:\\Windows\\System32\\xcopy.exe",
                    "ProcessGuid": "{4aadf4ab-2c9f-5ed1-0000-0010982e2222}",
                    "ProcessId": "4128",
                    "RuleName": "None",
                    "UtcTime": "2020-05-29 15:39:12.019"
                },
                "time_created": "2020-05-29T15:39:12.028120"
            }
        },
        "_type": "_doc"
    },
    {
        "_index": "winlogbeat",
        "_score": 1.0,
        "_source": {
            "meta": {},
            "winlog": {
                "@xmlns": "http://schemas.microsoft.com/win/2004/08/events/event",
                "System": {
                    "Channel": "Microsoft-Windows-Sysmon/Operational",
                    "Computer": "MrNoob-DC.noobville.net",
                    "Correlation": {
                        "@ActivityID": "",
                        "@RelatedActivityID": ""
                    },
                    "EventID": {
                        "#text": "1",
                        "@Qualifiers": ""
                    },
                    "EventRecordID": "10599644",
                    "Execution": {
                        "@ProcessID": "4760",
                        "@ThreadID": "1352"
                    },
                    "Keywords": "0x8000000000000000",
                    "Level": "4",
                    "Opcode": "0",
                    "Provider": {
                        "@Guid": "{5770385f-c22a-43e0-bf4c-06f5698ffbd9}",
                        "@Name": "Microsoft-Windows-Sysmon"
                    },
                    "Security": {
                        "@UserID": "S-1-5-18"
                    },
                    "Task": "1",
                    "Version": "5"
                },
                "event_data": {
                    "CommandLine": "xcopy  C:\\windows\\system32\\winevt\\logs\\system.evtx .",
                    "Company": "Microsoft Corporation",
                    "CurrentDirectory": "C:\\Users\\Administrator\\foo\\",
                    "Description": "Extended Copy Utility",
                    "FileVersion": "10.0.14393.0 (rs1_release.160715-1616)",
                    "Hashes": "SHA1=F14464679AD317538619331B1EDB67316E9DF140",
                    "Image": "C:\\Windows\\System32\\xcopy.exe",
                    "IntegrityLevel": "High",
                    "LogonGuid": "{4aadf4ab-a36f-5ec6-0000-0020549c0500}",
                    "LogonId": "0x0000000000059c54",
                    "OriginalFileName": "XCOPY.EXE",
                    "ParentCommandLine": "\"C:\\Windows\\system32\\cmd.exe\"",
                    "ParentImage": "C:\\Windows\\System32\\cmd.exe",
                    "ParentProcessGuid": "{4aadf4ab-2ab0-5ed1-0000-00101ae21b22}",
                    "ParentProcessId": "4552",
                    "ProcessGuid": "{4aadf4ab-2ca7-5ed1-0000-00102d432222}",
                    "ProcessId": "3848",
                    "Product": "Microsoft\u00ae Windows\u00ae Operating System",
                    "RuleName": "None",
                    "TerminalSessionId": "2",
                    "User": "NOOBVILLE\\Administrator",
                    "UtcTime": "2020-05-29 15:39:19.152"
                },
                "time_created": "2020-05-29T15:39:19.154457"
            }
        },
        "_type": "_doc"
    },
    {
        "_index": "winlogbeat",
        "_score": 1.0,
        "_source": {
            "meta": {},
            "winlog": {
                "@xmlns": "http://schemas.microsoft.com/win/2004/08/events/event",
                "System": {
                    "Channel": "Microsoft-Windows-Sysmon/Operational",
                    "Computer": "MrNoob-DC.noobville.net",
                    "Correlation": {
                        "@ActivityID": "",
                        "@RelatedActivityID": ""
                    },
                    "EventID": {
                        "#text": "5",
                        "@Qualifiers": ""
                    },
                    "EventRecordID": "10599645",
                    "Execution": {
                        "@ProcessID": "4760",
                        "@ThreadID": "1352"
                    },
                    "Keywords": "0x8000000000000000",
                    "Level": "4",
                    "Opcode": "0",
                    "Provider": {
                        "@Guid": "{5770385f-c22a-43e0-bf4c-06f5698ffbd9}",
                        "@Name": "Microsoft-Windows-Sysmon"
                    },
                    "Security": {
                        "@UserID": "S-1-5-18"
                    },
                    "Task": "5",
                    "Version": "3"
                },
                "event_data": {
                    "Image": "C:\\Windows\\System32\\xcopy.exe",
                    "ProcessGuid": "{4aadf4ab-2ca7-5ed1-0000-00102d432222}",
                    "ProcessId": "3848",
                    "RuleName": "None",
                    "UtcTime": "2020-05-29 15:39:19.160"
                },
                "time_created": "2020-05-29T15:39:19.172861"
            }
        },
        "_type": "_doc"
    },
    {
        "_index": "winlogbeat",
        "_score": 1.0,
        "_source": {
            "meta": {},
            "winlog": {
                "@xmlns": "http://schemas.microsoft.com/win/2004/08/events/event",
                "System": {
                    "Channel": "Microsoft-Windows-Sysmon/Operational",
                    "Computer": "MrNoob-DC.noobville.net",
                    "Correlation": {
                        "@ActivityID": "",
                        "@RelatedActivityID": ""
                    },
                    "EventID": {
                        "#text": "1",
                        "@Qualifiers": ""
                    },
                    "EventRecordID": "10599646",
                    "Execution": {
                        "@ProcessID": "4760",
                        "@ThreadID": "1352"
                    },
                    "Keywords": "0x8000000000000000",
                    "Level": "4",
                    "Opcode": "0",
                    "Provider": {
                        "@Guid": "{5770385f-c22a-43e0-bf4c-06f5698ffbd9}",
                        "@Name": "Microsoft-Windows-Sysmon"
                    },
                    "Security": {
                        "@UserID": "S-1-5-18"
                    },
                    "Task": "1",
                    "Version": "5"
                },
                "event_data": {
                    "CommandLine": "C:\\Windows\\system32\\msfeedssync.exe sync",
                    "Company": "Microsoft Corporation",
                    "CurrentDirectory": "C:\\Windows\\system32\\",
                    "Description": "Microsoft Feeds Synchronization",
                    "FileVersion": "11.00.14393.2007 (rs1_release.171231-1800)",
                    "Hashes": "SHA1=7D208A8EDE1B07FFDED269521A9A3DC17633336F",
                    "Image": "C:\\Windows\\System32\\msfeedssync.exe",
                    "IntegrityLevel": "High",
                    "LogonGuid": "{4aadf4ab-a36f-5ec6-0000-0020549c0500}",
                    "LogonId": "0x0000000000059c54",
                    "OriginalFileName": "msfeedssync.exe",
                    "ParentCommandLine": "C:\\Windows\\system32\\svchost.exe -k netsvcs",
                    "ParentImage": "C:\\Windows\\System32\\svchost.exe",
                    "ParentProcessGuid": "{4aadf4ab-a245-5ec6-0000-00105a510100}",
                    "ParentProcessId": "1236",
                    "ProcessGuid": "{4aadf4ab-2cc4-5ed1-0000-00102da72222}",
                    "ProcessId": "4428",
                    "Product": "Internet Explorer",
                    "RuleName": "None",
                    "TerminalSessionId": "2",
                    "User": "NOOBVILLE\\Administrator",
                    "UtcTime": "2020-05-29 15:39:48.007"
                },
                "time_created": "2020-05-29T15:39:48.009962"
            }
        },
        "_type": "_doc"
    },
    {
        "_index": "winlogbeat",
        "_score": 1.0,
        "_source": {
            "meta": {},
            "winlog": {
                "@xmlns": "http://schemas.microsoft.com/win/2004/08/events/event",
                "System": {
                    "Channel": "Microsoft-Windows-Sysmon/Operational",
                    "Computer": "MrNoob-DC.noobville.net",
                    "Correlation": {
                        "@ActivityID": "",
                        "@RelatedActivityID": ""
                    },
                    "EventID": {
                        "#text": "2",
                        "@Qualifiers": ""
                    },
                    "EventRecordID": "10599647",
                    "Execution": {
                        "@ProcessID": "4760",
                        "@ThreadID": "1352"
                    },
                    "Keywords": "0x8000000000000000",
                    "Level": "4",
                    "Opcode": "0",
                    "Provider": {
                        "@Guid": "{5770385f-c22a-43e0-bf4c-06f5698ffbd9}",
                        "@Name": "Microsoft-Windows-Sysmon"
                    },
                    "Security": {
                        "@UserID": "S-1-5-18"
                    },
                    "Task": "2",
                    "Version": "4"
                },
                "event_data": {
                    "CreationUtcTime": "2020-05-29 15:40:19.691",
                    "Image": "C:\\Windows\\system32\\msfeedssync.exe",
                    "PreviousCreationUtcTime": "2020-05-29 15:24:48.841",
                    "ProcessGuid": "{4aadf4ab-2cc4-5ed1-0000-00102da72222}",
                    "ProcessId": "4428",
                    "RuleName": "None",
                    "TargetFilename": "C:\\Users\\Administrator\\AppData\\Local\\Microsoft\\Windows\\INetCache\\Low\\SuggestedSites.dat",
                    "UtcTime": "2020-05-29 15:40:19.691"
                },
                "time_created": "2020-05-29T15:40:19.694586"
            }
        },
        "_type": "_doc"
    },
    {
        "_index": "winlogbeat",
        "_score": 1.0,
        "_source": {
            "meta": {},
            "winlog": {
                "@xmlns": "http://schemas.microsoft.com/win/2004/08/events/event",
                "System": {
                    "Channel": "Microsoft-Windows-Sysmon/Operational",
                    "Computer": "MrNoob-DC.noobville.net",
                    "Correlation": {
                        "@ActivityID": "",
                        "@RelatedActivityID": ""
                    },
                    "EventID": {
                        "#text": "5",
                        "@Qualifiers": ""
                    },
                    "EventRecordID": "10599648",
                    "Execution": {
                        "@ProcessID": "4760",
                        "@ThreadID": "1352"
                    },
                    "Keywords": "0x8000000000000000",
                    "Level": "4",
                    "Opcode": "0",
                    "Provider": {
                        "@Guid": "{5770385f-c22a-43e0-bf4c-06f5698ffbd9}",
                        "@Name": "Microsoft-Windows-Sysmon"
                    },
                    "Security": {
                        "@UserID": "S-1-5-18"
                    },
                    "Task": "5",
                    "Version": "3"
                },
                "event_data": {
                    "Image": "C:\\Windows\\System32\\msfeedssync.exe",
                    "ProcessGuid": "{4aadf4ab-2cc4-5ed1-0000-00102da72222}",
                    "ProcessId": "4428",
                    "RuleName": "None",
                    "UtcTime": "2020-05-29 15:40:20.004"
                },
                "time_created": "2020-05-29T15:40:20.022808"
            }
        },
        "_type": "_doc"
    },
    {
        "_index": "winlogbeat",
        "_score": 1.0,
        "_source": {
            "meta": {},
            "winlog": {
                "@xmlns": "http://schemas.microsoft.com/win/2004/08/events/event",
                "System": {
                    "Channel": "Microsoft-Windows-Sysmon/Operational",
                    "Computer": "pc-niubbo.noobville.net",
                    "Correlation": {
                        "@ActivityID": "",
                        "@RelatedActivityID": ""
                    },
                    "EventID": {
                        "#text": "10",
                        "@Qualifiers": ""
                    },
                    "EventRecordID": "331115",
                    "Execution": {
                        "@ProcessID": "3268",
                        "@ThreadID": "4464"
                    },
                    "Keywords": "0x8000000000000000",
                    "Level": "4",
                    "Opcode": "0",
                    "Provider": {
                        "@Guid": "{5770385f-c22a-43e0-bf4c-06f5698ffbd9}",
                        "@Name": "Microsoft-Windows-Sysmon"
                    },
                    "Security": {
                        "@UserID": "S-1-5-18"
                    },
                    "Task": "10",
                    "Version": "3"
                },
                "event_data": {
                    "CallTrace": "C:\\WINDOWS\\SYSTEM32\\ntdll.dll+9c534|C:\\WINDOWS\\System32\\KERNELBASE.dll+2726e|C:\\WINDOWS\\system32\\wbem\\cimwin32.dll+f46e|C:\\WINDOWS\\system32\\wbem\\cimwin32.dll+faf5|C:\\WINDOWS\\SYSTEM32\\framedynos.dll+55a2|C:\\WINDOWS\\SYSTEM32\\framedynos.dll+6d2d|C:\\WINDOWS\\system32\\wbem\\wmiprvse.exe+8ad1|C:\\WINDOWS\\system32\\wbem\\wmiprvse.exe+8753|C:\\WINDOWS\\System32\\RPCRT4.dll+76953|C:\\WINDOWS\\System32\\RPCRT4.dll+1364b|C:\\WINDOWS\\System32\\combase.dll+a2c02|C:\\WINDOWS\\System32\\RPCRT4.dll+59a7b|C:\\WINDOWS\\System32\\combase.dll+2f163|C:\\WINDOWS\\System32\\combase.dll+2ef53|C:\\WINDOWS\\System32\\combase.dll+a5796|C:\\WINDOWS\\System32\\combase.dll+4884a|C:\\WINDOWS\\System32\\combase.dll+a16bd|C:\\WINDOWS\\System32\\combase.dll+5719c|C:\\WINDOWS\\System32\\combase.dll+57a01|C:\\WINDOWS\\System32\\combase.dll+591a8|C:\\WINDOWS\\System32\\RPCRT4.dll+548c8|C:\\WINDOWS\\System32\\RPCRT4.dll+2c921|C:\\WINDOWS\\System32\\RPCRT4.dll+2c470|C:\\WINDOWS\\System32\\RPCRT4.dll+1a6bf",
                    "GrantedAccess": "0x00001410",
                    "RuleName": "None",
                    "SourceImage": "C:\\WINDOWS\\system32\\wbem\\wmiprvse.exe",
                    "SourceProcessGUID": "{b9db5ea0-7d25-5ecb-0000-001069410400}",
                    "SourceProcessId": "1152",
                    "SourceThreadId": "11192",
                    "TargetImage": "C:\\WINDOWS\\system32\\lsass.exe",
                    "TargetProcessGUID": "{b9db5ea0-7caf-5ecb-0000-0010ae9f0000}",
                    "TargetProcessId": "692",
                    "UtcTime": "2020-05-29 16:36:13.166"
                },
                "time_created": "2020-05-29T16:36:13.181240"
            }
        },
        "_type": "_doc"
    },
    {
        "_index": "winlogbeat",
        "_score": 1.0,
        "_source": {
            "meta": {},
            "winlog": {
                "@xmlns": "http://schemas.microsoft.com/win/2004/08/events/event",
                "System": {
                    "Channel": "Microsoft-Windows-Sysmon/Operational",
                    "Computer": "pc-niubbo.noobville.net",
                    "Correlation": {
                        "@ActivityID": "",
                        "@RelatedActivityID": ""
                    },
                    "EventID": {
                        "#text": "10",
                        "@Qualifiers": ""
                    },
                    "EventRecordID": "331116",
                    "Execution": {
                        "@ProcessID": "3268",
                        "@ThreadID": "4464"
                    },
                    "Keywords": "0x8000000000000000",
                    "Level": "4",
                    "Opcode": "0",
                    "Provider": {
                        "@Guid": "{5770385f-c22a-43e0-bf4c-06f5698ffbd9}",
                        "@Name": "Microsoft-Windows-Sysmon"
                    },
                    "Security": {
                        "@UserID": "S-1-5-18"
                    },
                    "Task": "10",
                    "Version": "3"
                },
                "event_data": {
                    "CallTrace": "C:\\WINDOWS\\SYSTEM32\\ntdll.dll+9c534|C:\\WINDOWS\\System32\\KERNELBASE.dll+2726e|C:\\WINDOWS\\system32\\wbem\\cimwin32.dll+f46e|C:\\WINDOWS\\system32\\wbem\\cimwin32.dll+faf5|C:\\WINDOWS\\SYSTEM32\\framedynos.dll+55a2|C:\\WINDOWS\\SYSTEM32\\framedynos.dll+6d2d|C:\\WINDOWS\\system32\\wbem\\wmiprvse.exe+8ad1|C:\\WINDOWS\\system32\\wbem\\wmiprvse.exe+8753|C:\\WINDOWS\\System32\\RPCRT4.dll+76953|C:\\WINDOWS\\System32\\RPCRT4.dll+1364b|C:\\WINDOWS\\System32\\combase.dll+a2c02|C:\\WINDOWS\\System32\\RPCRT4.dll+59a7b|C:\\WINDOWS\\System32\\combase.dll+2f163|C:\\WINDOWS\\System32\\combase.dll+2ef53|C:\\WINDOWS\\System32\\combase.dll+a5796|C:\\WINDOWS\\System32\\combase.dll+4884a|C:\\WINDOWS\\System32\\combase.dll+a16bd|C:\\WINDOWS\\System32\\combase.dll+5719c|C:\\WINDOWS\\System32\\combase.dll+57a01|C:\\WINDOWS\\System32\\combase.dll+591a8|C:\\WINDOWS\\System32\\RPCRT4.dll+548c8|C:\\WINDOWS\\System32\\RPCRT4.dll+2c921|C:\\WINDOWS\\System32\\RPCRT4.dll+2c470|C:\\WINDOWS\\System32\\RPCRT4.dll+1a6bf",
                    "GrantedAccess": "0x00001410",
                    "RuleName": "None",
                    "SourceImage": "C:\\WINDOWS\\system32\\wbem\\wmiprvse.exe",
                    "SourceProcessGUID": "{b9db5ea0-7d25-5ecb-0000-001069410400}",
                    "SourceProcessId": "1152",
                    "SourceThreadId": "11192",
                    "TargetImage": "C:\\WINDOWS\\system32\\lsass.exe",
                    "TargetProcessGUID": "{b9db5ea0-7caf-5ecb-0000-0010ae9f0000}",
                    "TargetProcessId": "692",
                    "UtcTime": "2020-05-29 16:36:13.229"
                },
                "time_created": "2020-05-29T16:36:13.229452"
            }
        },
        "_type": "_doc"
    },
    {
        "_index": "winlogbeat",
        "_score": 1.0,
        "_source": {
            "meta": {},
            "winlog": {
                "@xmlns": "http://schemas.microsoft.com/win/2004/08/events/event",
                "System": {
                    "Channel": "Microsoft-Windows-Sysmon/Operational",
                    "Computer": "pc-niubbo.noobville.net",
                    "Correlation": {
                        "@ActivityID": "",
                        "@RelatedActivityID": ""
                    },
                    "EventID": {
                        "#text": "10",
                        "@Qualifiers": ""
                    },
                    "EventRecordID": "331117",
                    "Execution": {
                        "@ProcessID": "3268",
                        "@ThreadID": "4464"
                    },
                    "Keywords": "0x8000000000000000",
                    "Level": "4",
                    "Opcode": "0",
                    "Provider": {
                        "@Guid": "{5770385f-c22a-43e0-bf4c-06f5698ffbd9}",
                        "@Name": "Microsoft-Windows-Sysmon"
                    },
                    "Security": {
                        "@UserID": "S-1-5-18"
                    },
                    "Task": "10",
                    "Version": "3"
                },
                "event_data": {
                    "CallTrace": "C:\\WINDOWS\\SYSTEM32\\ntdll.dll+9c534|C:\\WINDOWS\\System32\\KERNELBASE.dll+2726e|C:\\WINDOWS\\system32\\wbem\\cimwin32.dll+f46e|C:\\WINDOWS\\system32\\wbem\\cimwin32.dll+faf5|C:\\WINDOWS\\SYSTEM32\\framedynos.dll+55a2|C:\\WINDOWS\\SYSTEM32\\framedynos.dll+6d2d|C:\\WINDOWS\\system32\\wbem\\wmiprvse.exe+8ad1|C:\\WINDOWS\\system32\\wbem\\wmiprvse.exe+8753|C:\\WINDOWS\\System32\\RPCRT4.dll+76953|C:\\WINDOWS\\System32\\RPCRT4.dll+1364b|C:\\WINDOWS\\System32\\combase.dll+a2c02|C:\\WINDOWS\\System32\\RPCRT4.dll+59a7b|C:\\WINDOWS\\System32\\combase.dll+2f163|C:\\WINDOWS\\System32\\combase.dll+2ef53|C:\\WINDOWS\\System32\\combase.dll+a5796|C:\\WINDOWS\\System32\\combase.dll+4884a|C:\\WINDOWS\\System32\\combase.dll+a16bd|C:\\WINDOWS\\System32\\combase.dll+5719c|C:\\WINDOWS\\System32\\combase.dll+57a01|C:\\WINDOWS\\System32\\combase.dll+591a8|C:\\WINDOWS\\System32\\RPCRT4.dll+548c8|C:\\WINDOWS\\System32\\RPCRT4.dll+2c921|C:\\WINDOWS\\System32\\RPCRT4.dll+2c470|C:\\WINDOWS\\System32\\RPCRT4.dll+1a6bf",
                    "GrantedAccess": "0x00001410",
                    "RuleName": "None",
                    "SourceImage": "C:\\WINDOWS\\system32\\wbem\\wmiprvse.exe",
                    "SourceProcessGUID": "{b9db5ea0-7d25-5ecb-0000-001069410400}",
                    "SourceProcessId": "1152",
                    "SourceThreadId": "11192",
                    "TargetImage": "C:\\WINDOWS\\system32\\lsass.exe",
                    "TargetProcessGUID": "{b9db5ea0-7caf-5ecb-0000-0010ae9f0000}",
                    "TargetProcessId": "692",
                    "UtcTime": "2020-05-29 16:36:16.274"
                },
                "time_created": "2020-05-29T16:36:16.287552"
            }
        },
        "_type": "_doc"
    },
    {
        "_index": "winlogbeat",
        "_score": 1.0,
        "_source": {
            "meta": {},
            "winlog": {
                "@xmlns": "http://schemas.microsoft.com/win/2004/08/events/event",
                "System": {
                    "Channel": "Microsoft-Windows-Sysmon/Operational",
                    "Computer": "pc-niubbo.noobville.net",
                    "Correlation": {
                        "@ActivityID": "",
                        "@RelatedActivityID": ""
                    },
                    "EventID": {
                        "#text": "10",
                        "@Qualifiers": ""
                    },
                    "EventRecordID": "331118",
                    "Execution": {
                        "@ProcessID": "3268",
                        "@ThreadID": "4464"
                    },
                    "Keywords": "0x8000000000000000",
                    "Level": "4",
                    "Opcode": "0",
                    "Provider": {
                        "@Guid": "{5770385f-c22a-43e0-bf4c-06f5698ffbd9}",
                        "@Name": "Microsoft-Windows-Sysmon"
                    },
                    "Security": {
                        "@UserID": "S-1-5-18"
                    },
                    "Task": "10",
                    "Version": "3"
                },
                "event_data": {
                    "CallTrace": "C:\\WINDOWS\\SYSTEM32\\ntdll.dll+9c534|C:\\WINDOWS\\System32\\KERNELBASE.dll+2726e|C:\\WINDOWS\\system32\\wbem\\cimwin32.dll+f46e|C:\\WINDOWS\\system32\\wbem\\cimwin32.dll+faf5|C:\\WINDOWS\\SYSTEM32\\framedynos.dll+55a2|C:\\WINDOWS\\SYSTEM32\\framedynos.dll+6d2d|C:\\WINDOWS\\system32\\wbem\\wmiprvse.exe+8ad1|C:\\WINDOWS\\system32\\wbem\\wmiprvse.exe+8753|C:\\WINDOWS\\System32\\RPCRT4.dll+76953|C:\\WINDOWS\\System32\\RPCRT4.dll+1364b|C:\\WINDOWS\\System32\\combase.dll+a2c02|C:\\WINDOWS\\System32\\RPCRT4.dll+59a7b|C:\\WINDOWS\\System32\\combase.dll+2f163|C:\\WINDOWS\\System32\\combase.dll+2ef53|C:\\WINDOWS\\System32\\combase.dll+a5796|C:\\WINDOWS\\System32\\combase.dll+4884a|C:\\WINDOWS\\System32\\combase.dll+a16bd|C:\\WINDOWS\\System32\\combase.dll+5719c|C:\\WINDOWS\\System32\\combase.dll+57a01|C:\\WINDOWS\\System32\\combase.dll+591a8|C:\\WINDOWS\\System32\\RPCRT4.dll+548c8|C:\\WINDOWS\\System32\\RPCRT4.dll+2c921|C:\\WINDOWS\\System32\\RPCRT4.dll+2c470|C:\\WINDOWS\\System32\\RPCRT4.dll+1a6bf",
                    "GrantedAccess": "0x00001410",
                    "RuleName": "None",
                    "SourceImage": "C:\\WINDOWS\\system32\\wbem\\wmiprvse.exe",
                    "SourceProcessGUID": "{b9db5ea0-7d25-5ecb-0000-001069410400}",
                    "SourceProcessId": "1152",
                    "SourceThreadId": "11192",
                    "TargetImage": "C:\\WINDOWS\\system32\\lsass.exe",
                    "TargetProcessGUID": "{b9db5ea0-7caf-5ecb-0000-0010ae9f0000}",
                    "TargetProcessId": "692",
                    "UtcTime": "2020-05-29 16:36:16.321"
                },
                "time_created": "2020-05-29T16:36:16.335196"
            }
        },
        "_type": "_doc"
    },
    {
        "_index": "winlogbeat",
        "_score": 1.0,
        "_source": {
            "meta": {},
            "winlog": {
                "@xmlns": "http://schemas.microsoft.com/win/2004/08/events/event",
                "System": {
                    "Channel": "Microsoft-Windows-Sysmon/Operational",
                    "Computer": "pc-niubbo.noobville.net",
                    "Correlation": {
                        "@ActivityID": "",
                        "@RelatedActivityID": ""
                    },
                    "EventID": {
                        "#text": "10",
                        "@Qualifiers": ""
                    },
                    "EventRecordID": "331119",
                    "Execution": {
                        "@ProcessID": "3268",
                        "@ThreadID": "4464"
                    },
                    "Keywords": "0x8000000000000000",
                    "Level": "4",
                    "Opcode": "0",
                    "Provider": {
                        "@Guid": "{5770385f-c22a-43e0-bf4c-06f5698ffbd9}",
                        "@Name": "Microsoft-Windows-Sysmon"
                    },
                    "Security": {
                        "@UserID": "S-1-5-18"
                    },
                    "Task": "10",
                    "Version": "3"
                },
                "event_data": {
                    "CallTrace": "C:\\WINDOWS\\SYSTEM32\\ntdll.dll+9c534|C:\\WINDOWS\\System32\\KERNELBASE.dll+2726e|C:\\WINDOWS\\system32\\wbem\\cimwin32.dll+f46e|C:\\WINDOWS\\system32\\wbem\\cimwin32.dll+faf5|C:\\WINDOWS\\SYSTEM32\\framedynos.dll+55a2|C:\\WINDOWS\\SYSTEM32\\framedynos.dll+6d2d|C:\\WINDOWS\\system32\\wbem\\wmiprvse.exe+8ad1|C:\\WINDOWS\\system32\\wbem\\wmiprvse.exe+8753|C:\\WINDOWS\\System32\\RPCRT4.dll+76953|C:\\WINDOWS\\System32\\RPCRT4.dll+1364b|C:\\WINDOWS\\System32\\combase.dll+a2c02|C:\\WINDOWS\\System32\\RPCRT4.dll+59a7b|C:\\WINDOWS\\System32\\combase.dll+2f163|C:\\WINDOWS\\System32\\combase.dll+2ef53|C:\\WINDOWS\\System32\\combase.dll+a5796|C:\\WINDOWS\\System32\\combase.dll+4884a|C:\\WINDOWS\\System32\\combase.dll+a16bd|C:\\WINDOWS\\System32\\combase.dll+5719c|C:\\WINDOWS\\System32\\combase.dll+57a01|C:\\WINDOWS\\System32\\combase.dll+591a8|C:\\WINDOWS\\System32\\RPCRT4.dll+548c8|C:\\WINDOWS\\System32\\RPCRT4.dll+2c921|C:\\WINDOWS\\System32\\RPCRT4.dll+2c470|C:\\WINDOWS\\System32\\RPCRT4.dll+1a6bf",
                    "GrantedAccess": "0x00001410",
                    "RuleName": "None",
                    "SourceImage": "C:\\WINDOWS\\system32\\wbem\\wmiprvse.exe",
                    "SourceProcessGUID": "{b9db5ea0-7d25-5ecb-0000-001069410400}",
                    "SourceProcessId": "1152",
                    "SourceThreadId": "11192",
                    "TargetImage": "C:\\WINDOWS\\system32\\lsass.exe",
                    "TargetProcessGUID": "{b9db5ea0-7caf-5ecb-0000-0010ae9f0000}",
                    "TargetProcessId": "692",
                    "UtcTime": "2020-05-29 16:36:19.367"
                },
                "time_created": "2020-05-29T16:36:19.382811"
            }
        },
        "_type": "_doc"
    },
