    {
        "_index": "winlogbeat",
        "_score": 1.0,
        "_source": {
            "meta": {},
            "winlog": {
                "@xmlns": "http://schemas.microsoft.com/win/2004/08/events/event",
                "System": {
                    "Channel": "Microsoft-Windows-TaskScheduler/Operational",
                    "Computer": "pc-niubbo.noobville.net",
                    "Correlation": {
                        "@ActivityID": "",
                        "@RelatedActivityID": ""
                    },
                    "EventID": {
                        "#text": "106",
                        "@Qualifiers": ""
                    },
                    "EventRecordID": "5254",
                    "Execution": {
                        "@ProcessID": "1516",
                        "@ThreadID": "8992"
                    },
                    "Keywords": "0x8000000000000000",
                    "Level": "4",
                    "Opcode": "0",
                    "Provider": {
                        "@Guid": "{de7b24ea-73c8-4a09-985d-5bdadcfa9017}",
                        "@Name": "Microsoft-Windows-TaskScheduler"
                    },
                    "Security": {
                        "@UserID": "S-1-5-18"
                    },
                    "Task": "106",
                    "Version": "0"
                },
                "event_data": {
                    "TaskName": "\\EasyCheck",
                    "UserContext": "S-1-5-18"
                },
                "time_created": "2020-05-29T19:52:50.056744"
            }
        },
        "_type": "_doc"
    },
    {
        "_index": "winlogbeat",
        "_score": 1.0,
        "_source": {
            "meta": {},
            "winlog": {
                "@xmlns": "http://schemas.microsoft.com/win/2004/08/events/event",
                "System": {
                    "Channel": "Microsoft-Windows-TaskScheduler/Operational",
                    "Computer": "pc-niubbo.noobville.net",
                    "Correlation": {
                        "@ActivityID": "",
                        "@RelatedActivityID": ""
                    },
                    "EventID": {
                        "#text": "140",
                        "@Qualifiers": ""
                    },
                    "EventRecordID": "5255",
                    "Execution": {
                        "@ProcessID": "1516",
                        "@ThreadID": "8992"
                    },
                    "Keywords": "0x8000000000000000",
                    "Level": "4",
                    "Opcode": "0",
                    "Provider": {
                        "@Guid": "{de7b24ea-73c8-4a09-985d-5bdadcfa9017}",
                        "@Name": "Microsoft-Windows-TaskScheduler"
                    },
                    "Security": {
                        "@UserID": "S-1-5-18"
                    },
                    "Task": "140",
                    "Version": "0"
                },
                "event_data": {
                    "TaskName": "\\EasyCheck",
                    "UserName": "S-1-5-18"
                },
                "time_created": "2020-05-29T19:52:50.056747"
            }
        },
        "_type": "_doc"
    },
    {
        "_index": "winlogbeat",
        "_score": 1.0,
        "_source": {
            "meta": {},
            "winlog": {
                "@xmlns": "http://schemas.microsoft.com/win/2004/08/events/event",
                "System": {
                    "Channel": "Microsoft-Windows-Sysmon/Operational",
                    "Computer": "pc-niubbo.noobville.net",
                    "Correlation": {
                        "@ActivityID": "",
                        "@RelatedActivityID": ""
                    },
                    "EventID": {
                        "#text": "10",
                        "@Qualifiers": ""
                    },
                    "EventRecordID": "344690",
                    "Execution": {
                        "@ProcessID": "2616",
                        "@ThreadID": "4664"
                    },
                    "Keywords": "0x8000000000000000",
                    "Level": "4",
                    "Opcode": "0",
                    "Provider": {
                        "@Guid": "{5770385f-c22a-43e0-bf4c-06f5698ffbd9}",
                        "@Name": "Microsoft-Windows-Sysmon"
                    },
                    "Security": {
                        "@UserID": "S-1-5-18"
                    },
                    "Task": "10",
                    "Version": "3"
                },
                "event_data": {
                    "CallTrace": "C:\\WINDOWS\\SYSTEM32\\ntdll.dll+9c534|C:\\WINDOWS\\System32\\KERNELBASE.dll+2726e|C:\\WINDOWS\\system32\\wbem\\cimwin32.dll+f46e|C:\\WINDOWS\\system32\\wbem\\cimwin32.dll+faf5|C:\\WINDOWS\\SYSTEM32\\framedynos.dll+55a2|C:\\WINDOWS\\SYSTEM32\\framedynos.dll+6d2d|C:\\WINDOWS\\system32\\wbem\\wmiprvse.exe+8ad1|C:\\WINDOWS\\system32\\wbem\\wmiprvse.exe+8753|C:\\WINDOWS\\System32\\RPCRT4.dll+76953|C:\\WINDOWS\\System32\\RPCRT4.dll+1364b|C:\\WINDOWS\\System32\\combase.dll+a2c02|C:\\WINDOWS\\System32\\RPCRT4.dll+59a7b|C:\\WINDOWS\\System32\\combase.dll+2f163|C:\\WINDOWS\\System32\\combase.dll+2ef53|C:\\WINDOWS\\System32\\combase.dll+a5796|C:\\WINDOWS\\System32\\combase.dll+4884a|C:\\WINDOWS\\System32\\combase.dll+a16bd|C:\\WINDOWS\\System32\\combase.dll+5719c|C:\\WINDOWS\\System32\\combase.dll+57a01|C:\\WINDOWS\\System32\\combase.dll+591a8|C:\\WINDOWS\\System32\\RPCRT4.dll+548c8|C:\\WINDOWS\\System32\\RPCRT4.dll+2c921|C:\\WINDOWS\\System32\\RPCRT4.dll+2c470|C:\\WINDOWS\\System32\\RPCRT4.dll+1a6bf",
                    "GrantedAccess": "0x00001410",
                    "RuleName": "None",
                    "SourceImage": "C:\\WINDOWS\\system32\\wbem\\wmiprvse.exe",
                    "SourceProcessGUID": "{b9db5ea0-6977-5ed1-0000-001051000400}",
                    "SourceProcessId": "5016",
                    "SourceThreadId": "4980",
                    "TargetImage": "C:\\WINDOWS\\system32\\lsass.exe",
                    "TargetProcessGUID": "{b9db5ea0-692e-5ed1-0000-0010b19b0000}",
                    "TargetProcessId": "680",
                    "UtcTime": "2020-05-29 20:23:07.426"
                },
                "time_created": "2020-05-29T20:23:07.433828"
            }
        },
        "_type": "_doc"
    },
    {
        "_index": "winlogbeat",
        "_score": 1.0,
        "_source": {
            "meta": {},
            "winlog": {
                "@xmlns": "http://schemas.microsoft.com/win/2004/08/events/event",
                "System": {
                    "Channel": "Microsoft-Windows-Sysmon/Operational",
                    "Computer": "pc-niubbo.noobville.net",
                    "Correlation": {
                        "@ActivityID": "",
                        "@RelatedActivityID": ""
                    },
                    "EventID": {
                        "#text": "10",
                        "@Qualifiers": ""
                    },
                    "EventRecordID": "344691",
                    "Execution": {
                        "@ProcessID": "2616",
                        "@ThreadID": "4664"
                    },
                    "Keywords": "0x8000000000000000",
                    "Level": "4",
                    "Opcode": "0",
                    "Provider": {
                        "@Guid": "{5770385f-c22a-43e0-bf4c-06f5698ffbd9}",
                        "@Name": "Microsoft-Windows-Sysmon"
                    },
                    "Security": {
                        "@UserID": "S-1-5-18"
                    },
                    "Task": "10",
                    "Version": "3"
                },
                "event_data": {
                    "CallTrace": "C:\\WINDOWS\\SYSTEM32\\ntdll.dll+9c534|C:\\WINDOWS\\System32\\KERNELBASE.dll+2726e|C:\\WINDOWS\\system32\\wbem\\cimwin32.dll+f46e|C:\\WINDOWS\\system32\\wbem\\cimwin32.dll+faf5|C:\\WINDOWS\\SYSTEM32\\framedynos.dll+55a2|C:\\WINDOWS\\SYSTEM32\\framedynos.dll+6d2d|C:\\WINDOWS\\system32\\wbem\\wmiprvse.exe+8ad1|C:\\WINDOWS\\system32\\wbem\\wmiprvse.exe+8753|C:\\WINDOWS\\System32\\RPCRT4.dll+76953|C:\\WINDOWS\\System32\\RPCRT4.dll+1364b|C:\\WINDOWS\\System32\\combase.dll+a2c02|C:\\WINDOWS\\System32\\RPCRT4.dll+59a7b|C:\\WINDOWS\\System32\\combase.dll+2f163|C:\\WINDOWS\\System32\\combase.dll+2ef53|C:\\WINDOWS\\System32\\combase.dll+a5796|C:\\WINDOWS\\System32\\combase.dll+4884a|C:\\WINDOWS\\System32\\combase.dll+a16bd|C:\\WINDOWS\\System32\\combase.dll+5719c|C:\\WINDOWS\\System32\\combase.dll+57a01|C:\\WINDOWS\\System32\\combase.dll+591a8|C:\\WINDOWS\\System32\\RPCRT4.dll+548c8|C:\\WINDOWS\\System32\\RPCRT4.dll+2c921|C:\\WINDOWS\\System32\\RPCRT4.dll+2c470|C:\\WINDOWS\\System32\\RPCRT4.dll+1a6bf",
                    "GrantedAccess": "0x00001410",
                    "RuleName": "None",
                    "SourceImage": "C:\\WINDOWS\\system32\\wbem\\wmiprvse.exe",
                    "SourceProcessGUID": "{b9db5ea0-6977-5ed1-0000-001051000400}",
                    "SourceProcessId": "5016",
                    "SourceThreadId": "4980",
                    "TargetImage": "C:\\WINDOWS\\system32\\lsass.exe",
                    "TargetProcessGUID": "{b9db5ea0-692e-5ed1-0000-0010b19b0000}",
                    "TargetProcessId": "680",
                    "UtcTime": "2020-05-29 20:23:07.473"
                },
                "time_created": "2020-05-29T20:23:07.479477"
            }
        },
        "_type": "_doc"
    },
    {
        "_index": "winlogbeat",
        "_score": 1.0,
        "_source": {
            "meta": {},
            "winlog": {
                "@xmlns": "http://schemas.microsoft.com/win/2004/08/events/event",
                "System": {
                    "Channel": "Microsoft-Windows-Sysmon/Operational",
                    "Computer": "pc-niubbo.noobville.net",
                    "Correlation": {
                        "@ActivityID": "",
                        "@RelatedActivityID": ""
                    },
                    "EventID": {
                        "#text": "10",
                        "@Qualifiers": ""
                    },
                    "EventRecordID": "344692",
                    "Execution": {
                        "@ProcessID": "2616",
                        "@ThreadID": "4664"
                    },
                    "Keywords": "0x8000000000000000",
                    "Level": "4",
                    "Opcode": "0",
                    "Provider": {
                        "@Guid": "{5770385f-c22a-43e0-bf4c-06f5698ffbd9}",
                        "@Name": "Microsoft-Windows-Sysmon"
                    },
                    "Security": {
                        "@UserID": "S-1-5-18"
                    },
                    "Task": "10",
                    "Version": "3"
                },
                "event_data": {
                    "CallTrace": "C:\\WINDOWS\\SYSTEM32\\ntdll.dll+9c534|C:\\WINDOWS\\System32\\KERNELBASE.dll+2726e|C:\\WINDOWS\\system32\\wbem\\cimwin32.dll+f46e|C:\\WINDOWS\\system32\\wbem\\cimwin32.dll+faf5|C:\\WINDOWS\\SYSTEM32\\framedynos.dll+55a2|C:\\WINDOWS\\SYSTEM32\\framedynos.dll+6d2d|C:\\WINDOWS\\system32\\wbem\\wmiprvse.exe+8ad1|C:\\WINDOWS\\system32\\wbem\\wmiprvse.exe+8753|C:\\WINDOWS\\System32\\RPCRT4.dll+76953|C:\\WINDOWS\\System32\\RPCRT4.dll+1364b|C:\\WINDOWS\\System32\\combase.dll+a2c02|C:\\WINDOWS\\System32\\RPCRT4.dll+59a7b|C:\\WINDOWS\\System32\\combase.dll+2f163|C:\\WINDOWS\\System32\\combase.dll+2ef53|C:\\WINDOWS\\System32\\combase.dll+a5796|C:\\WINDOWS\\System32\\combase.dll+4884a|C:\\WINDOWS\\System32\\combase.dll+a16bd|C:\\WINDOWS\\System32\\combase.dll+5719c|C:\\WINDOWS\\System32\\combase.dll+57a01|C:\\WINDOWS\\System32\\combase.dll+591a8|C:\\WINDOWS\\System32\\RPCRT4.dll+548c8|C:\\WINDOWS\\System32\\RPCRT4.dll+2c921|C:\\WINDOWS\\System32\\RPCRT4.dll+2c470|C:\\WINDOWS\\System32\\RPCRT4.dll+1a6bf",
                    "GrantedAccess": "0x00001410",
                    "RuleName": "None",
                    "SourceImage": "C:\\WINDOWS\\system32\\wbem\\wmiprvse.exe",
                    "SourceProcessGUID": "{b9db5ea0-6977-5ed1-0000-001051000400}",
                    "SourceProcessId": "5016",
                    "SourceThreadId": "4980",
                    "TargetImage": "C:\\WINDOWS\\system32\\lsass.exe",
                    "TargetProcessGUID": "{b9db5ea0-692e-5ed1-0000-0010b19b0000}",
                    "TargetProcessId": "680",
                    "UtcTime": "2020-05-29 20:23:10.940"
                },
                "time_created": "2020-05-29T20:23:10.943201"
            }
        },
        "_type": "_doc"
    },
    {
        "_index": "winlogbeat",
        "_score": 1.0,
        "_source": {
            "meta": {},
            "winlog": {
                "@xmlns": "http://schemas.microsoft.com/win/2004/08/events/event",
                "System": {
                    "Channel": "Microsoft-Windows-Sysmon/Operational",
                    "Computer": "pc-niubbo.noobville.net",
                    "Correlation": {
                        "@ActivityID": "",
                        "@RelatedActivityID": ""
                    },
                    "EventID": {
                        "#text": "10",
                        "@Qualifiers": ""
                    },
                    "EventRecordID": "344693",
                    "Execution": {
                        "@ProcessID": "2616",
                        "@ThreadID": "4664"
                    },
                    "Keywords": "0x8000000000000000",
                    "Level": "4",
                    "Opcode": "0",
                    "Provider": {
                        "@Guid": "{5770385f-c22a-43e0-bf4c-06f5698ffbd9}",
                        "@Name": "Microsoft-Windows-Sysmon"
                    },
                    "Security": {
                        "@UserID": "S-1-5-18"
                    },
                    "Task": "10",
                    "Version": "3"
                },
                "event_data": {
                    "CallTrace": "C:\\WINDOWS\\SYSTEM32\\ntdll.dll+9c534|C:\\WINDOWS\\System32\\KERNELBASE.dll+2726e|C:\\WINDOWS\\system32\\wbem\\cimwin32.dll+f46e|C:\\WINDOWS\\system32\\wbem\\cimwin32.dll+faf5|C:\\WINDOWS\\SYSTEM32\\framedynos.dll+55a2|C:\\WINDOWS\\SYSTEM32\\framedynos.dll+6d2d|C:\\WINDOWS\\system32\\wbem\\wmiprvse.exe+8ad1|C:\\WINDOWS\\system32\\wbem\\wmiprvse.exe+8753|C:\\WINDOWS\\System32\\RPCRT4.dll+76953|C:\\WINDOWS\\System32\\RPCRT4.dll+1364b|C:\\WINDOWS\\System32\\combase.dll+a2c02|C:\\WINDOWS\\System32\\RPCRT4.dll+59a7b|C:\\WINDOWS\\System32\\combase.dll+2f163|C:\\WINDOWS\\System32\\combase.dll+2ef53|C:\\WINDOWS\\System32\\combase.dll+a5796|C:\\WINDOWS\\System32\\combase.dll+4884a|C:\\WINDOWS\\System32\\combase.dll+a16bd|C:\\WINDOWS\\System32\\combase.dll+5719c|C:\\WINDOWS\\System32\\combase.dll+57a01|C:\\WINDOWS\\System32\\combase.dll+591a8|C:\\WINDOWS\\System32\\RPCRT4.dll+548c8|C:\\WINDOWS\\System32\\RPCRT4.dll+2c921|C:\\WINDOWS\\System32\\RPCRT4.dll+2c470|C:\\WINDOWS\\System32\\RPCRT4.dll+1a6bf",
                    "GrantedAccess": "0x00001410",
                    "RuleName": "None",
                    "SourceImage": "C:\\WINDOWS\\system32\\wbem\\wmiprvse.exe",
                    "SourceProcessGUID": "{b9db5ea0-6977-5ed1-0000-001051000400}",
                    "SourceProcessId": "5016",
                    "SourceThreadId": "4980",
                    "TargetImage": "C:\\WINDOWS\\system32\\lsass.exe",
                    "TargetProcessGUID": "{b9db5ea0-692e-5ed1-0000-0010b19b0000}",
                    "TargetProcessId": "680",
                    "UtcTime": "2020-05-29 20:23:10.972"
                },
                "time_created": "2020-05-29T20:23:10.987038"
            }
        },
        "_type": "_doc"
    },
    {
        "_index": "winlogbeat",
        "_score": 1.0,
        "_source": {
            "meta": {},
            "winlog": {
                "@xmlns": "http://schemas.microsoft.com/win/2004/08/events/event",
                "System": {
                    "Channel": "Microsoft-Windows-PowerShell/Operational",
                    "Computer": "pc-niubbo.noobville.net",
                    "Correlation": {
                        "@ActivityID": "{4811673b-35f3-0001-24cd-1148f335d601}",
                        "@RelatedActivityID": ""
                    },
                    "EventID": {
                        "#text": "4103",
                        "@Qualifiers": ""
                    },
                    "EventRecordID": "3724260",
                    "Execution": {
                        "@ProcessID": "6076",
                        "@ThreadID": "10736"
                    },
                    "Keywords": "0x0000000000000000",
                    "Level": "4",
                    "Opcode": "20",
                    "Provider": {
                        "@Guid": "{a0c1853b-5c40-4b15-8766-3cf1c58f985a}",
                        "@Name": "Microsoft-Windows-PowerShell"
                    },
                    "Security": {
                        "@UserID": "S-1-5-21-4233494930-2381004282-3948590939-1001"
                    },
                    "Task": "106",
                    "Version": "1"
                },
                "event_data": {
                    "ContextInfo": "Severity = Informational\n        Host Name = ConsoleHost\n        Host Version = 5.1.18362.752\n        Host ID = ec1f9bd3-9cb9-407b-b281-94864946226a\n        Host Application = powershell\n        Engine Version = 5.1.18362.752\n        Runspace ID = db7beb30-ad42-4fe8-ad7a-b2a5524f5bb4\n        Pipeline ID = 1389\n        Command Name = \n        Command Type = Script\n        Script Name = \n        Command Path = \n        Sequence Number = 24\n        User = PC-NIUBBO\\Niubbo\n        Connected User = \n        Shell ID = Microsoft.PowerShell",
                    "Payload": "CommandInvocation(Out-Default): \"Out-Default\"",
                    "UserData": "None"
                },
                "time_created": "2020-05-29T20:23:13.925922"
            }
        },
        "_type": "_doc"
    },
    {
        "_index": "winlogbeat",
        "_score": 1.0,
        "_source": {
            "meta": {},
            "winlog": {
                "@xmlns": "http://schemas.microsoft.com/win/2004/08/events/event",
                "System": {
                    "Channel": "Microsoft-Windows-PowerShell/Operational",
                    "Computer": "pc-niubbo.noobville.net",
                    "Correlation": {
                        "@ActivityID": "{4811673b-35f3-0001-28cd-1148f335d601}",
                        "@RelatedActivityID": ""
                    },
                    "EventID": {
                        "#text": "4103",
                        "@Qualifiers": ""
                    },
                    "EventRecordID": "3724261",
                    "Execution": {
                        "@ProcessID": "6076",
                        "@ThreadID": "10736"
                    },
                    "Keywords": "0x0000000000000000",
                    "Level": "4",
                    "Opcode": "20",
                    "Provider": {
                        "@Guid": "{a0c1853b-5c40-4b15-8766-3cf1c58f985a}",
                        "@Name": "Microsoft-Windows-PowerShell"
                    },
                    "Security": {
                        "@UserID": "S-1-5-21-4233494930-2381004282-3948590939-1001"
                    },
                    "Task": "106",
                    "Version": "1"
                },
                "event_data": {
                    "ContextInfo": "Severity = Informational\n        Host Name = ConsoleHost\n        Host Version = 5.1.18362.752\n        Host ID = ec1f9bd3-9cb9-407b-b281-94864946226a\n        Host Application = powershell\n        Engine Version = 5.1.18362.752\n        Runspace ID = db7beb30-ad42-4fe8-ad7a-b2a5524f5bb4\n        Pipeline ID = 1391\n        Command Name = Set-StrictMode\n        Command Type = Cmdlet\n        Script Name = C:\\Program Files\\WindowsPowerShell\\Modules\\PSReadline\\2.0.0\\PSReadLine.psm1\n        Command Path = \n        Sequence Number = 26\n        User = PC-NIUBBO\\Niubbo\n        Connected User = \n        Shell ID = Microsoft.PowerShell",
                    "Payload": "CommandInvocation(Set-StrictMode): \"Set-StrictMode\"\nParameterBinding(Set-StrictMode): name=\"Off\"; value=\"True\"",
                    "UserData": "None"
                },
                "time_created": "2020-05-29T20:23:13.928909"
            }
        },
        "_type": "_doc"
    },
    {
        "_index": "winlogbeat",
        "_score": 1.0,
        "_source": {
            "meta": {},
            "winlog": {
                "@xmlns": "http://schemas.microsoft.com/win/2004/08/events/event",
                "System": {
                    "Channel": "Microsoft-Windows-Sysmon/Operational",
                    "Computer": "pc-niubbo.noobville.net",
                    "Correlation": {
                        "@ActivityID": "",
                        "@RelatedActivityID": ""
                    },
                    "EventID": {
                        "#text": "10",
                        "@Qualifiers": ""
                    },
                    "EventRecordID": "344694",
                    "Execution": {
                        "@ProcessID": "2616",
                        "@ThreadID": "4664"
                    },
                    "Keywords": "0x8000000000000000",
                    "Level": "4",
                    "Opcode": "0",
                    "Provider": {
                        "@Guid": "{5770385f-c22a-43e0-bf4c-06f5698ffbd9}",
                        "@Name": "Microsoft-Windows-Sysmon"
                    },
                    "Security": {
                        "@UserID": "S-1-5-18"
                    },
                    "Task": "10",
                    "Version": "3"
                },
                "event_data": {
                    "CallTrace": "C:\\WINDOWS\\SYSTEM32\\ntdll.dll+9c534|C:\\WINDOWS\\System32\\KERNELBASE.dll+2726e|C:\\WINDOWS\\system32\\wbem\\cimwin32.dll+f46e|C:\\WINDOWS\\system32\\wbem\\cimwin32.dll+faf5|C:\\WINDOWS\\SYSTEM32\\framedynos.dll+55a2|C:\\WINDOWS\\SYSTEM32\\framedynos.dll+6d2d|C:\\WINDOWS\\system32\\wbem\\wmiprvse.exe+8ad1|C:\\WINDOWS\\system32\\wbem\\wmiprvse.exe+8753|C:\\WINDOWS\\System32\\RPCRT4.dll+76953|C:\\WINDOWS\\System32\\RPCRT4.dll+1364b|C:\\WINDOWS\\System32\\combase.dll+a2c02|C:\\WINDOWS\\System32\\RPCRT4.dll+59a7b|C:\\WINDOWS\\System32\\combase.dll+2f163|C:\\WINDOWS\\System32\\combase.dll+2ef53|C:\\WINDOWS\\System32\\combase.dll+a5796|C:\\WINDOWS\\System32\\combase.dll+4884a|C:\\WINDOWS\\System32\\combase.dll+a16bd|C:\\WINDOWS\\System32\\combase.dll+5719c|C:\\WINDOWS\\System32\\combase.dll+57a01|C:\\WINDOWS\\System32\\combase.dll+591a8|C:\\WINDOWS\\System32\\RPCRT4.dll+548c8|C:\\WINDOWS\\System32\\RPCRT4.dll+2c921|C:\\WINDOWS\\System32\\RPCRT4.dll+2c470|C:\\WINDOWS\\System32\\RPCRT4.dll+1a6bf",
                    "GrantedAccess": "0x00001410",
                    "RuleName": "None",
                    "SourceImage": "C:\\WINDOWS\\system32\\wbem\\wmiprvse.exe",
                    "SourceProcessGUID": "{b9db5ea0-6977-5ed1-0000-001051000400}",
                    "SourceProcessId": "5016",
                    "SourceThreadId": "4980",
                    "TargetImage": "C:\\WINDOWS\\system32\\lsass.exe",
                    "TargetProcessGUID": "{b9db5ea0-692e-5ed1-0000-0010b19b0000}",
                    "TargetProcessId": "680",
                    "UtcTime": "2020-05-29 20:23:14.033"
                },
                "time_created": "2020-05-29T20:23:14.072763"
            }
        },
        "_type": "_doc"
    },
    {
        "_index": "winlogbeat",
        "_score": 1.0,
        "_source": {
            "meta": {},
            "winlog": {
                "@xmlns": "http://schemas.microsoft.com/win/2004/08/events/event",
                "System": {
                    "Channel": "Microsoft-Windows-Sysmon/Operational",
                    "Computer": "pc-niubbo.noobville.net",
                    "Correlation": {
                        "@ActivityID": "",
                        "@RelatedActivityID": ""
                    },
                    "EventID": {
                        "#text": "10",
                        "@Qualifiers": ""
                    },
                    "EventRecordID": "344695",
                    "Execution": {
                        "@ProcessID": "2616",
                        "@ThreadID": "4664"
                    },
                    "Keywords": "0x8000000000000000",
                    "Level": "4",
                    "Opcode": "0",
                    "Provider": {
                        "@Guid": "{5770385f-c22a-43e0-bf4c-06f5698ffbd9}",
                        "@Name": "Microsoft-Windows-Sysmon"
                    },
                    "Security": {
                        "@UserID": "S-1-5-18"
                    },
                    "Task": "10",
                    "Version": "3"
                },
                "event_data": {
                    "CallTrace": "C:\\WINDOWS\\SYSTEM32\\ntdll.dll+9c534|C:\\WINDOWS\\System32\\KERNELBASE.dll+2726e|C:\\WINDOWS\\system32\\wbem\\cimwin32.dll+f46e|C:\\WINDOWS\\system32\\wbem\\cimwin32.dll+faf5|C:\\WINDOWS\\SYSTEM32\\framedynos.dll+55a2|C:\\WINDOWS\\SYSTEM32\\framedynos.dll+6d2d|C:\\WINDOWS\\system32\\wbem\\wmiprvse.exe+8ad1|C:\\WINDOWS\\system32\\wbem\\wmiprvse.exe+8753|C:\\WINDOWS\\System32\\RPCRT4.dll+76953|C:\\WINDOWS\\System32\\RPCRT4.dll+1364b|C:\\WINDOWS\\System32\\combase.dll+a2c02|C:\\WINDOWS\\System32\\RPCRT4.dll+59a7b|C:\\WINDOWS\\System32\\combase.dll+2f163|C:\\WINDOWS\\System32\\combase.dll+2ef53|C:\\WINDOWS\\System32\\combase.dll+a5796|C:\\WINDOWS\\System32\\combase.dll+4884a|C:\\WINDOWS\\System32\\combase.dll+a16bd|C:\\WINDOWS\\System32\\combase.dll+5719c|C:\\WINDOWS\\System32\\combase.dll+57a01|C:\\WINDOWS\\System32\\combase.dll+591a8|C:\\WINDOWS\\System32\\RPCRT4.dll+548c8|C:\\WINDOWS\\System32\\RPCRT4.dll+2c921|C:\\WINDOWS\\System32\\RPCRT4.dll+2c470|C:\\WINDOWS\\System32\\RPCRT4.dll+1a6bf",
                    "GrantedAccess": "0x00001410",
                    "RuleName": "None",
                    "SourceImage": "C:\\WINDOWS\\system32\\wbem\\wmiprvse.exe",
                    "SourceProcessGUID": "{b9db5ea0-6977-5ed1-0000-001051000400}",
                    "SourceProcessId": "5016",
                    "SourceThreadId": "4980",
                    "TargetImage": "C:\\WINDOWS\\system32\\lsass.exe",
                    "TargetProcessGUID": "{b9db5ea0-692e-5ed1-0000-0010b19b0000}",
                    "TargetProcessId": "680",
                    "UtcTime": "2020-05-29 20:23:14.111"
                },
                "time_created": "2020-05-29T20:23:14.113316"
            }
        },
        "_type": "_doc"
    },
    {
        "_index": "winlogbeat",
        "_score": 1.0,
        "_source": {
            "meta": {},
            "winlog": {
                "@xmlns": "http://schemas.microsoft.com/win/2004/08/events/event",
                "System": {
                    "Channel": "Microsoft-Windows-Sysmon/Operational",
                    "Computer": "pc-niubbo.noobville.net",
                    "Correlation": {
                        "@ActivityID": "",
                        "@RelatedActivityID": ""
                    },
                    "EventID": {
                        "#text": "10",
                        "@Qualifiers": ""
                    },
                    "EventRecordID": "344696",
                    "Execution": {
                        "@ProcessID": "2616",
                        "@ThreadID": "4664"
                    },
                    "Keywords": "0x8000000000000000",
                    "Level": "4",
                    "Opcode": "0",
                    "Provider": {
                        "@Guid": "{5770385f-c22a-43e0-bf4c-06f5698ffbd9}",
                        "@Name": "Microsoft-Windows-Sysmon"
                    },
                    "Security": {
                        "@UserID": "S-1-5-18"
                    },
                    "Task": "10",
                    "Version": "3"
                },
                "event_data": {
                    "CallTrace": "C:\\WINDOWS\\SYSTEM32\\ntdll.dll+9c534|C:\\WINDOWS\\System32\\KERNELBASE.dll+2726e|C:\\WINDOWS\\system32\\wbem\\cimwin32.dll+f46e|C:\\WINDOWS\\system32\\wbem\\cimwin32.dll+faf5|C:\\WINDOWS\\SYSTEM32\\framedynos.dll+55a2|C:\\WINDOWS\\SYSTEM32\\framedynos.dll+6d2d|C:\\WINDOWS\\system32\\wbem\\wmiprvse.exe+8ad1|C:\\WINDOWS\\system32\\wbem\\wmiprvse.exe+8753|C:\\WINDOWS\\System32\\RPCRT4.dll+76953|C:\\WINDOWS\\System32\\RPCRT4.dll+1364b|C:\\WINDOWS\\System32\\combase.dll+a2c02|C:\\WINDOWS\\System32\\RPCRT4.dll+59a7b|C:\\WINDOWS\\System32\\combase.dll+2f163|C:\\WINDOWS\\System32\\combase.dll+2ef53|C:\\WINDOWS\\System32\\combase.dll+a5796|C:\\WINDOWS\\System32\\combase.dll+4884a|C:\\WINDOWS\\System32\\combase.dll+a16bd|C:\\WINDOWS\\System32\\combase.dll+5719c|C:\\WINDOWS\\System32\\combase.dll+57a01|C:\\WINDOWS\\System32\\combase.dll+591a8|C:\\WINDOWS\\System32\\RPCRT4.dll+548c8|C:\\WINDOWS\\System32\\RPCRT4.dll+2c921|C:\\WINDOWS\\System32\\RPCRT4.dll+2c470|C:\\WINDOWS\\System32\\RPCRT4.dll+1a6bf",
                    "GrantedAccess": "0x00001410",
                    "RuleName": "None",
                    "SourceImage": "C:\\WINDOWS\\system32\\wbem\\wmiprvse.exe",
                    "SourceProcessGUID": "{b9db5ea0-6977-5ed1-0000-001051000400}",
                    "SourceProcessId": "5016",
                    "SourceThreadId": "4980",
                    "TargetImage": "C:\\WINDOWS\\system32\\lsass.exe",
                    "TargetProcessGUID": "{b9db5ea0-692e-5ed1-0000-0010b19b0000}",
                    "TargetProcessId": "680",
                    "UtcTime": "2020-05-29 20:23:17.126"
                },
                "time_created": "2020-05-29T20:23:17.139231"
            }
        },
        "_type": "_doc"
    },
    {
        "_index": "winlogbeat",
        "_score": 1.0,
        "_source": {
            "meta": {},
            "winlog": {
                "@xmlns": "http://schemas.microsoft.com/win/2004/08/events/event",
                "System": {
                    "Channel": "Microsoft-Windows-Sysmon/Operational",
                    "Computer": "pc-niubbo.noobville.net",
                    "Correlation": {
                        "@ActivityID": "",
                        "@RelatedActivityID": ""
                    },
                    "EventID": {
                        "#text": "10",
                        "@Qualifiers": ""
                    },
                    "EventRecordID": "344697",
                    "Execution": {
                        "@ProcessID": "2616",
                        "@ThreadID": "4664"
                    },
                    "Keywords": "0x8000000000000000",
                    "Level": "4",
                    "Opcode": "0",
                    "Provider": {
                        "@Guid": "{5770385f-c22a-43e0-bf4c-06f5698ffbd9}",
                        "@Name": "Microsoft-Windows-Sysmon"
                    },
                    "Security": {
                        "@UserID": "S-1-5-18"
                    },
                    "Task": "10",
                    "Version": "3"
                },
                "event_data": {
                    "CallTrace": "C:\\WINDOWS\\SYSTEM32\\ntdll.dll+9c534|C:\\WINDOWS\\System32\\KERNELBASE.dll+2726e|C:\\WINDOWS\\system32\\wbem\\cimwin32.dll+f46e|C:\\WINDOWS\\system32\\wbem\\cimwin32.dll+faf5|C:\\WINDOWS\\SYSTEM32\\framedynos.dll+55a2|C:\\WINDOWS\\SYSTEM32\\framedynos.dll+6d2d|C:\\WINDOWS\\system32\\wbem\\wmiprvse.exe+8ad1|C:\\WINDOWS\\system32\\wbem\\wmiprvse.exe+8753|C:\\WINDOWS\\System32\\RPCRT4.dll+76953|C:\\WINDOWS\\System32\\RPCRT4.dll+1364b|C:\\WINDOWS\\System32\\combase.dll+a2c02|C:\\WINDOWS\\System32\\RPCRT4.dll+59a7b|C:\\WINDOWS\\System32\\combase.dll+2f163|C:\\WINDOWS\\System32\\combase.dll+2ef53|C:\\WINDOWS\\System32\\combase.dll+a5796|C:\\WINDOWS\\System32\\combase.dll+4884a|C:\\WINDOWS\\System32\\combase.dll+a16bd|C:\\WINDOWS\\System32\\combase.dll+5719c|C:\\WINDOWS\\System32\\combase.dll+57a01|C:\\WINDOWS\\System32\\combase.dll+591a8|C:\\WINDOWS\\System32\\RPCRT4.dll+548c8|C:\\WINDOWS\\System32\\RPCRT4.dll+2c921|C:\\WINDOWS\\System32\\RPCRT4.dll+2c470|C:\\WINDOWS\\System32\\RPCRT4.dll+1a6bf",
                    "GrantedAccess": "0x00001410",
                    "RuleName": "None",
                    "SourceImage": "C:\\WINDOWS\\system32\\wbem\\wmiprvse.exe",
                    "SourceProcessGUID": "{b9db5ea0-6977-5ed1-0000-001051000400}",
                    "SourceProcessId": "5016",
                    "SourceThreadId": "4980",
                    "TargetImage": "C:\\WINDOWS\\system32\\lsass.exe",
                    "TargetProcessGUID": "{b9db5ea0-692e-5ed1-0000-0010b19b0000}",
                    "TargetProcessId": "680",
                    "UtcTime": "2020-05-29 20:23:17.192"
                },
                "time_created": "2020-05-29T20:23:17.198856"
            }
        },
        "_type": "_doc"
    },
    {
        "_index": "winlogbeat",
        "_score": 1.0,
        "_source": {
            "meta": {},
            "winlog": {
                "@xmlns": "http://schemas.microsoft.com/win/2004/08/events/event",
                "System": {
                    "Channel": "Microsoft-Windows-Sysmon/Operational",
                    "Computer": "pc-niubbo.noobville.net",
                    "Correlation": {
                        "@ActivityID": "",
                        "@RelatedActivityID": ""
                    },
                    "EventID": {
                        "#text": "10",
                        "@Qualifiers": ""
                    },
                    "EventRecordID": "344698",
                    "Execution": {
                        "@ProcessID": "2616",
                        "@ThreadID": "4664"
                    },
                    "Keywords": "0x8000000000000000",
                    "Level": "4",
                    "Opcode": "0",
                    "Provider": {
                        "@Guid": "{5770385f-c22a-43e0-bf4c-06f5698ffbd9}",
                        "@Name": "Microsoft-Windows-Sysmon"
                    },
                    "Security": {
                        "@UserID": "S-1-5-18"
                    },
                    "Task": "10",
                    "Version": "3"
                },
                "event_data": {
                    "CallTrace": "C:\\WINDOWS\\SYSTEM32\\ntdll.dll+9c534|C:\\WINDOWS\\System32\\KERNELBASE.dll+2726e|C:\\WINDOWS\\system32\\wbem\\cimwin32.dll+f46e|C:\\WINDOWS\\system32\\wbem\\cimwin32.dll+faf5|C:\\WINDOWS\\SYSTEM32\\framedynos.dll+55a2|C:\\WINDOWS\\SYSTEM32\\framedynos.dll+6d2d|C:\\WINDOWS\\system32\\wbem\\wmiprvse.exe+8ad1|C:\\WINDOWS\\system32\\wbem\\wmiprvse.exe+8753|C:\\WINDOWS\\System32\\RPCRT4.dll+76953|C:\\WINDOWS\\System32\\RPCRT4.dll+1364b|C:\\WINDOWS\\System32\\combase.dll+a2c02|C:\\WINDOWS\\System32\\RPCRT4.dll+59a7b|C:\\WINDOWS\\System32\\combase.dll+2f163|C:\\WINDOWS\\System32\\combase.dll+2ef53|C:\\WINDOWS\\System32\\combase.dll+a5796|C:\\WINDOWS\\System32\\combase.dll+4884a|C:\\WINDOWS\\System32\\combase.dll+a16bd|C:\\WINDOWS\\System32\\combase.dll+5719c|C:\\WINDOWS\\System32\\combase.dll+57a01|C:\\WINDOWS\\System32\\combase.dll+591a8|C:\\WINDOWS\\System32\\RPCRT4.dll+548c8|C:\\WINDOWS\\System32\\RPCRT4.dll+2c921|C:\\WINDOWS\\System32\\RPCRT4.dll+2c470|C:\\WINDOWS\\System32\\RPCRT4.dll+1a6bf",
                    "GrantedAccess": "0x00001410",
                    "RuleName": "None",
                    "SourceImage": "C:\\WINDOWS\\system32\\wbem\\wmiprvse.exe",
                    "SourceProcessGUID": "{b9db5ea0-6977-5ed1-0000-001051000400}",
                    "SourceProcessId": "5016",
                    "SourceThreadId": "4980",
                    "TargetImage": "C:\\WINDOWS\\system32\\lsass.exe",
                    "TargetProcessGUID": "{b9db5ea0-692e-5ed1-0000-0010b19b0000}",
                    "TargetProcessId": "680",
                    "UtcTime": "2020-05-29 20:23:20.250"
                },
                "time_created": "2020-05-29T20:23:20.251572"
            }
        },
        "_type": "_doc"
    },
    {
        "_index": "winlogbeat",
        "_score": 1.0,
        "_source": {
            "meta": {},
            "winlog": {
                "@xmlns": "http://schemas.microsoft.com/win/2004/08/events/event",
                "System": {
                    "Channel": "Microsoft-Windows-Sysmon/Operational",
                    "Computer": "pc-niubbo.noobville.net",
                    "Correlation": {
                        "@ActivityID": "",
                        "@RelatedActivityID": ""
                    },
                    "EventID": {
                        "#text": "10",
                        "@Qualifiers": ""
                    },
                    "EventRecordID": "344699",
                    "Execution": {
                        "@ProcessID": "2616",
                        "@ThreadID": "4664"
                    },
                    "Keywords": "0x8000000000000000",
                    "Level": "4",
                    "Opcode": "0",
                    "Provider": {
                        "@Guid": "{5770385f-c22a-43e0-bf4c-06f5698ffbd9}",
                        "@Name": "Microsoft-Windows-Sysmon"
                    },
                    "Security": {
                        "@UserID": "S-1-5-18"
                    },
                    "Task": "10",
                    "Version": "3"
                },
                "event_data": {
                    "CallTrace": "C:\\WINDOWS\\SYSTEM32\\ntdll.dll+9c534|C:\\WINDOWS\\System32\\KERNELBASE.dll+2726e|C:\\WINDOWS\\system32\\wbem\\cimwin32.dll+f46e|C:\\WINDOWS\\system32\\wbem\\cimwin32.dll+faf5|C:\\WINDOWS\\SYSTEM32\\framedynos.dll+55a2|C:\\WINDOWS\\SYSTEM32\\framedynos.dll+6d2d|C:\\WINDOWS\\system32\\wbem\\wmiprvse.exe+8ad1|C:\\WINDOWS\\system32\\wbem\\wmiprvse.exe+8753|C:\\WINDOWS\\System32\\RPCRT4.dll+76953|C:\\WINDOWS\\System32\\RPCRT4.dll+1364b|C:\\WINDOWS\\System32\\combase.dll+a2c02|C:\\WINDOWS\\System32\\RPCRT4.dll+59a7b|C:\\WINDOWS\\System32\\combase.dll+2f163|C:\\WINDOWS\\System32\\combase.dll+2ef53|C:\\WINDOWS\\System32\\combase.dll+a5796|C:\\WINDOWS\\System32\\combase.dll+4884a|C:\\WINDOWS\\System32\\combase.dll+a16bd|C:\\WINDOWS\\System32\\combase.dll+5719c|C:\\WINDOWS\\System32\\combase.dll+57a01|C:\\WINDOWS\\System32\\combase.dll+591a8|C:\\WINDOWS\\System32\\RPCRT4.dll+548c8|C:\\WINDOWS\\System32\\RPCRT4.dll+2c921|C:\\WINDOWS\\System32\\RPCRT4.dll+2c470|C:\\WINDOWS\\System32\\RPCRT4.dll+1a6bf",
                    "GrantedAccess": "0x00001410",
                    "RuleName": "None",
                    "SourceImage": "C:\\WINDOWS\\system32\\wbem\\wmiprvse.exe",
                    "SourceProcessGUID": "{b9db5ea0-6977-5ed1-0000-001051000400}",
                    "SourceProcessId": "5016",
                    "SourceThreadId": "4980",
                    "TargetImage": "C:\\WINDOWS\\system32\\lsass.exe",
                    "TargetProcessGUID": "{b9db5ea0-692e-5ed1-0000-0010b19b0000}",
                    "TargetProcessId": "680",
                    "UtcTime": "2020-05-29 20:23:20.296"
                },
                "time_created": "2020-05-29T20:23:20.300234"
            }
        },
        "_type": "_doc"
    },
    {
        "_index": "winlogbeat",
        "_score": 1.0,
        "_source": {
            "meta": {},
            "winlog": {
                "@xmlns": "http://schemas.microsoft.com/win/2004/08/events/event",
                "System": {
                    "Channel": "Microsoft-Windows-PowerShell/Operational",
                    "Computer": "pc-niubbo.noobville.net",
                    "Correlation": {
                        "@ActivityID": "{4811673b-35f3-0001-ddcd-1148f335d601}",
                        "@RelatedActivityID": ""
                    },
                    "EventID": {
                        "#text": "4103",
                        "@Qualifiers": ""
                    },
                    "EventRecordID": "3724262",
                    "Execution": {
                        "@ProcessID": "6076",
                        "@ThreadID": "10736"
                    },
                    "Keywords": "0x0000000000000000",
                    "Level": "4",
                    "Opcode": "20",
                    "Provider": {
                        "@Guid": "{a0c1853b-5c40-4b15-8766-3cf1c58f985a}",
                        "@Name": "Microsoft-Windows-PowerShell"
                    },
                    "Security": {
                        "@UserID": "S-1-5-21-4233494930-2381004282-3948590939-1001"
                    },
                    "Task": "106",
                    "Version": "1"
                },
                "event_data": {
                    "ContextInfo": "Severity = Informational\n        Host Name = ConsoleHost\n        Host Version = 5.1.18362.752\n        Host ID = ec1f9bd3-9cb9-407b-b281-94864946226a\n        Host Application = powershell\n        Engine Version = 5.1.18362.752\n        Runspace ID = db7beb30-ad42-4fe8-ad7a-b2a5524f5bb4\n        Pipeline ID = 1392\n        Command Name = Join-Path\n        Command Type = Cmdlet\n        Script Name = \n        Command Path = \n        Sequence Number = 28\n        User = PC-NIUBBO\\Niubbo\n        Connected User = \n        Shell ID = Microsoft.PowerShell",
                    "Payload": "CommandInvocation(Join-Path): \"Join-Path\"\nParameterBinding(Join-Path): name=\"Path\"; value=\"C:\\Program Files\\Mozilla Firefox\"\nParameterBinding(Join-Path): name=\"ChildPath\"; value=\"nss3.dll\"",
                    "UserData": "None"
                },
                "time_created": "2020-05-29T20:23:22.113512"
            }
        },
        "_type": "_doc"
    },
    {
        "_index": "winlogbeat",
        "_score": 1.0,
        "_source": {
            "meta": {},
            "winlog": {
                "@xmlns": "http://schemas.microsoft.com/win/2004/08/events/event",
                "System": {
                    "Channel": "Microsoft-Windows-PowerShell/Operational",
                    "Computer": "pc-niubbo.noobville.net",
                    "Correlation": {
                        "@ActivityID": "{4811673b-35f3-0001-decd-1148f335d601}",
                        "@RelatedActivityID": ""
                    },
                    "EventID": {
                        "#text": "4103",
                        "@Qualifiers": ""
                    },
                    "EventRecordID": "3724263",
                    "Execution": {
                        "@ProcessID": "6076",
                        "@ThreadID": "10736"
                    },
                    "Keywords": "0x0000000000000000",
                    "Level": "4",
                    "Opcode": "20",
                    "Provider": {
                        "@Guid": "{a0c1853b-5c40-4b15-8766-3cf1c58f985a}",
                        "@Name": "Microsoft-Windows-PowerShell"
                    },
                    "Security": {
                        "@UserID": "S-1-5-21-4233494930-2381004282-3948590939-1001"
                    },
                    "Task": "106",
                    "Version": "1"
                },
                "event_data": {
                    "ContextInfo": "Severity = Informational\n        Host Name = ConsoleHost\n        Host Version = 5.1.18362.752\n        Host ID = ec1f9bd3-9cb9-407b-b281-94864946226a\n        Host Application = powershell\n        Engine Version = 5.1.18362.752\n        Runspace ID = db7beb30-ad42-4fe8-ad7a-b2a5524f5bb4\n        Pipeline ID = 1392\n        Command Name = Add-Type\n        Command Type = Cmdlet\n        Script Name = \n        Command Path = \n        Sequence Number = 30\n        User = PC-NIUBBO\\Niubbo\n        Connected User = \n        Shell ID = Microsoft.PowerShell",
                    "Payload": "CommandInvocation(Add-Type): \"Add-Type\"\nParameterBinding(Add-Type): name=\"AssemblyName\"; value=\"System.web.extensions\"",
                    "UserData": "None"
                },
                "time_created": "2020-05-29T20:23:22.127377"
            }
        },
        "_type": "_doc"
    },
    {
        "_index": "winlogbeat",
        "_score": 1.0,
        "_source": {
            "meta": {},
            "winlog": {
                "@xmlns": "http://schemas.microsoft.com/win/2004/08/events/event",
                "System": {
                    "Channel": "Microsoft-Windows-PowerShell/Operational",
                    "Computer": "pc-niubbo.noobville.net",
                    "Correlation": {
                        "@ActivityID": "{4811673b-35f3-0001-dfcd-1148f335d601}",
                        "@RelatedActivityID": ""
                    },
                    "EventID": {
                        "#text": "4103",
                        "@Qualifiers": ""
                    },
                    "EventRecordID": "3724264",
                    "Execution": {
                        "@ProcessID": "6076",
                        "@ThreadID": "10736"
                    },
                    "Keywords": "0x0000000000000000",
                    "Level": "4",
                    "Opcode": "20",
                    "Provider": {
                        "@Guid": "{a0c1853b-5c40-4b15-8766-3cf1c58f985a}",
                        "@Name": "Microsoft-Windows-PowerShell"
                    },
                    "Security": {
                        "@UserID": "S-1-5-21-4233494930-2381004282-3948590939-1001"
                    },
                    "Task": "106",
                    "Version": "1"
                },
                "event_data": {
                    "ContextInfo": "Severity = Informational\n        Host Name = ConsoleHost\n        Host Version = 5.1.18362.752\n        Host ID = ec1f9bd3-9cb9-407b-b281-94864946226a\n        Host Application = powershell\n        Engine Version = 5.1.18362.752\n        Runspace ID = db7beb30-ad42-4fe8-ad7a-b2a5524f5bb4\n        Pipeline ID = 1392\n        Command Name = New-Object\n        Command Type = Cmdlet\n        Script Name = \n        Command Path = \n        Sequence Number = 32\n        User = PC-NIUBBO\\Niubbo\n        Connected User = \n        Shell ID = Microsoft.PowerShell",
                    "Payload": "CommandInvocation(New-Object): \"New-Object\"\nParameterBinding(New-Object): name=\"TypeName\"; value=\"System.CodeDom.Compiler.CompilerParameters\"",
                    "UserData": "None"
                },
                "time_created": "2020-05-29T20:23:22.129877"
            }
        },
        "_type": "_doc"
    },
    {
        "_index": "winlogbeat",
        "_score": 1.0,
        "_source": {
            "meta": {},
            "winlog": {
                "@xmlns": "http://schemas.microsoft.com/win/2004/08/events/event",
                "System": {
                    "Channel": "Microsoft-Windows-Sysmon/Operational",
                    "Computer": "pc-niubbo.noobville.net",
                    "Correlation": {
                        "@ActivityID": "",
                        "@RelatedActivityID": ""
                    },
                    "EventID": {
                        "#text": "12",
                        "@Qualifiers": ""
                    },
                    "EventRecordID": "344700",
                    "Execution": {
                        "@ProcessID": "2616",
                        "@ThreadID": "4664"
                    },
                    "Keywords": "0x8000000000000000",
                    "Level": "4",
                    "Opcode": "0",
                    "Provider": {
                        "@Guid": "{5770385f-c22a-43e0-bf4c-06f5698ffbd9}",
                        "@Name": "Microsoft-Windows-Sysmon"
                    },
                    "Security": {
                        "@UserID": "S-1-5-18"
                    },
                    "Task": "12",
                    "Version": "2"
                },
                "event_data": {
                    "EventType": "CreateKey",
                    "Image": "C:\\WINDOWS\\Explorer.EXE",
                    "ProcessGuid": "{b9db5ea0-6d86-5ed1-0000-0010ae842900}",
                    "ProcessId": "8544",
                    "RuleName": "None",
                    "TargetObject": "HKU\\S-1-5-21-4233494930-2381004282-3948590939-500\\Software\\Microsoft\\Windows\\CurrentVersion\\Explorer\\FileExts\\.aif",
                    "UtcTime": "2020-05-29 20:23:22.780"
                },
                "time_created": "2020-05-29T20:23:22.786987"
            }
        },
        "_type": "_doc"
    },
